CLIENT_HANDSHAKE_TRAFFIC_SECRET 83ad47e533a4f66da0c3f48a66f13a863aeb2569e25dcd9d95f33a7e86a8f5d9 392e189d1b53759871f552b248335bf1a7e3aa4ef5f330c66714a76ec34eac6f
SERVER_HANDSHAKE_TRAFFIC_SECRET 83ad47e533a4f66da0c3f48a66f13a863aeb2569e25dcd9d95f33a7e86a8f5d9 79e0f99efa752bcd3b6ca1cfcc5e1f7acc1236a1ed8c585a9b9792c63d88d2bf
CLIENT_HANDSHAKE_TRAFFIC_SECRET 3791d24a3e8651e4eddbf6745d2fd126365905f27ab89bd34efd962debab42d3 d74fd0bf8f8f88502bf49631aa08f38d858557978b4668b7234cec7b90e82354
SERVER_HANDSHAKE_TRAFFIC_SECRET 3791d24a3e8651e4eddbf6745d2fd126365905f27ab89bd34efd962debab42d3 c79b961a7f6a686a2a9373840656891697d359215c5c1e693edf4216dcdda51b
CLIENT_TRAFFIC_SECRET_0 83ad47e533a4f66da0c3f48a66f13a863aeb2569e25dcd9d95f33a7e86a8f5d9 e70d3721753ddd3c617069ce26fb6d0129130b92df50a0316747ce3be3ec7743
SERVER_TRAFFIC_SECRET_0 83ad47e533a4f66da0c3f48a66f13a863aeb2569e25dcd9d95f33a7e86a8f5d9 83cdfddde6ab1976a7c9efae8f9c53e7c9a71269ef0658cac8fb47fb5b934f0a
EXPORTER_SECRET 83ad47e533a4f66da0c3f48a66f13a863aeb2569e25dcd9d95f33a7e86a8f5d9 4f76d21147d32c5d2e4249ab738e3828851e7d68ea1b09bec94154193b8ab61b
CLIENT_TRAFFIC_SECRET_0 3791d24a3e8651e4eddbf6745d2fd126365905f27ab89bd34efd962debab42d3 f54d382d17bd5b09266779ad72ea55e12334a0a1bbdccd7468d4a75ddd9b1bd0
SERVER_TRAFFIC_SECRET_0 3791d24a3e8651e4eddbf6745d2fd126365905f27ab89bd34efd962debab42d3 1e73debed2c8b1feb12834cc7406209e6de391b4d6ae187f7cc436a6eb4b28c4
EXPORTER_SECRET 3791d24a3e8651e4eddbf6745d2fd126365905f27ab89bd34efd962debab42d3 f60d4d33a2be4101b1baae98b0da30ed98cdf2e9052c0042e788cf59410a0176
CLIENT_HANDSHAKE_TRAFFIC_SECRET fcfd01ede89c8f970baba50154bc4c5421bfba5776b4801bda9a1007ab9b8e44 2fe69640501f81540c2e410483a136c19bbfe5360fa072474f94fc323f11b581
SERVER_HANDSHAKE_TRAFFIC_SECRET fcfd01ede89c8f970baba50154bc4c5421bfba5776b4801bda9a1007ab9b8e44 1e5c1ac2645f4e610f8b71dc288254a0d7ac803574034db2be522a2f08f947ea
CLIENT_TRAFFIC_SECRET_0 fcfd01ede89c8f970baba50154bc4c5421bfba5776b4801bda9a1007ab9b8e44 58ab458f24e9e8742cb51b5a826fa4da64f5886990ed89ff76e51ffd0d88cdaf
SERVER_TRAFFIC_SECRET_0 fcfd01ede89c8f970baba50154bc4c5421bfba5776b4801bda9a1007ab9b8e44 6e85f542ec5c34096b14e870d0241a14d219be4a4a174b3326f59393d394dce0
EXPORTER_SECRET fcfd01ede89c8f970baba50154bc4c5421bfba5776b4801bda9a1007ab9b8e44 7418481835738be2cbcd60f1374b7d298f1068449fcbb58ba0487e32c618657f
CLIENT_HANDSHAKE_TRAFFIC_SECRET 31aede78abd81f83cc627f9c65275c9fd4712ffcd28da869780464e90ae96bb7 1e722b672373c2dfe9f3c675b78e9a70b5277831818c3616c845b3486e91c86c
SERVER_HANDSHAKE_TRAFFIC_SECRET 31aede78abd81f83cc627f9c65275c9fd4712ffcd28da869780464e90ae96bb7 6bcc785b9a8e968ed408d379167d18bebeef977c90a01dad3da011931a14cb64
CLIENT_TRAFFIC_SECRET_0 31aede78abd81f83cc627f9c65275c9fd4712ffcd28da869780464e90ae96bb7 5ffaa970053f5a9164954763644f9c205273d7b944a33aace4910c90fb65a4bb
SERVER_TRAFFIC_SECRET_0 31aede78abd81f83cc627f9c65275c9fd4712ffcd28da869780464e90ae96bb7 5b04f2221d8ea42ef9013306911f71727c75d077f60332b41237958c271f34ac
EXPORTER_SECRET 31aede78abd81f83cc627f9c65275c9fd4712ffcd28da869780464e90ae96bb7 f2569b68e2c9b02b23feb902f355bc13b7828fdd0580567d933da02e38f9c8dd
CLIENT_HANDSHAKE_TRAFFIC_SECRET d7759c48c1114d44f85ed74ed0b40b8ec99e3b64762bdeb8418c66e3a615537e 8e19cfcde76fee0cd51e94d65408b965a1547239607eb8fe0f8c809232db25dd
SERVER_HANDSHAKE_TRAFFIC_SECRET d7759c48c1114d44f85ed74ed0b40b8ec99e3b64762bdeb8418c66e3a615537e 23b9b99ae137a99b756944c345b933bacc04db19dc71992c34171e980996c8d0
CLIENT_TRAFFIC_SECRET_0 d7759c48c1114d44f85ed74ed0b40b8ec99e3b64762bdeb8418c66e3a615537e 260f3b04cbceb0d8e62f3f66f8b1505f894ab37bbcb3339e5c04e17565258691
SERVER_TRAFFIC_SECRET_0 d7759c48c1114d44f85ed74ed0b40b8ec99e3b64762bdeb8418c66e3a615537e a915168c2d25101fb12ddec013481842e661c37a58e72bf92f573c589640d6d0
EXPORTER_SECRET d7759c48c1114d44f85ed74ed0b40b8ec99e3b64762bdeb8418c66e3a615537e 84c9bb9ac7b9fb006f7a74e160c31cc8ae3539a6709f4ebb0b2417da22347190
CLIENT_HANDSHAKE_TRAFFIC_SECRET fec97e6ba5e0319d31623855505ba7460c903d3ad0ec44382ed83d823450b978 a40ee909f65421bd698a8b0f6ce908297c0518f6abd582da297cdbf7b674d412
SERVER_HANDSHAKE_TRAFFIC_SECRET fec97e6ba5e0319d31623855505ba7460c903d3ad0ec44382ed83d823450b978 2a512a666b69ec43c0515c3f7e7c106b14275833735123d2a9740947a5de40d2
CLIENT_TRAFFIC_SECRET_0 fec97e6ba5e0319d31623855505ba7460c903d3ad0ec44382ed83d823450b978 db5a572d872875005433d5a7b7f0e1a1c3275e6ce2cb0f137224dae20cc7682a
SERVER_TRAFFIC_SECRET_0 fec97e6ba5e0319d31623855505ba7460c903d3ad0ec44382ed83d823450b978 184d2c91917344aeb5c4eb14758eae4f8f76be9209974a85804b41660fa9b674
EXPORTER_SECRET fec97e6ba5e0319d31623855505ba7460c903d3ad0ec44382ed83d823450b978 246c695a09d624ad076ab8f8d96b91869a3b0535c69c2497485e07cd071b8e12
CLIENT_HANDSHAKE_TRAFFIC_SECRET 8f277542cad01119918bba4dee69e2b90ef0791a7225c11a6f24c9dde5f4f797 1932bc2150edcce51840bfc4caa5014e95a8a5b3022a7eae4f23d88b0fbe63b0
SERVER_HANDSHAKE_TRAFFIC_SECRET 8f277542cad01119918bba4dee69e2b90ef0791a7225c11a6f24c9dde5f4f797 1011ab146a6c8df159c91eef9ede0c52732530a5913844d35604188daabd2404
CLIENT_TRAFFIC_SECRET_0 8f277542cad01119918bba4dee69e2b90ef0791a7225c11a6f24c9dde5f4f797 217ed5e9b5adbe4ee283a38938e72c5f61010551bae39cef16f9fd9f62e35db3
SERVER_TRAFFIC_SECRET_0 8f277542cad01119918bba4dee69e2b90ef0791a7225c11a6f24c9dde5f4f797 540c51783dde1bbe50a2f01110a769ab85c610f5e828bf3db2720f01d3cfbbcb
EXPORTER_SECRET 8f277542cad01119918bba4dee69e2b90ef0791a7225c11a6f24c9dde5f4f797 9467e505c68150e3a5fe9850afaba5fd6810664313cbd1f27c5e272725cd43d5
CLIENT_HANDSHAKE_TRAFFIC_SECRET 44a541de7a56414e86f0400e7a139ba67186b926e147814ab838aabc0d84b03d a25e4990434e234f2c417c6d573d4b527b80bdc0c8b53be1d22c2f8243fafb61
SERVER_HANDSHAKE_TRAFFIC_SECRET 44a541de7a56414e86f0400e7a139ba67186b926e147814ab838aabc0d84b03d 0af5805f8c45c2f5ad3514c62eabc5adcd13f672bc97b14caf3f672dc2866dbd
CLIENT_TRAFFIC_SECRET_0 44a541de7a56414e86f0400e7a139ba67186b926e147814ab838aabc0d84b03d ca842a5727bf70a95a0ca0e5641fbba32d23773a0b8dc36d079904d82a6d7c7a
SERVER_TRAFFIC_SECRET_0 44a541de7a56414e86f0400e7a139ba67186b926e147814ab838aabc0d84b03d ab2288c17bbc62562215f9419e3089c68d07c5805e0ef929a54d2ca9508da72d
EXPORTER_SECRET 44a541de7a56414e86f0400e7a139ba67186b926e147814ab838aabc0d84b03d 818a9bf797fe6d2dae8411dcbeacf022f2e9692823d52ca4ffe3f3a15b5fb6aa
CLIENT_HANDSHAKE_TRAFFIC_SECRET 4d6b8c8107b3ae8f53464ee86eea4fdd2f1793576747b58fb92dd88cac1a7c13 5c218c076367e174bf5f7ea9d5c598b2b646ee5644e33a09e8a0f636aef8e9fc
SERVER_HANDSHAKE_TRAFFIC_SECRET 4d6b8c8107b3ae8f53464ee86eea4fdd2f1793576747b58fb92dd88cac1a7c13 f42f67bf978abc502b3c782d70e2c252e6e8a283d0a4409f2188e4178653e37d
CLIENT_TRAFFIC_SECRET_0 4d6b8c8107b3ae8f53464ee86eea4fdd2f1793576747b58fb92dd88cac1a7c13 d165ca215a791b787417b7bdeaff5dd536c6bd6174be3788c3800baafe564149
SERVER_TRAFFIC_SECRET_0 4d6b8c8107b3ae8f53464ee86eea4fdd2f1793576747b58fb92dd88cac1a7c13 016953689c65a9e1c41f86a477f16e959d740a6796482d8cc2bddd09a9fc0370
EXPORTER_SECRET 4d6b8c8107b3ae8f53464ee86eea4fdd2f1793576747b58fb92dd88cac1a7c13 3dfbc598de712495c54b79e20335995d265043192e4907e8b7974d5e63d6c2eb
CLIENT_HANDSHAKE_TRAFFIC_SECRET 201409cc654c0c93db01380c5174fd25334fa7ad17cbe9f764670b138014e1f0 9fc2496a187ea1ad0989a5d1eccab048abcf74cffb49c9bfa47e00a1d947b919
SERVER_HANDSHAKE_TRAFFIC_SECRET 201409cc654c0c93db01380c5174fd25334fa7ad17cbe9f764670b138014e1f0 7a5b4822fcf84422afc27ab78c11e38e08d2a5bbb049e6d9469f97b7a3a11139
CLIENT_HANDSHAKE_TRAFFIC_SECRET eccbdad56c2988de51309be814d8cf0a3d266f91a068b3bc744b6c653cff7d29 fc6e310ed3170abfb0f4e9e53bb034782ae5b698d86315cd60d9f5f262b6c8fb
SERVER_HANDSHAKE_TRAFFIC_SECRET eccbdad56c2988de51309be814d8cf0a3d266f91a068b3bc744b6c653cff7d29 72a64a89db3d9fe6b5195f440d250f36bef7828c21ab29a61a68d7f74ccc805a
CLIENT_TRAFFIC_SECRET_0 201409cc654c0c93db01380c5174fd25334fa7ad17cbe9f764670b138014e1f0 d015465a73ebc13b4b6074ad07c0e0b22522e8e54c169d7ad6e54a3af60e4475
SERVER_TRAFFIC_SECRET_0 201409cc654c0c93db01380c5174fd25334fa7ad17cbe9f764670b138014e1f0 cf46938edbf6c79619346a18119b1f035afc1b07eebac4b2d3fda7a8a6c20c2f
EXPORTER_SECRET 201409cc654c0c93db01380c5174fd25334fa7ad17cbe9f764670b138014e1f0 f4371341b615e6c87032d6b1e0ea15a2236c7ab098dc01a255d0836e4d264805
CLIENT_TRAFFIC_SECRET_0 eccbdad56c2988de51309be814d8cf0a3d266f91a068b3bc744b6c653cff7d29 bc9585d945ed7037517813400d52cd23c02f78fdb43b571238b281444e2c3365
SERVER_TRAFFIC_SECRET_0 eccbdad56c2988de51309be814d8cf0a3d266f91a068b3bc744b6c653cff7d29 540e6c20f866d1644b5fc6389113877e5f9090ba2209cfcfd5db650ed0907cca
EXPORTER_SECRET eccbdad56c2988de51309be814d8cf0a3d266f91a068b3bc744b6c653cff7d29 7e6b3e581075dfb8fcaf83d6d6ca63e046d077d7fb5f07617ddd23937891295c
CLIENT_HANDSHAKE_TRAFFIC_SECRET 1592a6e91f2ef37c87bda6179cc8df217df00c3763806eea74a7763aeb5d0c25 02829d46887b70b26cc1ce4000a0687375ae4586dccfb0ff90d5b8b0bbe6a32b
SERVER_HANDSHAKE_TRAFFIC_SECRET 1592a6e91f2ef37c87bda6179cc8df217df00c3763806eea74a7763aeb5d0c25 3d06e89ec306f801f34ae8b087e8605da81f71a8cab74868ec2f1df40f2add6f
CLIENT_TRAFFIC_SECRET_0 1592a6e91f2ef37c87bda6179cc8df217df00c3763806eea74a7763aeb5d0c25 7eac570128fb773926a5f72179de6b2ff9886972348c02c5002bc888b56d84cc
SERVER_TRAFFIC_SECRET_0 1592a6e91f2ef37c87bda6179cc8df217df00c3763806eea74a7763aeb5d0c25 33dd909ac64798d41917a1deb52e7324431eb521cc194ea676ff9a3485c839fc
EXPORTER_SECRET 1592a6e91f2ef37c87bda6179cc8df217df00c3763806eea74a7763aeb5d0c25 6c690664eef202d1091ff6127bc76b3dec2b47f480d37f63c9501c1521e13361
CLIENT_HANDSHAKE_TRAFFIC_SECRET e12ee90a01a035f47b86729ca70aef12571b7972879b98820d412ec800e0e19b 600ab75f9e9218a02fd6cfcb732920f5e3136e18a52b14029531fbefffc0a64a
SERVER_HANDSHAKE_TRAFFIC_SECRET e12ee90a01a035f47b86729ca70aef12571b7972879b98820d412ec800e0e19b c7737eef37a070156634a1683a989b5e86df1d4a44e6ff6509a130054ddec758
CLIENT_TRAFFIC_SECRET_0 e12ee90a01a035f47b86729ca70aef12571b7972879b98820d412ec800e0e19b 228ddb3eaf00fb775dc366074d32763ba60cbd2c8244d5a30a50de23a31fef0b
SERVER_TRAFFIC_SECRET_0 e12ee90a01a035f47b86729ca70aef12571b7972879b98820d412ec800e0e19b bf05d4bd86f3bb2a18a673c9aa691c8f56c35ccc665a76d51f717dcf8eba9e05
EXPORTER_SECRET e12ee90a01a035f47b86729ca70aef12571b7972879b98820d412ec800e0e19b e4914e190cc37dedb623caf4953bab7c66fdd38d2bda96e3c84c9d6cdf8c23a6
CLIENT_HANDSHAKE_TRAFFIC_SECRET bdef5fda2de889e6ec68a1b1bd8d7faa43e2f26fc22c18a64e234cd7178132b2 87d38ec1ab3229375fb95905569f2f363528552432692b836a7b926065f806c6
SERVER_HANDSHAKE_TRAFFIC_SECRET bdef5fda2de889e6ec68a1b1bd8d7faa43e2f26fc22c18a64e234cd7178132b2 7f03cdca31bcb4e0e8abe23707de927d3b544f8c26e5203fca7f7c9e796457e1
CLIENT_TRAFFIC_SECRET_0 bdef5fda2de889e6ec68a1b1bd8d7faa43e2f26fc22c18a64e234cd7178132b2 8789c9271f2b040b063a4a8d095ba2450f56a4f79ed58340e1019f65ba1869e0
SERVER_TRAFFIC_SECRET_0 bdef5fda2de889e6ec68a1b1bd8d7faa43e2f26fc22c18a64e234cd7178132b2 39e3b3d09f077444f9fc67153cf414ae1cfead85d18481487540f813d9163a51
EXPORTER_SECRET bdef5fda2de889e6ec68a1b1bd8d7faa43e2f26fc22c18a64e234cd7178132b2 e9ca8586068db68724c85d35bfaee75b66620950790dfb1670aa9876015d02b7
CLIENT_HANDSHAKE_TRAFFIC_SECRET 740ecf244cb5563b99aefbcd93abde47e33dfa364d36ed5ca636d0fa5c74ce2d 71162f77c8b4bd11906f761c7c85f44bba175219d70e396a27de33f4c929ed2d
SERVER_HANDSHAKE_TRAFFIC_SECRET 740ecf244cb5563b99aefbcd93abde47e33dfa364d36ed5ca636d0fa5c74ce2d edbe956f507b672c32b275a3ac1822b419888e2f988b50ea3914745f69d51da5
CLIENT_TRAFFIC_SECRET_0 740ecf244cb5563b99aefbcd93abde47e33dfa364d36ed5ca636d0fa5c74ce2d 5f35b4d86f9f3ddc9f5e1228d6bc4c3841183c23a3f6c8333822ab6c587b9107
SERVER_TRAFFIC_SECRET_0 740ecf244cb5563b99aefbcd93abde47e33dfa364d36ed5ca636d0fa5c74ce2d 4e4520584d13d110e3b964f3c00a17c0e1477cacd2bef2fa64229d15ee5fa253
EXPORTER_SECRET 740ecf244cb5563b99aefbcd93abde47e33dfa364d36ed5ca636d0fa5c74ce2d cf29d4f5aaf1ca07737504559e2309faec63dfb20c773acccbd0800f373586ca
CLIENT_HANDSHAKE_TRAFFIC_SECRET 242270905596119c4745794082a3d769fabc15d2ac7ac8ae4eaf1fdafd39e303 6fe546e3a766807e63b5e754456d4f6a25572b2cfdb00eb571a8107a60c279ef
SERVER_HANDSHAKE_TRAFFIC_SECRET 242270905596119c4745794082a3d769fabc15d2ac7ac8ae4eaf1fdafd39e303 7312abd7ac2f5adbfb408ee8a53af9c0072964ceddc08b266ed0a470c9e773b8
CLIENT_TRAFFIC_SECRET_0 242270905596119c4745794082a3d769fabc15d2ac7ac8ae4eaf1fdafd39e303 360a6f4a0886e1d2084b283005fda4e6cd156214d23a9f94fd46a4fdfa01f042
SERVER_TRAFFIC_SECRET_0 242270905596119c4745794082a3d769fabc15d2ac7ac8ae4eaf1fdafd39e303 e6039c02b5bf98fc0ee4cef820d52490915813f2a4ed5dfc7864778b0c02612b
EXPORTER_SECRET 242270905596119c4745794082a3d769fabc15d2ac7ac8ae4eaf1fdafd39e303 3400e7aa6f19754485005cf46e2771e34ad0b9e83856c05478ce4e7d1e555152
CLIENT_HANDSHAKE_TRAFFIC_SECRET e835516961e9c88d1d365886fd2c3167898fe85cf491c2aace7f97d6a7b66a46 6ab6ae63423b50750ad57b68dceeb02926292944ee0fb91bdf311500f5ce28c1
SERVER_HANDSHAKE_TRAFFIC_SECRET e835516961e9c88d1d365886fd2c3167898fe85cf491c2aace7f97d6a7b66a46 2d327363cfe931ef988d5364cb7d1ef44c24214fbc6a2f1b09b87708f05376a7
CLIENT_TRAFFIC_SECRET_0 e835516961e9c88d1d365886fd2c3167898fe85cf491c2aace7f97d6a7b66a46 21d96a17ac10f8197cd22f37cf3f5c95c75b6e4977cdd7e75e0f68fb0569b0c8
SERVER_TRAFFIC_SECRET_0 e835516961e9c88d1d365886fd2c3167898fe85cf491c2aace7f97d6a7b66a46 4d6076bf19f25a4d4a4df71a07003994e6f383854e0fedafac48cbfc7dbae8a4
EXPORTER_SECRET e835516961e9c88d1d365886fd2c3167898fe85cf491c2aace7f97d6a7b66a46 1c1c3c3763d5759a54ebfb59a7f0448bf2b8f5143d57ae7660a5f21d975d41e2
CLIENT_EARLY_TRAFFIC_SECRET f32a7ed03f00f2c7c4af06a1cef826b1316cefe714985164dde2b3f7191ad853 c042f82f4f6fb613f4598a44835854f3f46e929c81f27adcb8ee67a477573d13
CLIENT_HANDSHAKE_TRAFFIC_SECRET f32a7ed03f00f2c7c4af06a1cef826b1316cefe714985164dde2b3f7191ad853 f8722ab918c97181dbbccbe4abb1b9c19101cc00a859609a15b6ac0f4d87cf29
SERVER_HANDSHAKE_TRAFFIC_SECRET f32a7ed03f00f2c7c4af06a1cef826b1316cefe714985164dde2b3f7191ad853 96f567c122c4b944cdc2185beb0867897f6619d6157035ec7f35217adeeaa99c
CLIENT_TRAFFIC_SECRET_0 f32a7ed03f00f2c7c4af06a1cef826b1316cefe714985164dde2b3f7191ad853 44e6a0c65d8a7fe170ede0e72a20f1e4f500b9b7beb01c2d4018ad2a320d2208
SERVER_TRAFFIC_SECRET_0 f32a7ed03f00f2c7c4af06a1cef826b1316cefe714985164dde2b3f7191ad853 feabfc4c0a40e01e8ae10f5ee1e7209b92128137ffb8d8a10103a7836a2eb5b5
EXPORTER_SECRET f32a7ed03f00f2c7c4af06a1cef826b1316cefe714985164dde2b3f7191ad853 4c3bf213c747ec37ae3c2868dabff432b19529607a562c7f58828f5f4cd17f91
CLIENT_EARLY_TRAFFIC_SECRET 55e86dd7a46543b1f240899eb7f87e2f0291d3e2e2fe56438380a4d8e4888aed aaaa964e9aa5d9e993af83b2f65836f7a163dacccc35674ea2e6f4841bf0b92a
CLIENT_HANDSHAKE_TRAFFIC_SECRET 55e86dd7a46543b1f240899eb7f87e2f0291d3e2e2fe56438380a4d8e4888aed e33c2bdc7d5311278483d3c3f326fc9296518fe9a33d8a04757765aed1530d67
SERVER_HANDSHAKE_TRAFFIC_SECRET 55e86dd7a46543b1f240899eb7f87e2f0291d3e2e2fe56438380a4d8e4888aed e93296ad39fd0f00c11b34f020f5116b1711665503354ff00c53e208de7b9f13
CLIENT_TRAFFIC_SECRET_0 55e86dd7a46543b1f240899eb7f87e2f0291d3e2e2fe56438380a4d8e4888aed 52a0684fc9cd01a73bfd1f20bacf9a790e1bcf0f40b6e6fb0cc9d87d0ee11f48
SERVER_TRAFFIC_SECRET_0 55e86dd7a46543b1f240899eb7f87e2f0291d3e2e2fe56438380a4d8e4888aed a549f8f2f9b63c8a48b66d39bbf003f789304f938499a7a3ae839eadcbcc0060
EXPORTER_SECRET 55e86dd7a46543b1f240899eb7f87e2f0291d3e2e2fe56438380a4d8e4888aed 59d3c5bd6eee16277f3b4678c292720cb0e8ab4302b994e2a0e792aceb407de5
CLIENT_HANDSHAKE_TRAFFIC_SECRET 1017040ba8487937a21e546237a91571afc736d1b28299d0ecea75ef5eda2116 c6490d8af914a70860bbfb4bdfa9f4d3dddeccddebabe18951e83cbb99a86bab
SERVER_HANDSHAKE_TRAFFIC_SECRET 1017040ba8487937a21e546237a91571afc736d1b28299d0ecea75ef5eda2116 6a16d6668be1a173f53dc12b7c3a565ff427b01ee5e9cedc2776767c431f85aa
CLIENT_TRAFFIC_SECRET_0 1017040ba8487937a21e546237a91571afc736d1b28299d0ecea75ef5eda2116 247a89716159e51b40a38927cfc6f909f78046fb9ed0e38f4b26781084976730
SERVER_TRAFFIC_SECRET_0 1017040ba8487937a21e546237a91571afc736d1b28299d0ecea75ef5eda2116 a949fcfdca1c1b8517dc7da9dcc0514117fe4b9ba6a389f63607c92a13bde8e0
EXPORTER_SECRET 1017040ba8487937a21e546237a91571afc736d1b28299d0ecea75ef5eda2116 00fe561f1a0c8d4b08da582ea252f434f2e32f0b3edf2f6818ff2e1b6c4659b7
CLIENT_EARLY_TRAFFIC_SECRET 914d8c51b823f9966a02a1794755644a155c29a01f45266b30c20be5c5297193 55add7adb7598851928605df2b0e668606d855aff0013fe02557c1e0a8dad266
CLIENT_HANDSHAKE_TRAFFIC_SECRET 914d8c51b823f9966a02a1794755644a155c29a01f45266b30c20be5c5297193 54e137e275933e6aa57b16acbe3c6198c3f2f2d7ec3592325446eb22344c59c1
SERVER_HANDSHAKE_TRAFFIC_SECRET 914d8c51b823f9966a02a1794755644a155c29a01f45266b30c20be5c5297193 5c6edf2dd73937093a28e2e8a20777ba5c6371b04a28ddcaa3f2edd47fd20b68
CLIENT_TRAFFIC_SECRET_0 914d8c51b823f9966a02a1794755644a155c29a01f45266b30c20be5c5297193 7daf6df02f5e33726bc7687f07163cef19dfbb31a5d60acfd5988682b983b1cc
SERVER_TRAFFIC_SECRET_0 914d8c51b823f9966a02a1794755644a155c29a01f45266b30c20be5c5297193 ab281b26bc1cfb8d973fc08f105f0595320f43f45e879ba6df19b043d2a6c25c
EXPORTER_SECRET 914d8c51b823f9966a02a1794755644a155c29a01f45266b30c20be5c5297193 7ad8fb750830127f8498f61e22d7f9655e8d3f27732000fa7d39a9fb6d2fc406
CLIENT_HANDSHAKE_TRAFFIC_SECRET 68b5cc4118e3dc7a264fbb2866f9bd760d99437b08170df49c8e37e7c4fa2e3e 351ca2665eb55c0aee7ccc51f188067da2c73a8fecc8436c1ab97593e44c55d9
SERVER_HANDSHAKE_TRAFFIC_SECRET 68b5cc4118e3dc7a264fbb2866f9bd760d99437b08170df49c8e37e7c4fa2e3e 105bcbca5d2a1eaabcb729ff996f37daadde50e8a4f0761b3f610bfceddde4a7
CLIENT_TRAFFIC_SECRET_0 68b5cc4118e3dc7a264fbb2866f9bd760d99437b08170df49c8e37e7c4fa2e3e 3394a60a32c7a9d84988e3f1e6c988dddfaf69e26e304dfb4b35f601393f53ff
SERVER_TRAFFIC_SECRET_0 68b5cc4118e3dc7a264fbb2866f9bd760d99437b08170df49c8e37e7c4fa2e3e 76d506e565900e31bce041a4bd1bc98de115af8049f37553ce0f79720ff80a73
EXPORTER_SECRET 68b5cc4118e3dc7a264fbb2866f9bd760d99437b08170df49c8e37e7c4fa2e3e 1011f6e7b7762f9b3c5fbaec8e56a41eb9f7379e5796e32059fbff95f533fb6b
CLIENT_EARLY_TRAFFIC_SECRET 38a224366c5f03dace65cf02d03524fab9004262e17c310a8e45eb8643cc709e bfc762bee0de00ad2d4e551a3a86c898e38e9ccc9e68af9a71fc3162aa369738
CLIENT_HANDSHAKE_TRAFFIC_SECRET 38a224366c5f03dace65cf02d03524fab9004262e17c310a8e45eb8643cc709e 2a22d7fda2437ef47a533f1f2c1d5e4ed2dbdc4564739eb70395be91b27d9a35
SERVER_HANDSHAKE_TRAFFIC_SECRET 38a224366c5f03dace65cf02d03524fab9004262e17c310a8e45eb8643cc709e 1f1aae3665d348f1bcb04299ca9de291f5a9510f5aaa8200b4af5ded6a900106
CLIENT_TRAFFIC_SECRET_0 38a224366c5f03dace65cf02d03524fab9004262e17c310a8e45eb8643cc709e 620df3fdef3f175877135161a9122821e6749711166f9634d4fc2c2b33a3c459
SERVER_TRAFFIC_SECRET_0 38a224366c5f03dace65cf02d03524fab9004262e17c310a8e45eb8643cc709e cc30bb3626653d48af831cb367ee013721f86f1a9dc1965eefefcf1ba383dc81
EXPORTER_SECRET 38a224366c5f03dace65cf02d03524fab9004262e17c310a8e45eb8643cc709e 3a97124fc4d71eeea235fbf9054573d85a42f1953ecb5822ddf038037483f6f0
