CLIENT_HANDSHAKE_TRAFFIC_SECRET f62a7a3b623bbbd1dd4da05b612c0379b2a31c45be47c07b864fd01374478767 dc9f3acefb5d87d9e9d8ef98b2101127de9ba593390341056c57b7d324eb627d
SERVER_HANDSHAKE_TRAFFIC_SECRET f62a7a3b623bbbd1dd4da05b612c0379b2a31c45be47c07b864fd01374478767 debcb042e8e263163e3de5e9d2534ad0135a7e8b9ae6a20f5541181604277be2
CLIENT_TRAFFIC_SECRET_0 f62a7a3b623bbbd1dd4da05b612c0379b2a31c45be47c07b864fd01374478767 472581d155c0991b9e5577c5cbca9836a0398392300f9417fe559c13f4bacacb
SERVER_TRAFFIC_SECRET_0 f62a7a3b623bbbd1dd4da05b612c0379b2a31c45be47c07b864fd01374478767 714ff59fb2ce7acbb73a5121dcad8890427c6119ce99c0fe162e04b07c068082
EXPORTER_SECRET f62a7a3b623bbbd1dd4da05b612c0379b2a31c45be47c07b864fd01374478767 9df9fc335c9f16906bdc4c4549c6fcbaf6844e571e9f7376e0b6edda5cd62b24
CLIENT_HANDSHAKE_TRAFFIC_SECRET 011871a17c1fa0bbcfb446e8d9a74066641a0b0cde733c76cca050e9d1b95180 f1dcb65b0f207e4e5c6e76af0241f5ef5cec65252d2caf58c3a59c0948e5f75162ddf13f46ece31b35b077681061e08f
SERVER_HANDSHAKE_TRAFFIC_SECRET 011871a17c1fa0bbcfb446e8d9a74066641a0b0cde733c76cca050e9d1b95180 34e50c7f95471d237ffc332e0b86adb3c2f0db6b17095a615dfc93ccf3e51084dfb58ecc4027eefae22bcc5ebf020b5e
CLIENT_TRAFFIC_SECRET_0 011871a17c1fa0bbcfb446e8d9a74066641a0b0cde733c76cca050e9d1b95180 dd4f90cbe82811f07d29bb5fa563d70090e31474ecf2b9af00ee523749e9855625eab20d07f8f8ba62be973a131c328a
SERVER_TRAFFIC_SECRET_0 011871a17c1fa0bbcfb446e8d9a74066641a0b0cde733c76cca050e9d1b95180 7744a1b037cb9e7c3d750533c35c22ca7b351c958aeddb02d198abc43f94cb9fed0afa5b8781ed16100e731a45045ad4
EXPORTER_SECRET 011871a17c1fa0bbcfb446e8d9a74066641a0b0cde733c76cca050e9d1b95180 12ce37f27e2e6493f2d733f97700b43ad47f64e88fba08a512b00c69e70c54b04e98a87a6bba2af1f2713dac05f4fe4f
CLIENT_HANDSHAKE_TRAFFIC_SECRET 4b4e0423d867a21818a1ebe81460a43aee94b66bb05d6b8b78180e0da4d11164 cb7fdaf92309b9189ff64432410f578eedbde5a6ca72e7e57d930bd08b941a64742c0a030de31cdf409eb6ecbbe54af3
SERVER_HANDSHAKE_TRAFFIC_SECRET 4b4e0423d867a21818a1ebe81460a43aee94b66bb05d6b8b78180e0da4d11164 b92de75ede58d329c4b9f8f8ee74e13824376e38060ad31f2a83fb3ff0784c0f93efef0b345e5416be4274500bfb3b36
CLIENT_TRAFFIC_SECRET_0 4b4e0423d867a21818a1ebe81460a43aee94b66bb05d6b8b78180e0da4d11164 a396b88b748c4e7f72ebea7567a13a56a9220a3ec3bab2c863abae4c3027aafd9bef7bedc311d7dbf17ae8fa27f93c9d
SERVER_TRAFFIC_SECRET_0 4b4e0423d867a21818a1ebe81460a43aee94b66bb05d6b8b78180e0da4d11164 69bf30118b7c7034af0188506654125d6cf52bc2979f24f1670e0c78fca4d2783694c3bd5ab301e93e0531977733f874
EXPORTER_SECRET 4b4e0423d867a21818a1ebe81460a43aee94b66bb05d6b8b78180e0da4d11164 ffc12369818a8078567d5673f1a632b1bf31e78e4436f7bc06a61c06e2c58d67b6e849f56504dd5ab5be64834169ac13
CLIENT_HANDSHAKE_TRAFFIC_SECRET bd8881d15549d41edcc92081358421bea7e14372f85b7768477fd698262a46a7 abb48e747f6ae6b1ea99eda0f414142a5448f3474eccc0eb8dd8d4f8a909d562
SERVER_HANDSHAKE_TRAFFIC_SECRET bd8881d15549d41edcc92081358421bea7e14372f85b7768477fd698262a46a7 5e262859879102721f05619529487763bbba73f6089b03d72cb9106caa1c602e
CLIENT_TRAFFIC_SECRET_0 bd8881d15549d41edcc92081358421bea7e14372f85b7768477fd698262a46a7 bdaf45d2d62b70ebc3fe1669e394c2e42f969068e19d024ccbc760f42acf7324
SERVER_TRAFFIC_SECRET_0 bd8881d15549d41edcc92081358421bea7e14372f85b7768477fd698262a46a7 b65779af6f45d6fa9960920d68ebc65b0d514a6f2df5c82ed41eea5ad55cd40c
EXPORTER_SECRET bd8881d15549d41edcc92081358421bea7e14372f85b7768477fd698262a46a7 d8c09b305bb02df432f303b4c594c7261e4aed9aaf4f288753e4886b7a9f8a9a
CLIENT_HANDSHAKE_TRAFFIC_SECRET 2ddf328e8f4dd23dc8dfd85fb5571e36df34bb7e7ff8b3b58179986c13fcd394 4b39cc004096f27e481116e20742de5ce3ff468f849ccb3cd0f1cfbef8baeca6
SERVER_HANDSHAKE_TRAFFIC_SECRET 2ddf328e8f4dd23dc8dfd85fb5571e36df34bb7e7ff8b3b58179986c13fcd394 561b169499b89df702fea5bc29b229291287e0e229239214129bd45d21ce0f63
CLIENT_TRAFFIC_SECRET_0 2ddf328e8f4dd23dc8dfd85fb5571e36df34bb7e7ff8b3b58179986c13fcd394 70156a21405dcd1a738eced1d5a9ba0ed7dfb28b6e76efa4c16b5cae9d6a2307
SERVER_TRAFFIC_SECRET_0 2ddf328e8f4dd23dc8dfd85fb5571e36df34bb7e7ff8b3b58179986c13fcd394 54ff527c3317f9d83e0cab4af9bbff5028a1e4ada4ec2e1e830c8405d6ac9bc7
EXPORTER_SECRET 2ddf328e8f4dd23dc8dfd85fb5571e36df34bb7e7ff8b3b58179986c13fcd394 8af2d2f4245f1520f94569363410a73297bf636147ee050b5ae15de48d159cd6
CLIENT_HANDSHAKE_TRAFFIC_SECRET 251ee53bb2afb19cb6e590f118c542c1a210c0b6c4e666adec42d4b522da0aec 36386086f124d1f2b116ae58fcad2810a5d8c974ed444551bf79aa7609cd7cb3
SERVER_HANDSHAKE_TRAFFIC_SECRET 251ee53bb2afb19cb6e590f118c542c1a210c0b6c4e666adec42d4b522da0aec 1c2856d678b81b6023480f4cd2b7bbc541db697cb1a29cdb9a9affe40427c101
CLIENT_TRAFFIC_SECRET_0 251ee53bb2afb19cb6e590f118c542c1a210c0b6c4e666adec42d4b522da0aec b1d72bdbdd65f20dd740b3e4f2b6505861ea3dc7a22fd644243305828e471c48
SERVER_TRAFFIC_SECRET_0 251ee53bb2afb19cb6e590f118c542c1a210c0b6c4e666adec42d4b522da0aec 7d2d6533dab93a4e509c3131a8de4ec3d6bd58bab08f77006e89dd0d3f1bf4d3
EXPORTER_SECRET 251ee53bb2afb19cb6e590f118c542c1a210c0b6c4e666adec42d4b522da0aec e8dffbca32ec2d25d02375b57625543dfae84fc97148c7f6382d7aa3856461f8
CLIENT_HANDSHAKE_TRAFFIC_SECRET a2a000f77a74d8667069b6015e38d7a04035ad7afff573894f646a02c99a8c00 4ab3dd2e24506bca44654ff610242e299a851e1ae5a2fde9abd2743fa89f7d69
SERVER_HANDSHAKE_TRAFFIC_SECRET a2a000f77a74d8667069b6015e38d7a04035ad7afff573894f646a02c99a8c00 9e49121fa29be0b711d1dd9de37c9762edf96ffa0a3307818c82278a9b9dcfd7
CLIENT_HANDSHAKE_TRAFFIC_SECRET 717f8ee6efba814adbc5b7cf6d4b5cbcb47e56fe0627ce1f4eb9f8c47b9da1d0 76c4a5c05f75f70b47db5f36d918fb6be85b451021bb37932b230a5e919644e7
SERVER_HANDSHAKE_TRAFFIC_SECRET 717f8ee6efba814adbc5b7cf6d4b5cbcb47e56fe0627ce1f4eb9f8c47b9da1d0 c65eb08c57bc02a5f5722d1a3a12fb926c7d65dcbdc4e129e4a6eee6220d594e
CLIENT_TRAFFIC_SECRET_0 a2a000f77a74d8667069b6015e38d7a04035ad7afff573894f646a02c99a8c00 f84c3bc2096f2d1879ba5c585f2907e64f366d725ac6e91801563a3fe2cf9c27
SERVER_TRAFFIC_SECRET_0 a2a000f77a74d8667069b6015e38d7a04035ad7afff573894f646a02c99a8c00 dd8585fa449cffbc555a78d54a16d5cd9f87cd70e7b6808938f26de9385cfb4d
EXPORTER_SECRET a2a000f77a74d8667069b6015e38d7a04035ad7afff573894f646a02c99a8c00 3e75e42d0ef2b70acd68e39fe5fb48a7fb68a6ad7ada4c57d83004eebb3be28a
CLIENT_TRAFFIC_SECRET_0 717f8ee6efba814adbc5b7cf6d4b5cbcb47e56fe0627ce1f4eb9f8c47b9da1d0 5dcfb96b7f2a6f9e41e4bcffdda0fae3f85b8a80738f915f5f765904ced1587e
SERVER_TRAFFIC_SECRET_0 717f8ee6efba814adbc5b7cf6d4b5cbcb47e56fe0627ce1f4eb9f8c47b9da1d0 afa47115e9732c90278aab5f737abf24aca792c7d165e728d706311200e1aad5
EXPORTER_SECRET 717f8ee6efba814adbc5b7cf6d4b5cbcb47e56fe0627ce1f4eb9f8c47b9da1d0 a8e1279a6ba56c92efa1d519bd946e47a0b8ef5d1052b3934c743e3dbd1a0470
CLIENT_HANDSHAKE_TRAFFIC_SECRET 23f3ae68994d57a9fd83520d0799c6a840b568d2d0c156ab53f8ceeebabeb645 3b5f5faa1484091c64a7b7e0e77444fc51ecdc65cf71661a306c562ab3edbc60
SERVER_HANDSHAKE_TRAFFIC_SECRET 23f3ae68994d57a9fd83520d0799c6a840b568d2d0c156ab53f8ceeebabeb645 f96ec2b884523dcd0c08b4039e61f97d31aa0472126997dd2a168ac81cc35386
CLIENT_TRAFFIC_SECRET_0 23f3ae68994d57a9fd83520d0799c6a840b568d2d0c156ab53f8ceeebabeb645 a43588fd0d9c144a6bb32b497f11586af85e5b3a6659bd572983eea98b17b784
SERVER_TRAFFIC_SECRET_0 23f3ae68994d57a9fd83520d0799c6a840b568d2d0c156ab53f8ceeebabeb645 8e489274bf973310d479d5a84d58b47fe8a246b920ade2500afca7137e67b343
EXPORTER_SECRET 23f3ae68994d57a9fd83520d0799c6a840b568d2d0c156ab53f8ceeebabeb645 6bfbcf43a5695ce58549aa341731a0e18c89e9a522df9c398a7123fa74761af9
CLIENT_HANDSHAKE_TRAFFIC_SECRET 8060861cbe89db3a1e8ec6753534bdfc815f7c4cf6ec27969a576cfdb3eff8ad 90d8dc0290de0f7000e9b8adf1a712ca2c9df4fa4f1f4683c9c1d5f6aa1aba7a
SERVER_HANDSHAKE_TRAFFIC_SECRET 8060861cbe89db3a1e8ec6753534bdfc815f7c4cf6ec27969a576cfdb3eff8ad 7a83eab2b4502353a6ef62c3085352d9dbe7683b4f11b5a2c9e2e6cbcc64361e
CLIENT_TRAFFIC_SECRET_0 8060861cbe89db3a1e8ec6753534bdfc815f7c4cf6ec27969a576cfdb3eff8ad 8b2a3ee35cc23edec2f91a56e8a5acc5dcf6bfddf0e2e3f98e1bc407c6d841db
SERVER_TRAFFIC_SECRET_0 8060861cbe89db3a1e8ec6753534bdfc815f7c4cf6ec27969a576cfdb3eff8ad 0b102ad6a82d68c5bd924cbe6b8e1238bec46a3a933cab1205a02f6d72c0a874
EXPORTER_SECRET 8060861cbe89db3a1e8ec6753534bdfc815f7c4cf6ec27969a576cfdb3eff8ad 21bf6f738a3771c2e4f7bb06bec2ec5dfce31a786992eb8adb65afc4c1cc27fb
CLIENT_HANDSHAKE_TRAFFIC_SECRET 4efdd8829618e74e1b6e454de5af74c273c48925e096c4aa8edff86d83def780 4aa6bc46c4dc2e5324a3a60884e5390da3050a91a02258c5967861b55a8609af
SERVER_HANDSHAKE_TRAFFIC_SECRET 4efdd8829618e74e1b6e454de5af74c273c48925e096c4aa8edff86d83def780 8c398c906e3985c3dd8f00c5ee2a3c273f2693223c8115f7e556bbebc4e94e58
CLIENT_TRAFFIC_SECRET_0 4efdd8829618e74e1b6e454de5af74c273c48925e096c4aa8edff86d83def780 16d71a4363d26cee71f392c94bc9ca052a7605e046ced673ca6db294d574aec9
SERVER_TRAFFIC_SECRET_0 4efdd8829618e74e1b6e454de5af74c273c48925e096c4aa8edff86d83def780 5665fa605b0c5f24bc4e28bf8258b2cffa80f160e6b5d1143ecf9aa533392c88
EXPORTER_SECRET 4efdd8829618e74e1b6e454de5af74c273c48925e096c4aa8edff86d83def780 a18dd2756f097751db8426058ce8d98495167f2019ced5abcaa077d9ea062b83
