# SSL/TLS secrets log file, generated by NSS
CLIENT_HANDSHAKE_TRAFFIC_SECRET d511313760a94608418bf322f40e74c304338952143b16a99909d3a2117f32de ae026a6538438223c7edf04d3a05896fc4d500de772167c1be5d549b3559a85e
SERVER_HANDSHAKE_TRAFFIC_SECRET d511313760a94608418bf322f40e74c304338952143b16a99909d3a2117f32de bb7a01eed10b7f75d18f3feb994e4725816e71cfa56399671799e152cdfd5fb8
CLIENT_TRAFFIC_SECRET_0 d511313760a94608418bf322f40e74c304338952143b16a99909d3a2117f32de 6658cd7656c40bd50b269bfa7ef36cce17db60a0aedb8ba72e5c0235aee63077
SERVER_TRAFFIC_SECRET_0 d511313760a94608418bf322f40e74c304338952143b16a99909d3a2117f32de dca838ac193f4fc7ac94bdfa970d6f8980aa28cb68a9c5a4f6415231b221d8fd
EXPORTER_SECRET d511313760a94608418bf322f40e74c304338952143b16a99909d3a2117f32de b27f58e5ccaa55aefe8e1cf8d4b6d5b186c5a7881aeb15326dc944ab806f60d5
# SSL/TLS secrets log file, generated by NSS
CLIENT_HANDSHAKE_TRAFFIC_SECRET f38383d325ced8e548ddb90ada5bedaf2be66a8176993c8754df29edbec8d177 1ab255b37b033e463032b7f7cba56bec39477c5c104eebfacad59d42e360852f
SERVER_HANDSHAKE_TRAFFIC_SECRET f38383d325ced8e548ddb90ada5bedaf2be66a8176993c8754df29edbec8d177 fecb8cbc54d22e40d94759b950e88a94fdd3ff16aa7f6a3f6883ee19c78ad080
CLIENT_TRAFFIC_SECRET_0 f38383d325ced8e548ddb90ada5bedaf2be66a8176993c8754df29edbec8d177 a390043c8c1c37ec34cc996aa1a5cf58892e30548a0377cc274ebff07e8fc882
SERVER_TRAFFIC_SECRET_0 f38383d325ced8e548ddb90ada5bedaf2be66a8176993c8754df29edbec8d177 7842fda626f565402d515ea8bdd20b0bcfc1ef5f2972889ca4040ef07b36fb6b
EXPORTER_SECRET f38383d325ced8e548ddb90ada5bedaf2be66a8176993c8754df29edbec8d177 e32c6c0d3cb5521768a8e90b427509e1c58082c0e960520fe303e94441e158a8
CLIENT_HANDSHAKE_TRAFFIC_SECRET 20fd47c11b77560816d3cd86f80311ffa1376429dcc2cccbc583330deabb4535 c460fb136ac4026449909c15fd3ac1583df50625ef7c04ef4a87ea8246688f7c
SERVER_HANDSHAKE_TRAFFIC_SECRET 20fd47c11b77560816d3cd86f80311ffa1376429dcc2cccbc583330deabb4535 ccbc652678c2f713932eb03a1b700602b8443d7c4fa49d04ab8cbdfb6457eb60
CLIENT_TRAFFIC_SECRET_0 20fd47c11b77560816d3cd86f80311ffa1376429dcc2cccbc583330deabb4535 edd9364d6eeac49ec697d95ffefd77b34f2a0f4aff48d3da8210710f9e99a27e
SERVER_TRAFFIC_SECRET_0 20fd47c11b77560816d3cd86f80311ffa1376429dcc2cccbc583330deabb4535 00682adc628f8e4c816c80b0b28c12a8d511d2347f538843075f32b7f94e3ebd
EXPORTER_SECRET 20fd47c11b77560816d3cd86f80311ffa1376429dcc2cccbc583330deabb4535 0e8cde34b439e8843a234999aa36348cfaf8197da66790c2c90dbb6c95165efa
CLIENT_HANDSHAKE_TRAFFIC_SECRET e0f7639b6837ffe53dc67265eb0741e3b422822a58e566899b2260cc3e37d246 661cfc07f15d9bed49092dfbca955027da688ffe554860778ed8cbdde8e9df82
SERVER_HANDSHAKE_TRAFFIC_SECRET e0f7639b6837ffe53dc67265eb0741e3b422822a58e566899b2260cc3e37d246 f3daa9152470f7c119731bf7b070339592b7d9b5dd60947b7a6a410180c51778
CLIENT_TRAFFIC_SECRET_0 e0f7639b6837ffe53dc67265eb0741e3b422822a58e566899b2260cc3e37d246 13a69201469003b0f40a609fa42eb7836139dee7c56216283a8d81d3cb7c7a7f
SERVER_TRAFFIC_SECRET_0 e0f7639b6837ffe53dc67265eb0741e3b422822a58e566899b2260cc3e37d246 923d0e5a959d41f3943bab36204e7aa43425141a8aea88d107b1ea55953f20a8
EXPORTER_SECRET e0f7639b6837ffe53dc67265eb0741e3b422822a58e566899b2260cc3e37d246 dbce136bf2a4cd754c98e89b27a7d2fe3940dfb847941c5932db81339b490ceb
CLIENT_HANDSHAKE_TRAFFIC_SECRET f7b077c6c0a6d3426b9796edeabb235d5dd4cac52289ffa5a929225d07c0a7aa 5f8cc9e3ed45489521a6d55730d6827581396ef22a18b2d1cf11f70dcc931dba
SERVER_HANDSHAKE_TRAFFIC_SECRET f7b077c6c0a6d3426b9796edeabb235d5dd4cac52289ffa5a929225d07c0a7aa 04af4dd2355d1cd7a1002881cf038e2d3b839b68c324bea01627845bcbfd8c38
CLIENT_TRAFFIC_SECRET_0 f7b077c6c0a6d3426b9796edeabb235d5dd4cac52289ffa5a929225d07c0a7aa 16634009041440d326e22002fc2709e6f480d8b62dd1f43a73a773d643711df6
SERVER_TRAFFIC_SECRET_0 f7b077c6c0a6d3426b9796edeabb235d5dd4cac52289ffa5a929225d07c0a7aa ca7dc4aa4fc74f329b644c1dd7bb89b75d0f5779fe9725a04914781588730e88
EXPORTER_SECRET f7b077c6c0a6d3426b9796edeabb235d5dd4cac52289ffa5a929225d07c0a7aa 34f6b64652be70029b8e24b1c26cf541509c2882f6888beff9cbed576ffd1fbe
CLIENT_HANDSHAKE_TRAFFIC_SECRET 107d0e2b3308fd02ca4d7557200650aad10b7e6a7c1876cc8e16a3ce97225a0e 88dd7a5fd10b30cbc227536a13239cc42e330eb3ebc696aa1de4cba432f74462
SERVER_HANDSHAKE_TRAFFIC_SECRET 107d0e2b3308fd02ca4d7557200650aad10b7e6a7c1876cc8e16a3ce97225a0e d2009c64051e2fc06aeed1237741f0c1454e37023ba5e4988157ef7fbb641058
CLIENT_TRAFFIC_SECRET_0 107d0e2b3308fd02ca4d7557200650aad10b7e6a7c1876cc8e16a3ce97225a0e 1ab31a4a358dc4ad3693dea5c8f1cdb4a05a8a01262380243657b9ff964e7210
SERVER_TRAFFIC_SECRET_0 107d0e2b3308fd02ca4d7557200650aad10b7e6a7c1876cc8e16a3ce97225a0e 2130e6892b8951e5c41b2e8173d4b70dbd3e2499e6d3adbf388ccfb845840d9f
EXPORTER_SECRET 107d0e2b3308fd02ca4d7557200650aad10b7e6a7c1876cc8e16a3ce97225a0e bb49b02b56cbe3ea63d4daf92bb0cbab7545b3a50b3566ac50ddb5fe0131fdc8
CLIENT_HANDSHAKE_TRAFFIC_SECRET 3a3428a5c49503c478cf928467ddf3e22822c050abfddbd63da9b50fe36ab377 62967983965dc1e04746733b64f7edeab16bbe9c25b16583e6439dbfc440e956
SERVER_HANDSHAKE_TRAFFIC_SECRET 3a3428a5c49503c478cf928467ddf3e22822c050abfddbd63da9b50fe36ab377 2c3686524b1523a86b5adc0fb3d365537501435250e188350ca1665d39d711ce
CLIENT_TRAFFIC_SECRET_0 3a3428a5c49503c478cf928467ddf3e22822c050abfddbd63da9b50fe36ab377 dab390f74ae91fa11c7f77152463aee65236ae746a40d9a13fb2a349f5d76cd8
SERVER_TRAFFIC_SECRET_0 3a3428a5c49503c478cf928467ddf3e22822c050abfddbd63da9b50fe36ab377 29dc07a0d51691defde79c8688636814eb14ef12150d2e9f00287efc2634cd37
EXPORTER_SECRET 3a3428a5c49503c478cf928467ddf3e22822c050abfddbd63da9b50fe36ab377 260ac00db0d18acca14916a8e8b50f02c4d11ce0b400f4b1c7c975e2cd0fa354
CLIENT_RANDOM 83aec13bffd7936f7d03e803e9dcfa7ed7cd82d796632869d906f3796e95ecdf 410ed73aa3ff8b5dc38a709da45e80466a02bb4c20a31cbd64a3bd92b1b86cd8177dfca51e9aa85ddf34e82b343b982c
