# TLS secrets log file, generated by OpenSSL / Python
SERVER_HANDSHAKE_TRAFFIC_SECRET 7416cc7168b8f82be8c13f246c58196d509d66b1e1f7ac18293ba9ad643c3e61 5c5874fe7e9d7a019d086f1ea35c3df68a3b5f6495c8f496a5ebe2cc1970e3ef
EXPORTER_SECRET 7416cc7168b8f82be8c13f246c58196d509d66b1e1f7ac18293ba9ad643c3e61 eb95381842cd7f14aff0267cf726002a6ec0e68a12ce744169d3357b19efe65a
SERVER_TRAFFIC_SECRET_0 7416cc7168b8f82be8c13f246c58196d509d66b1e1f7ac18293ba9ad643c3e61 1f0fd6d32d88262d48e6549425980f77551f88bb8779fac6c717c61cc928e1fd
CLIENT_HANDSHAKE_TRAFFIC_SECRET 7416cc7168b8f82be8c13f246c58196d509d66b1e1f7ac18293ba9ad643c3e61 c62aebe21f23a763205a52b0e970751e2aceaf18fc13485ff60ec8232c3bdf38
CLIENT_TRAFFIC_SECRET_0 7416cc7168b8f82be8c13f246c58196d509d66b1e1f7ac18293ba9ad643c3e61 65be57aa94cdd89e95eff28df04dfd53cd943de089ee891fc5bfcc583ce10c8e
SERVER_HANDSHAKE_TRAFFIC_SECRET 73be775d8b3c9a76645a0b5f28cb96f194c277951e59009dfc70b7f5c109d6e4 2b8a3f90d91bd22ae55677a02516c816e1a3bb6cb8a36a0cf28ff3133d151e12
EXPORTER_SECRET 73be775d8b3c9a76645a0b5f28cb96f194c277951e59009dfc70b7f5c109d6e4 61965ba07d34e2e15adfff6b9bfd1c17a0da09269834e27bf291844ef60ac921
SERVER_TRAFFIC_SECRET_0 73be775d8b3c9a76645a0b5f28cb96f194c277951e59009dfc70b7f5c109d6e4 e6c517af652831cccb1a5beb39f9f1777a06ee7921b454c9fa2037b6b873c5fc
CLIENT_HANDSHAKE_TRAFFIC_SECRET 73be775d8b3c9a76645a0b5f28cb96f194c277951e59009dfc70b7f5c109d6e4 4492175a3e59a884b96292640aa3a3eef0d01d39d53b0eb677c6824cb8f977e8
CLIENT_TRAFFIC_SECRET_0 73be775d8b3c9a76645a0b5f28cb96f194c277951e59009dfc70b7f5c109d6e4 89ac0c4296be0fbc136888efa48d183a025a7d319a694f9f796c0d84a102633b
SERVER_HANDSHAKE_TRAFFIC_SECRET 01cb349eb42d9588cc718be0af722d13e8660aecc6444073b93f448b2bd5120a 267732d26ee0a1c1f27d0e601db934e9c00787f508de1f6c68b4d042056c5033
EXPORTER_SECRET 01cb349eb42d9588cc718be0af722d13e8660aecc6444073b93f448b2bd5120a 5da4af7613c297e63734a6f70841095b0ff9207d035100c3324a9daf82a0cd8f
SERVER_TRAFFIC_SECRET_0 01cb349eb42d9588cc718be0af722d13e8660aecc6444073b93f448b2bd5120a f887c73cd01c7b8665ac8fbe026eeb7ab7957b068407df1664b91bc68959ee63
CLIENT_HANDSHAKE_TRAFFIC_SECRET 01cb349eb42d9588cc718be0af722d13e8660aecc6444073b93f448b2bd5120a 40f0bff344a0146cadd1edc143d27d71b017929d2a28e8bfa44e76d52a7698f1
CLIENT_TRAFFIC_SECRET_0 01cb349eb42d9588cc718be0af722d13e8660aecc6444073b93f448b2bd5120a ebe09b6b490d190557af2ca3167e8895ea02d86b8758e9b100751bc7a84bfaf0
SERVER_HANDSHAKE_TRAFFIC_SECRET 02461e047606fabab64e59537ae0338d6ae0c2eecd7746231b823ca549e999fd 2450f1cfb211ff887da53b4b5d1ea7e63024de6d297304f725335fe9e05a4e73
EXPORTER_SECRET 02461e047606fabab64e59537ae0338d6ae0c2eecd7746231b823ca549e999fd 62fa2c2fcc567685670af9ac2b15d008b3eb89acea2cf72be63413b9990f8ac8
SERVER_TRAFFIC_SECRET_0 02461e047606fabab64e59537ae0338d6ae0c2eecd7746231b823ca549e999fd a8fa97ea690d2a7bbd1c1939500ddf9a92986abb7158185bab9ab5348024776d
CLIENT_HANDSHAKE_TRAFFIC_SECRET 02461e047606fabab64e59537ae0338d6ae0c2eecd7746231b823ca549e999fd 10ba441ad60d5e28de8416f98caddd8a1d66de06795657bde9d42bdf96047bcf
CLIENT_TRAFFIC_SECRET_0 02461e047606fabab64e59537ae0338d6ae0c2eecd7746231b823ca549e999fd 712011ef543197ab8a07ca8961cdbfdc953e7d6016bd48ff9aba2ea313e39070
SERVER_HANDSHAKE_TRAFFIC_SECRET e5adf9ab3a932d8aeb40e79ca36c3697f37a9c48a37935be362a2efb2eea3a40 bdc933b6f9eb97f2a4b9c711b3a425d48061eaba227caf517a741929928a3543
EXPORTER_SECRET e5adf9ab3a932d8aeb40e79ca36c3697f37a9c48a37935be362a2efb2eea3a40 1f02e01fff5e4574c376bb5b208967e21156eb422b5a950ac469c7c08e60ffa5
SERVER_TRAFFIC_SECRET_0 e5adf9ab3a932d8aeb40e79ca36c3697f37a9c48a37935be362a2efb2eea3a40 1a7688e4b3247a39e2fe4885930c1a0423a224a021bcc2faa737d8ba4a4e11b6
CLIENT_HANDSHAKE_TRAFFIC_SECRET e5adf9ab3a932d8aeb40e79ca36c3697f37a9c48a37935be362a2efb2eea3a40 7b56e6e11cf01f30ee9b67922ef64694196e71c592d594d922b6fd5f06b1d538
CLIENT_TRAFFIC_SECRET_0 e5adf9ab3a932d8aeb40e79ca36c3697f37a9c48a37935be362a2efb2eea3a40 249a08ea3b4c0ae427ec5ab5fee279a1cffff95216b595c80af712d59ab3a341
SERVER_HANDSHAKE_TRAFFIC_SECRET fa0fab1da6ed20046b7aa227a736ba9c9743fed30ed722a8fb16c81cd84a2e55 85f9ac712afcad7216cb72edc901bcb20d6885c529d10f969105f1a212d206cf
EXPORTER_SECRET fa0fab1da6ed20046b7aa227a736ba9c9743fed30ed722a8fb16c81cd84a2e55 6ff070b1e1adffeb352481e006006822ca47c80aa468e04904694c7e493be3e4
SERVER_TRAFFIC_SECRET_0 fa0fab1da6ed20046b7aa227a736ba9c9743fed30ed722a8fb16c81cd84a2e55 89eebe4d50e0419472c99d1cd3c7c01596b428a8edfa20d5250fc97a25e1eba5
CLIENT_HANDSHAKE_TRAFFIC_SECRET fa0fab1da6ed20046b7aa227a736ba9c9743fed30ed722a8fb16c81cd84a2e55 ac00e4234fa1c2ddc2d80fbf8678a663965c84e78a75ca862da1378d6208e358
CLIENT_TRAFFIC_SECRET_0 fa0fab1da6ed20046b7aa227a736ba9c9743fed30ed722a8fb16c81cd84a2e55 95aae71855a2d744f2d75e83eba3b67c9e2746745bfb1dad9e535bb339f081db
SERVER_HANDSHAKE_TRAFFIC_SECRET 2bb1ae66f9bf773e9c0e2729ea700d8a945627c45bb5d81fd72110b81ecb2b4c 12a1cbf84ada901c98ed250797066cbf450e00858143cb168b41063195264f25
EXPORTER_SECRET 2bb1ae66f9bf773e9c0e2729ea700d8a945627c45bb5d81fd72110b81ecb2b4c 46bae7324e5c0df0b7f0719716cd34f39075226b22632391aa4b7178701c5f98
SERVER_TRAFFIC_SECRET_0 2bb1ae66f9bf773e9c0e2729ea700d8a945627c45bb5d81fd72110b81ecb2b4c c04887255f6e1325c8a1dbab2607ed91ea6a06027990baf642fb180d7bdd35b6
CLIENT_HANDSHAKE_TRAFFIC_SECRET 2bb1ae66f9bf773e9c0e2729ea700d8a945627c45bb5d81fd72110b81ecb2b4c f2424295f7c87dfc0f602b27114605bf64d44b0ac2147ce43f285469ba578c99
CLIENT_TRAFFIC_SECRET_0 2bb1ae66f9bf773e9c0e2729ea700d8a945627c45bb5d81fd72110b81ecb2b4c 6b4762368ebc829cc878bac23bb849bcc524d0a3b4f8a3759ef680e0418adfd8
SERVER_HANDSHAKE_TRAFFIC_SECRET 57903b09fbe39d4ec8e541b6343987db01145cb41382523c71fae5236c11d3cb 771cf0235fb132826b8d884c2a59be4591028cfeb51bbc13361528512a1d00e1
EXPORTER_SECRET 57903b09fbe39d4ec8e541b6343987db01145cb41382523c71fae5236c11d3cb 03aa669920d1fc72abbfe706ed942275a8b9dee83bbb966cedb36675468a8072
SERVER_TRAFFIC_SECRET_0 57903b09fbe39d4ec8e541b6343987db01145cb41382523c71fae5236c11d3cb 0c5880e92523b35059bb4e8a8746c618e3563264920af853d4e6921440869eb5
CLIENT_HANDSHAKE_TRAFFIC_SECRET 57903b09fbe39d4ec8e541b6343987db01145cb41382523c71fae5236c11d3cb 893a0b8e63a380b1fa695d8fd05848211954e4d91c257584388e0e5c3c5c802a
CLIENT_TRAFFIC_SECRET_0 57903b09fbe39d4ec8e541b6343987db01145cb41382523c71fae5236c11d3cb 413d22ac3af0c86b21e089128f31e496b19bd4a5ce2824e655377ed5c9e25e82
SERVER_HANDSHAKE_TRAFFIC_SECRET ebfb70a932c5897cc786d9a93ae9fc9ab6e691e85fd142727da252970e12de41 401bda5625786b043d886741b41f1a9a8dc7da12dbde9f593d61554a2573089dfbf00fd956b6c8633e2cb64f641503fc
EXPORTER_SECRET ebfb70a932c5897cc786d9a93ae9fc9ab6e691e85fd142727da252970e12de41 1ad77bee74ffe4f4d09c668933ff4699c4e94bae527e719493c7149695d3c7b633d3bfc06a461a7b879a6883403fa68c
SERVER_TRAFFIC_SECRET_0 ebfb70a932c5897cc786d9a93ae9fc9ab6e691e85fd142727da252970e12de41 d0c12a9f889fb0bdebd800c57f8c7cb52bdcb4a43c52d6b2ed0ef1b684304d9db088ff2e94fa7d31e17df4fe8abff7b8
CLIENT_HANDSHAKE_TRAFFIC_SECRET ebfb70a932c5897cc786d9a93ae9fc9ab6e691e85fd142727da252970e12de41 5bbdd6e229704a99110b0e83ce8430b03a2a29afbd56b3982bc0425d777d617c1e1caa6484dd6de6ecd4b5c57db0aebb
CLIENT_TRAFFIC_SECRET_0 ebfb70a932c5897cc786d9a93ae9fc9ab6e691e85fd142727da252970e12de41 24512bd145d39e1d93a15635c99ae8b0d789b88f8b48bd83fc9cc7f94b1dd7c026ce70fc38d3b846e5d64fe062fe06f9
SERVER_HANDSHAKE_TRAFFIC_SECRET a38918bb3089de59814a115cc30faedbfa96518fce75fd74bc4a8f67d6498e14 734ba99785507c98ea5448d85fe506785f3f0ea41776b55eed5107859e797acd4c72f1fae1de23b6d074321ca688a3ec
EXPORTER_SECRET a38918bb3089de59814a115cc30faedbfa96518fce75fd74bc4a8f67d6498e14 37e481c9c5d4963687fe1b42a593c64e68659f24faf40bd746e5fe9f3605be28e70a5568e4e768ac5941edb100b6fccb
SERVER_TRAFFIC_SECRET_0 a38918bb3089de59814a115cc30faedbfa96518fce75fd74bc4a8f67d6498e14 95c78bab574baf9989afc3ab1099f1d2cd3950a5c3de26e5b528b295b23b3a49bfd5be454dcaa7942d9fc303ee4676fd
CLIENT_HANDSHAKE_TRAFFIC_SECRET a38918bb3089de59814a115cc30faedbfa96518fce75fd74bc4a8f67d6498e14 bf1bad8798d7296e810142daa9df2b6be3a3605a7084c5a8171bbc8a7407a80d0697d9789832a36b4bb222758b8a63e7
CLIENT_TRAFFIC_SECRET_0 a38918bb3089de59814a115cc30faedbfa96518fce75fd74bc4a8f67d6498e14 459da1e568d3cc77d68dbc12017636e4c4ebd10fd5d8e849cf0896a26c6f44e4bd4bfd3c0b0b0da38d276890dba38406
SERVER_HANDSHAKE_TRAFFIC_SECRET 59eb08ffa26e07aa9170db6f8c3fe1a1f0cefb4fa4cd085c403ee9c732c4602f 91a24ea6e9cbd110d1ef0010688e287feed46330e142b226e80f0e8fbb298e2096bd0bfd6c0f87c0310e05d7189a6012
EXPORTER_SECRET 59eb08ffa26e07aa9170db6f8c3fe1a1f0cefb4fa4cd085c403ee9c732c4602f 38393edb57aab193c9f77f51a51d9e1b90b384bb0ca8e5816f76c081c09b93a21dec33658fceb559f68f9750434c1537
SERVER_TRAFFIC_SECRET_0 59eb08ffa26e07aa9170db6f8c3fe1a1f0cefb4fa4cd085c403ee9c732c4602f b35fa8411d4615747503f22c0055c0efa116cdd01537770fa59d1796922ec3f697e4df34fa53dc3689f7b1531a4dc272
CLIENT_HANDSHAKE_TRAFFIC_SECRET 59eb08ffa26e07aa9170db6f8c3fe1a1f0cefb4fa4cd085c403ee9c732c4602f 7b5df4066db17e14639136501060ab30fdd978c0c8c3ab90fde050c83b771d26a38b00100ac4f95bd39dd4263e8ac554
CLIENT_TRAFFIC_SECRET_0 59eb08ffa26e07aa9170db6f8c3fe1a1f0cefb4fa4cd085c403ee9c732c4602f 6586d26ecb5e5a11cdf5f556cf9f54edaa209a4e77eabd9fd8b3d32440b7ba9c60bb72674943b8ca38b3bf645a58c745
SERVER_HANDSHAKE_TRAFFIC_SECRET f2745514108dbbd63930d4175279084b80e2d5c1254fb5bfe84a0a8d4df7f5d8 4ee3308f8efacbc117acfa464f5207ef38090226310f91a258bdb9178e804591f1664b047294af1f4fc9c36f17edbfc9
EXPORTER_SECRET f2745514108dbbd63930d4175279084b80e2d5c1254fb5bfe84a0a8d4df7f5d8 0cb3eaf53c1f7ca7b54713cd9befcb202119fa0c892e7fa84abd7101444e409b05950414316ef27f13b3832a21a07513
SERVER_TRAFFIC_SECRET_0 f2745514108dbbd63930d4175279084b80e2d5c1254fb5bfe84a0a8d4df7f5d8 20879cc9fa61d6a01ac97ea2f42c2fa71d5cec30925be3f4465db0a3e4d716409b0d0514b60d36c89bc03217f861dbda
CLIENT_HANDSHAKE_TRAFFIC_SECRET f2745514108dbbd63930d4175279084b80e2d5c1254fb5bfe84a0a8d4df7f5d8 01d51ff86dafd4f892816cd4851c8e452ced89270c9780f027e5b4a45883444eb3e57437b18f23040c0f2023088f1102
CLIENT_TRAFFIC_SECRET_0 f2745514108dbbd63930d4175279084b80e2d5c1254fb5bfe84a0a8d4df7f5d8 6be93c72a9534f14293595a36d4de6edd70eb7c5b342b08302a78faf5fb7df60ff125f1e7e5067a46fc7983115acd880
SERVER_HANDSHAKE_TRAFFIC_SECRET 69a8ed495f63f043ac38a229eecafdea57e3119aa2dd59d9df568c88d21b7b6a 02874ef3db1896dc1729fa70f68f93ae52d61698013baae9b199043d511fada4e618427f2b3c498da3622a6585dfcc93
EXPORTER_SECRET 69a8ed495f63f043ac38a229eecafdea57e3119aa2dd59d9df568c88d21b7b6a 61cfa8e5a58bccc4e0d5ed5f18688e2b014e3c3b9e404794450826a1b870d257c4e5ce2089eaf42c8cdef870ed4103e0
SERVER_TRAFFIC_SECRET_0 69a8ed495f63f043ac38a229eecafdea57e3119aa2dd59d9df568c88d21b7b6a b347970b3444598b1eefebeaf1d8bec33cb5d8d3d5ad7f9edb2edb15b96c35e6499e798e023b5d2f5c0d2289f8b825b0
CLIENT_HANDSHAKE_TRAFFIC_SECRET 69a8ed495f63f043ac38a229eecafdea57e3119aa2dd59d9df568c88d21b7b6a da4268b6c863be890c7c53dd9d0f3f06e3966b5f500109fb8556610dfefd0df67e12218b54793eb0f73d084feddf1992
CLIENT_TRAFFIC_SECRET_0 69a8ed495f63f043ac38a229eecafdea57e3119aa2dd59d9df568c88d21b7b6a e79a780939e6ae2dde2d91b8c8e07923621e73f4aa427c4c06abed0fd632bdc20d96de0b1b4bacaad0c0621153dc3ddb
SERVER_HANDSHAKE_TRAFFIC_SECRET ebc923c73028a24e43451540cac51a451b39e6968581d3364bc6cdfc4db878b1 28c90f522cf6170ec3b395dcbf560cbed141d1f4c06828e3008a91ba57ac06db6ee34f66caa0419daf96ff24b3917ff0
EXPORTER_SECRET ebc923c73028a24e43451540cac51a451b39e6968581d3364bc6cdfc4db878b1 c110bb41aa3931929ec7b659bc1758137a3cce59ff3a772e6431e8bff183897ab26ad9e84150b5e332fd9e7aabdcfe54
SERVER_TRAFFIC_SECRET_0 ebc923c73028a24e43451540cac51a451b39e6968581d3364bc6cdfc4db878b1 2f2bd287e866d29dd72d0cf78204e64f4d8229e7fec13e6db24b04b567205b22e524b8707f027d6e1b4e60872aafa81a
CLIENT_HANDSHAKE_TRAFFIC_SECRET ebc923c73028a24e43451540cac51a451b39e6968581d3364bc6cdfc4db878b1 01da44e5c33ff1c702a3470b426be52a42e27d52f016c6f7c1f03d98ff907c2955b08ec4f3eea1c511c8fc955ed13c3d
CLIENT_TRAFFIC_SECRET_0 ebc923c73028a24e43451540cac51a451b39e6968581d3364bc6cdfc4db878b1 8f49f16835d39ff5801b2ea7320dcad244de9c8f3d49a68ac8717b96638143a34926389284f19d8873f05b833f29ac7c
