CLIENT_HANDSHAKE_TRAFFIC_SECRET 299f32268f4ee91d18322dde111f89daa9eb06dd480be7cc6bcfd8cc27f89c4f 4edf6390c12ee0ee79e6032dc89019be33a2325ac4025039f7040b2af09cbb25
SERVER_HANDSHAKE_TRAFFIC_SECRET 299f32268f4ee91d18322dde111f89daa9eb06dd480be7cc6bcfd8cc27f89c4f 792ae7b9f487fa459278d256c5958d232fe7c9de669b9cab97c57c29dceddfae
CLIENT_HANDSHAKE_TRAFFIC_SECRET 4045b359011ccbbb0da036d1e147942231e146f012de56ccded4d58df67defb7 c416ae11de329290e8afc6d972d948d89073f5e743c8ff996610d461041e8f5a544085753926db0229ad4eee19ea6d41
SERVER_HANDSHAKE_TRAFFIC_SECRET 4045b359011ccbbb0da036d1e147942231e146f012de56ccded4d58df67defb7 0598a8693f4582d04d825ab1010c0dda424cc2d8f52784c794e2500f157e395771d0c054f35cf26b5c7d9822069af469
CLIENT_TRAFFIC_SECRET_0 299f32268f4ee91d18322dde111f89daa9eb06dd480be7cc6bcfd8cc27f89c4f 30e8e7661b5b08550524e6f58bbad3407bed30736c942d46bb63ac73e64b18e5
SERVER_TRAFFIC_SECRET_0 299f32268f4ee91d18322dde111f89daa9eb06dd480be7cc6bcfd8cc27f89c4f 1ea164a59e5441fe1148f9cc16021a19f6d8314e8c9ea0305e684ea707d4ec84
EXPORTER_SECRET 299f32268f4ee91d18322dde111f89daa9eb06dd480be7cc6bcfd8cc27f89c4f 92d2ef6e42b7bab063fc87b9fa37d660b9ff74e3bbc898c19382a8d0ad935596
CLIENT_TRAFFIC_SECRET_0 4045b359011ccbbb0da036d1e147942231e146f012de56ccded4d58df67defb7 75290989315cc3c633c95f9831239a0d54fb576eca6a7aac670de1e71fb1e96799c744b9475da79b653a08d8ad36fa19
SERVER_TRAFFIC_SECRET_0 4045b359011ccbbb0da036d1e147942231e146f012de56ccded4d58df67defb7 e833ea8e914046b383a0e362c50eb43c8ec18d4eb294e27852fef1d3ff8edefc03144d0c5b3aad9bb3b7409b0e8b9e0b
EXPORTER_SECRET 4045b359011ccbbb0da036d1e147942231e146f012de56ccded4d58df67defb7 b667b4577f3602193ef2bd4bebac9f42da4f33c265819c2e6ada36aa4d4f18aca39410cb509bc7c12a204bdd47386109
CLIENT_HANDSHAKE_TRAFFIC_SECRET f4f8ad0ce1029d662a73c1f6724f7af6bddd4d8ed5744bbdd3c44d3cf1c5ce2c 9657dc3e5a40ceafbdeaa10b595e5f294b1be85a46cc68cc0b07ac63af776d24467dadf26b63d2770295056cda6a11dc
SERVER_HANDSHAKE_TRAFFIC_SECRET f4f8ad0ce1029d662a73c1f6724f7af6bddd4d8ed5744bbdd3c44d3cf1c5ce2c ecc99e62d2f3d83df9d05839959bf372033c0f78d07a3052726adf3969ad70c1ca1d3577b33d09254537f55cfe11af36
CLIENT_TRAFFIC_SECRET_0 f4f8ad0ce1029d662a73c1f6724f7af6bddd4d8ed5744bbdd3c44d3cf1c5ce2c f0bb26d806ffe4615e212d1bf4c4d4487a3e9a74668e7d6a195ada2c26abdac88412a17dcd229c59bd8d935fdb9cdf38
SERVER_TRAFFIC_SECRET_0 f4f8ad0ce1029d662a73c1f6724f7af6bddd4d8ed5744bbdd3c44d3cf1c5ce2c fb06f81ab6bc9f577430ee5adb07cc096cd7be74fc72824dad544e93b2f2eb64fb89462873f86fc9396bb06143d06ed9
EXPORTER_SECRET f4f8ad0ce1029d662a73c1f6724f7af6bddd4d8ed5744bbdd3c44d3cf1c5ce2c 9d9e8835a59211810eff497ac74606198a7efed0b5fff70659bcb595b9d65f57323297fd7c3f9eefcf2f54ad8b933d45
CLIENT_HANDSHAKE_TRAFFIC_SECRET 2fafeff34487ad7a0414911ed226ad9a071e910f83b7b7a053dcf5afb60f081e 307e97b90d2c3d46758c8d00094f39af9c972efab51545eed1ed401be11a7066
SERVER_HANDSHAKE_TRAFFIC_SECRET 2fafeff34487ad7a0414911ed226ad9a071e910f83b7b7a053dcf5afb60f081e 198f8eb317109c9a635ddd6f2369dfab70224939c304924c1d2ebcf387279d68
CLIENT_TRAFFIC_SECRET_0 2fafeff34487ad7a0414911ed226ad9a071e910f83b7b7a053dcf5afb60f081e f8a123d0792cb55696754bb7d06ed05f51be7d5f8606caeab4bee9670a2821c1
SERVER_TRAFFIC_SECRET_0 2fafeff34487ad7a0414911ed226ad9a071e910f83b7b7a053dcf5afb60f081e 1b46742591a85e172b4934b236eff4f339630777ed2dc3d0debdb6138fef5880
EXPORTER_SECRET 2fafeff34487ad7a0414911ed226ad9a071e910f83b7b7a053dcf5afb60f081e d26dd70880aaadb8e1fb1149d27b06a06dd6f4c149d7646025e65700e83db3e8
CLIENT_HANDSHAKE_TRAFFIC_SECRET d9fb03f587211913cbb049f88a66a9c1f323a6aabe26f22162141d06c7796f7c 82355d77dc1adab69e91c156692b7426439a3a1f874982252de7715a48454e6c
SERVER_HANDSHAKE_TRAFFIC_SECRET d9fb03f587211913cbb049f88a66a9c1f323a6aabe26f22162141d06c7796f7c a5de9f4f91256a011523aafb88774f21a0cba24bdb049975ae96b8445dcd4e76
CLIENT_TRAFFIC_SECRET_0 d9fb03f587211913cbb049f88a66a9c1f323a6aabe26f22162141d06c7796f7c 931c5edd8c1ae0e474d1fdf450c7ce2564af266bde562c73683c8ac5e41cdc7b
SERVER_TRAFFIC_SECRET_0 d9fb03f587211913cbb049f88a66a9c1f323a6aabe26f22162141d06c7796f7c 0cb62c6f470675b641f961d49221a158a8a6e222d736819624db29d8d7096d1c
EXPORTER_SECRET d9fb03f587211913cbb049f88a66a9c1f323a6aabe26f22162141d06c7796f7c 36426d5b29263b644c8a30568916d0d0a32b6cc50378a643824a8c317db558ac
CLIENT_HANDSHAKE_TRAFFIC_SECRET b4afc4c8d8760a391e71344d6d4515b322d0bcafd8e130da76a1ab7a7d93d7f8 3317af9ca6a889bb47f158eed834fc899922e14451d253942ea7bee8b131cec9
SERVER_HANDSHAKE_TRAFFIC_SECRET b4afc4c8d8760a391e71344d6d4515b322d0bcafd8e130da76a1ab7a7d93d7f8 742e61cc975ac048ad259a6e9685997fd7eb173b467ea23aaa91a6e9b2404674
CLIENT_TRAFFIC_SECRET_0 b4afc4c8d8760a391e71344d6d4515b322d0bcafd8e130da76a1ab7a7d93d7f8 a98a81a4ab67170923e0bc8cfc6b9f6743b6abc6616f5979054564534816cd3d
SERVER_TRAFFIC_SECRET_0 b4afc4c8d8760a391e71344d6d4515b322d0bcafd8e130da76a1ab7a7d93d7f8 6f33f84b9152e0b0f5716528cf3d0c0766aa23f1b1697d2a8b2561a060cf3ece
EXPORTER_SECRET b4afc4c8d8760a391e71344d6d4515b322d0bcafd8e130da76a1ab7a7d93d7f8 f7c1698c92f0788c4734a642c3811cbac2ff36ba4a1ac7f37146bbd89b5e7ed2
CLIENT_HANDSHAKE_TRAFFIC_SECRET 5c9c28a37fb8820585d5960ee868501684516a20bb0b7f9b324a35606ed91504 1d2d33b067a75a7cbe1eee479568e853fab0d04cf194ce12d208c00350e4ae6c
SERVER_HANDSHAKE_TRAFFIC_SECRET 5c9c28a37fb8820585d5960ee868501684516a20bb0b7f9b324a35606ed91504 64d159e5b1b93ea6d98ad958a8eea972c80f2dd6cff23248aa5b7ecf715c2ec0
CLIENT_TRAFFIC_SECRET_0 5c9c28a37fb8820585d5960ee868501684516a20bb0b7f9b324a35606ed91504 72cb5f7226946614b8eed045b2a42b16c22d5e0b92cce22454059f57f368c93b
SERVER_TRAFFIC_SECRET_0 5c9c28a37fb8820585d5960ee868501684516a20bb0b7f9b324a35606ed91504 f9c9834237ba31778b8e300e317543c0dd0e6b0a9e5ec53368684acca6260ddd
EXPORTER_SECRET 5c9c28a37fb8820585d5960ee868501684516a20bb0b7f9b324a35606ed91504 a5a899da1023d280b2d33cee6931b47df413ff3339f4b311c219a56d104ff583
CLIENT_HANDSHAKE_TRAFFIC_SECRET 43445b6cdce6d79d1fd1136886bd3ecf8b5b18d75c038e34cdc874fe797bd8e3 689ff8d438a6019ac35b2bb3cfc419df237ffd432d2c147049bf459e6de7bd63
SERVER_HANDSHAKE_TRAFFIC_SECRET 43445b6cdce6d79d1fd1136886bd3ecf8b5b18d75c038e34cdc874fe797bd8e3 2aa573c11c7a122381654e605b366443ffa18a311daa007a9199b33334b9a93f
CLIENT_TRAFFIC_SECRET_0 43445b6cdce6d79d1fd1136886bd3ecf8b5b18d75c038e34cdc874fe797bd8e3 58cf65a8172b3f536fe2ad262a3584e4e61b13317d8d44cfa3ce4101d9efe81a
SERVER_TRAFFIC_SECRET_0 43445b6cdce6d79d1fd1136886bd3ecf8b5b18d75c038e34cdc874fe797bd8e3 752bb3511e90178c8398bc8a93202a7c222345ae635c172850709a98f22d8519
EXPORTER_SECRET 43445b6cdce6d79d1fd1136886bd3ecf8b5b18d75c038e34cdc874fe797bd8e3 e7c9fae29010417f5765cea1007ce47366888098752d3eb07efde88c63bb1be2
CLIENT_HANDSHAKE_TRAFFIC_SECRET 34c538a3b775d3974e9dee488b28656b92db62cca457894970ecb73ce19ad97c c4c1aa44a5d21ef9b29c07e6f1378f2022dbc9fcd9d5bc166de4a94e50374b91
SERVER_HANDSHAKE_TRAFFIC_SECRET 34c538a3b775d3974e9dee488b28656b92db62cca457894970ecb73ce19ad97c 350f5ce3fad82bb08310065a36cc31f61b4628cbeee102f1ba0dea244d26de55
CLIENT_TRAFFIC_SECRET_0 34c538a3b775d3974e9dee488b28656b92db62cca457894970ecb73ce19ad97c 22978d027f6a7762955885406a22ca7a709eb0a8d253487f8d9f10a5b9fbcd9e
SERVER_TRAFFIC_SECRET_0 34c538a3b775d3974e9dee488b28656b92db62cca457894970ecb73ce19ad97c 6891d42733d390dbe505b12529faf1f01241379d4ed92a1be102c8d6da0fd7fa
EXPORTER_SECRET 34c538a3b775d3974e9dee488b28656b92db62cca457894970ecb73ce19ad97c db2a60fe0ddfd0a37caed75f066590b088d5804c24fcc9296835365127416f83
CLIENT_EARLY_TRAFFIC_SECRET 775cdcda03b2b41c8c88c6cf200743ebbbc791e57a2464ee7f0c48fad6ca7fdc 69910fc4c7800d3f30b39b479ad21150e232294fb83aa7d63fe8b8b81f47ff81
CLIENT_HANDSHAKE_TRAFFIC_SECRET 775cdcda03b2b41c8c88c6cf200743ebbbc791e57a2464ee7f0c48fad6ca7fdc e7256b6488cf22d3ef524efdfc86eecad17bb69fdac12806020e24ab53214d6f
SERVER_HANDSHAKE_TRAFFIC_SECRET 775cdcda03b2b41c8c88c6cf200743ebbbc791e57a2464ee7f0c48fad6ca7fdc 34a31455087fb05205b7812fb5a0cb5962012a8c89644ae623d60b3e5820bbd1
CLIENT_TRAFFIC_SECRET_0 775cdcda03b2b41c8c88c6cf200743ebbbc791e57a2464ee7f0c48fad6ca7fdc 06884115e6e0fc052ec007559bebdc71a5009d5138b97d674c0662cf994c18d1
SERVER_TRAFFIC_SECRET_0 775cdcda03b2b41c8c88c6cf200743ebbbc791e57a2464ee7f0c48fad6ca7fdc 1e18e3ef009341eb88c412245b7a912d06a7c7a947b1158124ae87a83f4b414b
EXPORTER_SECRET 775cdcda03b2b41c8c88c6cf200743ebbbc791e57a2464ee7f0c48fad6ca7fdc 5b972f22a6ef0d73dd06db4456e18f33c2dfdc3c7402df69d79af1f859b6b2af
CLIENT_EARLY_TRAFFIC_SECRET cc0b274bd5ab0e391f4a44aa5ca2c045fe80b6b85972d260ee50762fd3c39036 ffe8bcc33fbdd693a30537c69153dc0079160789ec0a672f731e6e7a8e0ae51c
CLIENT_HANDSHAKE_TRAFFIC_SECRET cc0b274bd5ab0e391f4a44aa5ca2c045fe80b6b85972d260ee50762fd3c39036 7bb3f6e64baedf136e9cdc6c0e4148b33f3cd7daf0bd05351953960e3acff4e9
SERVER_HANDSHAKE_TRAFFIC_SECRET cc0b274bd5ab0e391f4a44aa5ca2c045fe80b6b85972d260ee50762fd3c39036 7ff2322b34a9a37b901a6f3b41de23d2da2dd436c64337dcd48f7a3bdff83bb4
CLIENT_TRAFFIC_SECRET_0 cc0b274bd5ab0e391f4a44aa5ca2c045fe80b6b85972d260ee50762fd3c39036 ba007e64eb84526fb0037e3a89a902eadf7948cf3466b7b58c0dd6eb858893e0
SERVER_TRAFFIC_SECRET_0 cc0b274bd5ab0e391f4a44aa5ca2c045fe80b6b85972d260ee50762fd3c39036 c775e930f242300f8f5192e8472e3a4cc05ddbe1b5ff9e1c0e4fcdbe2924a01f
EXPORTER_SECRET cc0b274bd5ab0e391f4a44aa5ca2c045fe80b6b85972d260ee50762fd3c39036 6c492a59485e30e0af305f422f99e13e1115a556986d9ee157ce6370890e91f8
CLIENT_EARLY_TRAFFIC_SECRET 2be414ec64630f5055cff957cf47f1be5d8ec53ee5c8008df0a2e2e3d59ffe63 c79c501866cff049bdaa0375f9e4e34bbd98fa759283e6428bccefcd1bb9fdcc
CLIENT_HANDSHAKE_TRAFFIC_SECRET 2be414ec64630f5055cff957cf47f1be5d8ec53ee5c8008df0a2e2e3d59ffe63 a90b91363842070fa37271a6cf35073b5b561fbc4b02c3907c253e09191b77ca
SERVER_HANDSHAKE_TRAFFIC_SECRET 2be414ec64630f5055cff957cf47f1be5d8ec53ee5c8008df0a2e2e3d59ffe63 9baf5f801f8969ebb6e8f26a676daac193c74bf6af5349361ac42a9b7db90d62
CLIENT_TRAFFIC_SECRET_0 2be414ec64630f5055cff957cf47f1be5d8ec53ee5c8008df0a2e2e3d59ffe63 6d4f14a5c675a032ec2b35c2c4ad58c65487efd50ab04b3b5df0d43640d683f0
SERVER_TRAFFIC_SECRET_0 2be414ec64630f5055cff957cf47f1be5d8ec53ee5c8008df0a2e2e3d59ffe63 6115e8d2473e74a93d038ac1b1e9ec9092fdbb10e141a8f28bbe879478c63e9d
EXPORTER_SECRET 2be414ec64630f5055cff957cf47f1be5d8ec53ee5c8008df0a2e2e3d59ffe63 48424e27f908f1a499c464dd171b150c0e073bd6a3bb316f8adf28362ddcfada
CLIENT_EARLY_TRAFFIC_SECRET 4013786bb5d91736e95c6ba04a92dca4de65e3fd0a6fa3a1a8626d5fea54f858 5debaf4dce49f269db66a5fc36da0aac7801a760aab9ab08a7fe9a2c46a6ab0e
CLIENT_HANDSHAKE_TRAFFIC_SECRET 4013786bb5d91736e95c6ba04a92dca4de65e3fd0a6fa3a1a8626d5fea54f858 3de5ffe6864903c36ee1ed65be9bb7d7224aedccffa283105289d3679a993569
SERVER_HANDSHAKE_TRAFFIC_SECRET 4013786bb5d91736e95c6ba04a92dca4de65e3fd0a6fa3a1a8626d5fea54f858 3c1364924a088d27f59b3096a00b35490b81e7a76d6302b29f0e27b984ea8b33
CLIENT_TRAFFIC_SECRET_0 4013786bb5d91736e95c6ba04a92dca4de65e3fd0a6fa3a1a8626d5fea54f858 3d72a3d0a234f00061dca0a31fade76022eda519402d1ce6bd256911375ed387
SERVER_TRAFFIC_SECRET_0 4013786bb5d91736e95c6ba04a92dca4de65e3fd0a6fa3a1a8626d5fea54f858 f397952bea9ac3bd5d451cd8465c2f457ce93fd2575ceb0a6866b20798913256
EXPORTER_SECRET 4013786bb5d91736e95c6ba04a92dca4de65e3fd0a6fa3a1a8626d5fea54f858 aa75de6720d09bbad6bce5349d791f4f6703067a99f0f01723158792ef413b86
CLIENT_EARLY_TRAFFIC_SECRET ecd26ef4183311744538e663fef3a93676ec4df30d17ee67489f3cade652b801 f55863cb21420dae0f29e6cbc8b56da02392383f360b116bb0c7ef380dc33660
CLIENT_HANDSHAKE_TRAFFIC_SECRET ecd26ef4183311744538e663fef3a93676ec4df30d17ee67489f3cade652b801 1e8f465ab1342673719f764140127d7564cca119eadf19f2b950274ebb2ba84c
SERVER_HANDSHAKE_TRAFFIC_SECRET ecd26ef4183311744538e663fef3a93676ec4df30d17ee67489f3cade652b801 9703c9490f2bc85b4bae15e2512a80c6d1cd92a63e4abe2e6910f64ae1477419
CLIENT_TRAFFIC_SECRET_0 ecd26ef4183311744538e663fef3a93676ec4df30d17ee67489f3cade652b801 390fefcafb79f0945624c07e1443846ae911e42bd74febf7add4deb115b99b86
SERVER_TRAFFIC_SECRET_0 ecd26ef4183311744538e663fef3a93676ec4df30d17ee67489f3cade652b801 4e3824c8089a711ef3f21c15618e4508e516d0f57c3dad5461234d50a7384ea0
EXPORTER_SECRET ecd26ef4183311744538e663fef3a93676ec4df30d17ee67489f3cade652b801 a25b9571a10acd523504474a6f13650e8a847008b1b7ce734a76051163e862dd
CLIENT_EARLY_TRAFFIC_SECRET 95b7e3eca8d88be1b1440c9135970b619ca6aef463dd8919bfd3dc53da49348c 7e76d4720015ccedd6ba46a5c4daa510dc4c3ff622b3bc098107418bc5c852f8
CLIENT_HANDSHAKE_TRAFFIC_SECRET 95b7e3eca8d88be1b1440c9135970b619ca6aef463dd8919bfd3dc53da49348c ccb2b5bcf16daf029148a5b3262be205e23065c4ecd3ec5aaaaedb8ee194a13a
SERVER_HANDSHAKE_TRAFFIC_SECRET 95b7e3eca8d88be1b1440c9135970b619ca6aef463dd8919bfd3dc53da49348c 82d13f26038b7f9d2fa4dbebe24c5e70503df806ee5b733fbae6506e512e77c4
CLIENT_TRAFFIC_SECRET_0 95b7e3eca8d88be1b1440c9135970b619ca6aef463dd8919bfd3dc53da49348c d9747ccdfedb5ee0080b55c86c450804cd9df95bd362d7ec8dd812a90b81b38b
SERVER_TRAFFIC_SECRET_0 95b7e3eca8d88be1b1440c9135970b619ca6aef463dd8919bfd3dc53da49348c 410ad873bf277885be719835e82652d6f70ac0b9d4616fa7d837bb425521dcc3
EXPORTER_SECRET 95b7e3eca8d88be1b1440c9135970b619ca6aef463dd8919bfd3dc53da49348c 96dca06d1db491a8b6f72796fcd3ed4bdf27b0271caa0a1ba6674e9a6b193c5f
CLIENT_EARLY_TRAFFIC_SECRET 2cf50f3c70df25813c37273532f9937fdc40e16f8a76e43f1695cc0bba1c8dd2 cd61f4c1a187fcb84371fc7fc51925bd728f820e5fbbb2ea374d55e6d5f61496
CLIENT_HANDSHAKE_TRAFFIC_SECRET 2cf50f3c70df25813c37273532f9937fdc40e16f8a76e43f1695cc0bba1c8dd2 9596c992cfb9b369efe6ae738643c9303117b8f26756547f2c61110b12483a49
SERVER_HANDSHAKE_TRAFFIC_SECRET 2cf50f3c70df25813c37273532f9937fdc40e16f8a76e43f1695cc0bba1c8dd2 e883b30cac1db9f3e9cf4e4b50b8160a50cbd8b1f693cbee9595959917f9fed0
CLIENT_TRAFFIC_SECRET_0 2cf50f3c70df25813c37273532f9937fdc40e16f8a76e43f1695cc0bba1c8dd2 85871fa4027dd5e3384a5f7cf9e98e7e9e46876319150f66d44357397dd03dc6
SERVER_TRAFFIC_SECRET_0 2cf50f3c70df25813c37273532f9937fdc40e16f8a76e43f1695cc0bba1c8dd2 a5e390cdcfee0fe5992c3617915d8614c741aad06fdbfb437c921bf98ced3856
EXPORTER_SECRET 2cf50f3c70df25813c37273532f9937fdc40e16f8a76e43f1695cc0bba1c8dd2 f32b6c4dd46f200c62a1521f079d29b74214ee24370f6a1dc3254168aba5d8d5
CLIENT_EARLY_TRAFFIC_SECRET 7c18d899927451309699caebffd22d764180918332c8817ed7ed2d62fc23f2d5 9896efb50fa6c9963acf9568f00b1a3f38022a3d0d9821bd31a240508d08775f
CLIENT_HANDSHAKE_TRAFFIC_SECRET 7c18d899927451309699caebffd22d764180918332c8817ed7ed2d62fc23f2d5 95e25f5a3d48e2fe40e56adedbbee166e23092bbf67c48a1adaf92fb057bbdbf
SERVER_HANDSHAKE_TRAFFIC_SECRET 7c18d899927451309699caebffd22d764180918332c8817ed7ed2d62fc23f2d5 89b43d10f85155a75651d8830da8abdc1bb181f50f865f913de7e219d8e0302e
CLIENT_TRAFFIC_SECRET_0 7c18d899927451309699caebffd22d764180918332c8817ed7ed2d62fc23f2d5 6138f35edcc4051964d5f293bb89f3e76b0804a9aeb6cba654f709f5cf7309d4
SERVER_TRAFFIC_SECRET_0 7c18d899927451309699caebffd22d764180918332c8817ed7ed2d62fc23f2d5 2030dbe952d3c2372d42083ce7ca070b89617b16abd70fcf0dbf3374663cd616
EXPORTER_SECRET 7c18d899927451309699caebffd22d764180918332c8817ed7ed2d62fc23f2d5 3dbdfb73f97387627dbb48bf25344ac744d704eed97b2d3e64d11ca495a36e0f
CLIENT_EARLY_TRAFFIC_SECRET 034a8f0068e65d48e04bab6c8cfb9a433fbcf87c5c9df22faea551926f6bf8f3 77440eede64ecf9b4c90100a12af7f3a6a7e7b6fe90d5dc3fd676db96ecf1deb
CLIENT_HANDSHAKE_TRAFFIC_SECRET 034a8f0068e65d48e04bab6c8cfb9a433fbcf87c5c9df22faea551926f6bf8f3 57b9d1a546e1810769f36fe8f091a1932d00628cf813c256f3085cc5fdc3d04e
SERVER_HANDSHAKE_TRAFFIC_SECRET 034a8f0068e65d48e04bab6c8cfb9a433fbcf87c5c9df22faea551926f6bf8f3 dd2440f2b2a388fbb8ae3073eb715e2c3dd552a81948d92e03f9eb7c9163ba55
CLIENT_TRAFFIC_SECRET_0 034a8f0068e65d48e04bab6c8cfb9a433fbcf87c5c9df22faea551926f6bf8f3 eb7dce380676991291b2fcf40b94fdc5ca10c0c843f7710b6ab8afe40772fb9b
SERVER_TRAFFIC_SECRET_0 034a8f0068e65d48e04bab6c8cfb9a433fbcf87c5c9df22faea551926f6bf8f3 9fd578688be85137d8e9d04a0d99faa65aa1682c2591d0449bb1f9b25aafa565
EXPORTER_SECRET 034a8f0068e65d48e04bab6c8cfb9a433fbcf87c5c9df22faea551926f6bf8f3 9beb024b077e81a925d6a23b3c4d28fb7eb180e4429a0c92ce0753b0b19c5171
CLIENT_EARLY_TRAFFIC_SECRET 9beec25c95dc14d24eac57e27a0e9fd54a81bbccc699433e95aae8ff20a36704 cbc6a534df61c45c0f8d851b6ca7ad60d585623c380082feee82f46df333054e
CLIENT_HANDSHAKE_TRAFFIC_SECRET 9beec25c95dc14d24eac57e27a0e9fd54a81bbccc699433e95aae8ff20a36704 da2a8be23e51232a3d262dc5ca6ba25968d83aaafcd4433ac5c07dba37256929
SERVER_HANDSHAKE_TRAFFIC_SECRET 9beec25c95dc14d24eac57e27a0e9fd54a81bbccc699433e95aae8ff20a36704 a734d6522b89fba536e21e96b5b090b5a86f9410ec9570332e175b5ec96fb3a0
CLIENT_TRAFFIC_SECRET_0 9beec25c95dc14d24eac57e27a0e9fd54a81bbccc699433e95aae8ff20a36704 86abb08e9ad2dd8770ddaf23d9415ee985486f884b5c3cc2791814ef65055bd2
SERVER_TRAFFIC_SECRET_0 9beec25c95dc14d24eac57e27a0e9fd54a81bbccc699433e95aae8ff20a36704 24585d232ac453097519e88e4df0266c14938c2a8b54351e59bd70c3f5fef5c5
EXPORTER_SECRET 9beec25c95dc14d24eac57e27a0e9fd54a81bbccc699433e95aae8ff20a36704 465e3691a9bb234365f78f105e4b68fa64c8de1d1e1f0595c041337f82c9dd52
CLIENT_HANDSHAKE_TRAFFIC_SECRET 6e95211ea71a5f9d53adf303f921a29138a3b569f317e67f0985ec03b1fa6de5 b998dbddb0c3f8f14a7babf62efa081c4a77fc2874690132983ff941ab6f7553
SERVER_HANDSHAKE_TRAFFIC_SECRET 6e95211ea71a5f9d53adf303f921a29138a3b569f317e67f0985ec03b1fa6de5 b64956fbfde9fd8b0fab469736ac2378e54699dd2c80ca7047356005f051e669
CLIENT_TRAFFIC_SECRET_0 6e95211ea71a5f9d53adf303f921a29138a3b569f317e67f0985ec03b1fa6de5 7a5de8f1eed76dc5e00ed124010806d41687b36a4fe8bb0e44201a8136fa37bb
SERVER_TRAFFIC_SECRET_0 6e95211ea71a5f9d53adf303f921a29138a3b569f317e67f0985ec03b1fa6de5 09513a5e8ec94cf8627eaa923bc9486bd56c1931ea67b2277df7320e29416d26
EXPORTER_SECRET 6e95211ea71a5f9d53adf303f921a29138a3b569f317e67f0985ec03b1fa6de5 af25d51e707fe14c45449ed2ee445472d653d4d24da32d3e7f8f0356499e9c86
CLIENT_HANDSHAKE_TRAFFIC_SECRET edbf7fbaaf21c3773c3373e692f3027b20af50138268ebeb6ae59183a5a752e3 34f26172c2b50c383ae98de23427a49e9bcdef2788b7b40c477bfaaec82be10a
SERVER_HANDSHAKE_TRAFFIC_SECRET edbf7fbaaf21c3773c3373e692f3027b20af50138268ebeb6ae59183a5a752e3 361634aa1c0b2cd4367c2b372f6e7ca6369afebc87353a6b428e748979ba5e3d
CLIENT_TRAFFIC_SECRET_0 edbf7fbaaf21c3773c3373e692f3027b20af50138268ebeb6ae59183a5a752e3 b18c24138e85a942c5ab3884c815367227cb86175412f6778d638f00332a515a
SERVER_TRAFFIC_SECRET_0 edbf7fbaaf21c3773c3373e692f3027b20af50138268ebeb6ae59183a5a752e3 495343acc0467ac432bb5aee2204d4cc1dd30b6c5118e2b616ec06505889af1a
EXPORTER_SECRET edbf7fbaaf21c3773c3373e692f3027b20af50138268ebeb6ae59183a5a752e3 1ace98b2aaf51bfdd848c9feced1e21eb4df1e4dee389ae0137a54e427ad949f
CLIENT_EARLY_TRAFFIC_SECRET de262cd70e51ff7b33997fdf6df15697c0fdd67728605bf099723aeff9a2ab48 48686ea86c4c43ec54381623a6b82b5677d91dced494557767ef786b90c8f0b5
CLIENT_HANDSHAKE_TRAFFIC_SECRET de262cd70e51ff7b33997fdf6df15697c0fdd67728605bf099723aeff9a2ab48 5164f071980dff04525c4f26656fbebccc5eedaa8a84676d1dde55b644758361
SERVER_HANDSHAKE_TRAFFIC_SECRET de262cd70e51ff7b33997fdf6df15697c0fdd67728605bf099723aeff9a2ab48 6a6b6aea1445924e00529c0b0c3f91d79a9b09b375453c5e07f267ced9176045
CLIENT_TRAFFIC_SECRET_0 de262cd70e51ff7b33997fdf6df15697c0fdd67728605bf099723aeff9a2ab48 91d4011f99d973e2482e52a847f2bbb8ff4dabc9ee976d2da070232b97f09fa3
SERVER_TRAFFIC_SECRET_0 de262cd70e51ff7b33997fdf6df15697c0fdd67728605bf099723aeff9a2ab48 08ee8782394d44834d42e2a1b09c43476b5a7914b86b8e9a7363d14d92d40c76
EXPORTER_SECRET de262cd70e51ff7b33997fdf6df15697c0fdd67728605bf099723aeff9a2ab48 ae3dfa160aa8c0dde2b508e2a202eeefd6804e327d5f681d4ed821a7885a4dee
CLIENT_EARLY_TRAFFIC_SECRET 8d0f14964e878bfc80e3efc64670d5db15f9ef4442c37f8de0566558894c6fec dc5d784c213fcd43f55494a767be3ca3b1bb5985ffb470c954fad44e00dd1b5e
CLIENT_HANDSHAKE_TRAFFIC_SECRET 8d0f14964e878bfc80e3efc64670d5db15f9ef4442c37f8de0566558894c6fec a489628f51366c08be2258ef6899ca60dc53ebc6c52f8ff3570463263ffe95e9
SERVER_HANDSHAKE_TRAFFIC_SECRET 8d0f14964e878bfc80e3efc64670d5db15f9ef4442c37f8de0566558894c6fec 832cca180f6ec738d2c7de94e2af60368627ca26d04a5aad82dd816e2a447f45
CLIENT_TRAFFIC_SECRET_0 8d0f14964e878bfc80e3efc64670d5db15f9ef4442c37f8de0566558894c6fec a427e7b14fbd058f27f44e7c7b84ca5393b780df57bef4cf3f9c3978515b8b1f
SERVER_TRAFFIC_SECRET_0 8d0f14964e878bfc80e3efc64670d5db15f9ef4442c37f8de0566558894c6fec 2c156082f6bb192422c51e64e04674141f1c6e0a7519fb80239b0e2a6ab6b070
EXPORTER_SECRET 8d0f14964e878bfc80e3efc64670d5db15f9ef4442c37f8de0566558894c6fec 07f8b976ed1512c0c21e6d97f89dabf5766d77c624aeeb2cf583195877642b18
CLIENT_EARLY_TRAFFIC_SECRET f608633ac327da69055d76e789d0b7d773150e32d458cca42635eccda1daf002 cc4099bfe7b544a7c481b927fee6042a24fcec43cb6e79a3edc2f7cc4b28efe0
CLIENT_HANDSHAKE_TRAFFIC_SECRET f608633ac327da69055d76e789d0b7d773150e32d458cca42635eccda1daf002 94ec8503c7e0eefac0108fb721d114094db67d75cc796adf8c2c640c5415f822
SERVER_HANDSHAKE_TRAFFIC_SECRET f608633ac327da69055d76e789d0b7d773150e32d458cca42635eccda1daf002 3dceba5a62d42e7c4dc505d4432c059ae10afd708a34bc4ab6b09c5faa251afa
CLIENT_TRAFFIC_SECRET_0 f608633ac327da69055d76e789d0b7d773150e32d458cca42635eccda1daf002 7b116aad4ca296afbc9bc143a6c6bfe5fc1dd50e5e92f430abfa2c78ea60f6db
SERVER_TRAFFIC_SECRET_0 f608633ac327da69055d76e789d0b7d773150e32d458cca42635eccda1daf002 992d99ecc82b717b27507793d4c5492045776c790a83370087115f512e8030e7
EXPORTER_SECRET f608633ac327da69055d76e789d0b7d773150e32d458cca42635eccda1daf002 81e49af2afb1435b3647c68ea11a114cbe5b6450a1e8cf92468645585f63fa29
CLIENT_EARLY_TRAFFIC_SECRET 0906b21d323c018b83cfd1860ba2d3ea139c820165236eebd67e88b769008056 dba299ba74dacc8ae086858f56d0bc0e16a7e4ddf1662596e67ffbf0480b5fd8
CLIENT_HANDSHAKE_TRAFFIC_SECRET 0906b21d323c018b83cfd1860ba2d3ea139c820165236eebd67e88b769008056 dcbc6fa9684eb1ba4364a88f9b3118a9d381910eaff7ef44f95b26fbcbbb79cb
SERVER_HANDSHAKE_TRAFFIC_SECRET 0906b21d323c018b83cfd1860ba2d3ea139c820165236eebd67e88b769008056 23031a3ced61076822206ba0bc62e74be97b3ba363b1adc721bb927da50c7ad2
CLIENT_TRAFFIC_SECRET_0 0906b21d323c018b83cfd1860ba2d3ea139c820165236eebd67e88b769008056 b09bfc159719080f23ac16c84690f9bd971f1a972f3b1204b615ea482c96177e
SERVER_TRAFFIC_SECRET_0 0906b21d323c018b83cfd1860ba2d3ea139c820165236eebd67e88b769008056 3bf2bd4654fb04b73f33751563ed9a986633339f0b76814848dcdd0cc20fc515
EXPORTER_SECRET 0906b21d323c018b83cfd1860ba2d3ea139c820165236eebd67e88b769008056 eb4e552d8134adf819aeb7f481b08e87f872594fcf25643fdce9d281dbe02691
CLIENT_EARLY_TRAFFIC_SECRET 89b4f650e28d8650eab3469d5b21ca42d8c33a466fc9f887a325e8b9352becb4 07abb27bb8ff6e0bac395e4af16294f7ab4b85be420909f6a37691acf15da467
CLIENT_HANDSHAKE_TRAFFIC_SECRET 89b4f650e28d8650eab3469d5b21ca42d8c33a466fc9f887a325e8b9352becb4 617fcab78678a976c20c4f2ed7976e0a3ede2c62e20c31b2cff4e6d3bd7d7405
SERVER_HANDSHAKE_TRAFFIC_SECRET 89b4f650e28d8650eab3469d5b21ca42d8c33a466fc9f887a325e8b9352becb4 34ff315def69765b0f0e6724f886883ebb57844ab6b414dbe7ef3f123ae6bc40
CLIENT_TRAFFIC_SECRET_0 89b4f650e28d8650eab3469d5b21ca42d8c33a466fc9f887a325e8b9352becb4 db379290a27ac56b6dd8c97ad20a89a90ad1673606a944bb91e538baa35dec19
SERVER_TRAFFIC_SECRET_0 89b4f650e28d8650eab3469d5b21ca42d8c33a466fc9f887a325e8b9352becb4 11d6052a37dc1c858896732f5a04d2f125ed11cbf862eba799314499fffdbdee
EXPORTER_SECRET 89b4f650e28d8650eab3469d5b21ca42d8c33a466fc9f887a325e8b9352becb4 8038f5b915a632544cbeb68b114a1782be77e9587f0bd2cfc23422aba41c1626
CLIENT_EARLY_TRAFFIC_SECRET 00f0069beddb7a9810b1e623ba45fa943b6afce79cecc5102290f9ee603d458d 17a49049192381a9b2214a14e09996d7b5ce7f63186ad986cff1eab08968421a
CLIENT_HANDSHAKE_TRAFFIC_SECRET 00f0069beddb7a9810b1e623ba45fa943b6afce79cecc5102290f9ee603d458d cab419e3923645493e0abf341a83be2b56af1fb7b64801ace017581e2270574c
SERVER_HANDSHAKE_TRAFFIC_SECRET 00f0069beddb7a9810b1e623ba45fa943b6afce79cecc5102290f9ee603d458d d3da25e85354709bdd28c990d16bfdb0946fecf99e687d71f51529ae2ee4447d
CLIENT_TRAFFIC_SECRET_0 00f0069beddb7a9810b1e623ba45fa943b6afce79cecc5102290f9ee603d458d cc4333b216a2064e57ccdfef3c52a47aaea1e51389803d2f9b487d4f0b3edfb3
SERVER_TRAFFIC_SECRET_0 00f0069beddb7a9810b1e623ba45fa943b6afce79cecc5102290f9ee603d458d 48f23e857aac5337c3805f089ee888bed27cfabc3b8714e2f613cab07676a3de
EXPORTER_SECRET 00f0069beddb7a9810b1e623ba45fa943b6afce79cecc5102290f9ee603d458d b7d8d73f55f1138417322d5348649e551126d08183b1af4db61450576863d8ac
CLIENT_EARLY_TRAFFIC_SECRET 8bdbb00ef6761386081327b4de69d76ce62df2b31ec48a0acdf7734981ae0f76 bd4e830f31c36384929b3f6ba296c49e21bb19a219357dab3ad7cabbee268306
CLIENT_HANDSHAKE_TRAFFIC_SECRET 8bdbb00ef6761386081327b4de69d76ce62df2b31ec48a0acdf7734981ae0f76 a534b11e99b13c784b3dab7c2f3d5545fe301137986a6dbd69a9ae88e5c5dfcf
SERVER_HANDSHAKE_TRAFFIC_SECRET 8bdbb00ef6761386081327b4de69d76ce62df2b31ec48a0acdf7734981ae0f76 fecded5dac8a70b2e5908c51f8879f6cc63cc692462c679e98309e21a2198dc5
CLIENT_TRAFFIC_SECRET_0 8bdbb00ef6761386081327b4de69d76ce62df2b31ec48a0acdf7734981ae0f76 0579509122ff1c65777e5264fb34c6f8f43ab8cc7062516ce4181bb53dbb35a3
SERVER_TRAFFIC_SECRET_0 8bdbb00ef6761386081327b4de69d76ce62df2b31ec48a0acdf7734981ae0f76 821907f668cbd03d041ff8fdebaca2a3fec0b94f8d5871eef1be522e032c1fc0
EXPORTER_SECRET 8bdbb00ef6761386081327b4de69d76ce62df2b31ec48a0acdf7734981ae0f76 97a9032ab43d1dd5f4dc67547700439586423e29c93354b1c3ed92ff5ef7295e
