CLIENT_HANDSHAKE_TRAFFIC_SECRET 78deb401ef789f0fb736f42a02efb9d7f8708b47bc98eb41562c92479fbed925 2148d6bd7dc9062b693b0ac546dafcad0c05203deeb858c0d3621fde2c27f468264fe8c023f058a903144d4682fec4c9
SERVER_HANDSHAKE_TRAFFIC_SECRET 78deb401ef789f0fb736f42a02efb9d7f8708b47bc98eb41562c92479fbed925 3a4a5b8a9f1860303d69f0de43cc684ccf2e6256cc18f5b086ecad4a4dab7a84e9b88eb6f1dbd02bd2b5945bae499ba0
CLIENT_TRAFFIC_SECRET_0 78deb401ef789f0fb736f42a02efb9d7f8708b47bc98eb41562c92479fbed925 93d97d25885e845e5be2eb681185192144af68c71db800f39050a2d7271f4e5725f9223c8a3ae31c19936cdc5c2161ca
SERVER_TRAFFIC_SECRET_0 78deb401ef789f0fb736f42a02efb9d7f8708b47bc98eb41562c92479fbed925 f2dd1b90404b0e18dafff4aa440b31c6d35cfcf1bcd6ff63fc684593b0e636ba6edc7b898e7ec88aa2d7fae42f7f5deb
EXPORTER_SECRET 78deb401ef789f0fb736f42a02efb9d7f8708b47bc98eb41562c92479fbed925 98e1afcd073bc4e1f87091d9018d5545601596f8832ed1a30a26491da97e249c349adbfd96e48c41cc908bbbdc062c55
CLIENT_HANDSHAKE_TRAFFIC_SECRET d1eff18ffda25f4a81ab88d2aaf268e848cf4d00a35cfff96aa958475447a985 2e05cd5b4e9319577210a54f6543c09dfc69b81ae5664c64cf1d6728802f6224
SERVER_HANDSHAKE_TRAFFIC_SECRET d1eff18ffda25f4a81ab88d2aaf268e848cf4d00a35cfff96aa958475447a985 9415a59b2daaedcad8396d41a08de7e7e784ac93f65d057691bb0397585f6973
CLIENT_TRAFFIC_SECRET_0 d1eff18ffda25f4a81ab88d2aaf268e848cf4d00a35cfff96aa958475447a985 36eab50d393207dcfdfcca548328cbf95544884e58ccd544da50efc2f1059169
SERVER_TRAFFIC_SECRET_0 d1eff18ffda25f4a81ab88d2aaf268e848cf4d00a35cfff96aa958475447a985 e7e7a8c01193bd53f6788b85318b6c7c8b935c8d75161139af47ec0604a7159d
EXPORTER_SECRET d1eff18ffda25f4a81ab88d2aaf268e848cf4d00a35cfff96aa958475447a985 93c787f22eb756308ed15f8ab61c11a6ebb6764baf446ce14af1bc16d6c4ebc8
CLIENT_HANDSHAKE_TRAFFIC_SECRET 836a79f8ea6a0f6ba6c1c540f75b274873f16262bf08c58b1cc4db96727047de 3b1ab3e2309e6852661cf74537f78554e47358423099112e834f883ff8c88b170464c3ceb7b2de60a96a198c54f6dba7
SERVER_HANDSHAKE_TRAFFIC_SECRET 836a79f8ea6a0f6ba6c1c540f75b274873f16262bf08c58b1cc4db96727047de 40794c1bdda3099d47cdd30fcfc071de3298cd73f2f096cf316c2334df9ecb50a3234dd275dccdf1078cbd41aa598915
CLIENT_TRAFFIC_SECRET_0 836a79f8ea6a0f6ba6c1c540f75b274873f16262bf08c58b1cc4db96727047de a4972a4f9873bf6218fa9f2f905f9abb1f6913e760780bc106872af8032e284185a726d6b7de4b45ef2deab910c11612
SERVER_TRAFFIC_SECRET_0 836a79f8ea6a0f6ba6c1c540f75b274873f16262bf08c58b1cc4db96727047de ad2c02037dc44fdbbc9a0d0f3ec0d9731b6cd5dc345c567b6b790b18291c958d5016cbb65c0cc0a723ed57eca3de796a
EXPORTER_SECRET 836a79f8ea6a0f6ba6c1c540f75b274873f16262bf08c58b1cc4db96727047de ba0b7ed85fe28318c487817b2353d832df8dc09bfb1644079e934200907f0ca5aaf2d0676b7662f2c3d1b06b0bc93052
CLIENT_HANDSHAKE_TRAFFIC_SECRET a713561bc6ac4cbb2e677d786afe6d9078855a7276aa7b1963d2510308d05acd c593fc886ce6a72241447ae5f5790c1314fa28e707a8d731f7d50b3a98eb92f8
SERVER_HANDSHAKE_TRAFFIC_SECRET a713561bc6ac4cbb2e677d786afe6d9078855a7276aa7b1963d2510308d05acd 95945165c64ae06153797817e971d0a3623d03a196887d7afafc1e5ccfd09e75
CLIENT_TRAFFIC_SECRET_0 a713561bc6ac4cbb2e677d786afe6d9078855a7276aa7b1963d2510308d05acd cb6516703067921babe5057a6fb9839111f13de910f6b24fe6c8bfc729afc11c
SERVER_TRAFFIC_SECRET_0 a713561bc6ac4cbb2e677d786afe6d9078855a7276aa7b1963d2510308d05acd 0206a08703a5ba070a64a260c3b96c2b0428f3636930821b74cf6aec41049ce0
EXPORTER_SECRET a713561bc6ac4cbb2e677d786afe6d9078855a7276aa7b1963d2510308d05acd 19176b82bc87a8fc92148069c87d5a3a654848a0e25bc180096a733ab6a53b0d
CLIENT_HANDSHAKE_TRAFFIC_SECRET 54e16287b75fd6afffb89c35c32a6b4a2596b0c7f8e321290784062448b20017 6c3e97d80293b5a6506dfc8f57dfc230d52adcf5e1d94460170ed822e1ec383b
SERVER_HANDSHAKE_TRAFFIC_SECRET 54e16287b75fd6afffb89c35c32a6b4a2596b0c7f8e321290784062448b20017 9ed345ab16a40a64bd8b2f4ec59e93a8e14798df113764f13d7af29198686413
CLIENT_TRAFFIC_SECRET_0 54e16287b75fd6afffb89c35c32a6b4a2596b0c7f8e321290784062448b20017 4233ac93da84da9b881156709af28591026ecf736ca703e702b98bd1472386d3
SERVER_TRAFFIC_SECRET_0 54e16287b75fd6afffb89c35c32a6b4a2596b0c7f8e321290784062448b20017 a52f41e2fa0084eb6e29dd46b0a8216e11f2c0c16069da5cadd406b089795786
EXPORTER_SECRET 54e16287b75fd6afffb89c35c32a6b4a2596b0c7f8e321290784062448b20017 910b4629d2b1d33a93c349f28c9ca3f620afa737fce1921b46372c2c53578cde
CLIENT_HANDSHAKE_TRAFFIC_SECRET de1b0ffe65e05553eedd5e1df1ac46efb22099a153f65fdfe9363289315b917f dd58cd4718b334dc4af801da769b392fd5e36add3e6caf786390d8b409579427
SERVER_HANDSHAKE_TRAFFIC_SECRET de1b0ffe65e05553eedd5e1df1ac46efb22099a153f65fdfe9363289315b917f 0b5f699cdc872a2b15565ddfe3357a614e41889fa86ba29ef85cdc2e5810b8c2
CLIENT_TRAFFIC_SECRET_0 de1b0ffe65e05553eedd5e1df1ac46efb22099a153f65fdfe9363289315b917f 26b0b169abc87b215aa09f9ba6e542ba7c52ec3d5b63320bacf2799a19897f00
SERVER_TRAFFIC_SECRET_0 de1b0ffe65e05553eedd5e1df1ac46efb22099a153f65fdfe9363289315b917f a8b46e581c3dedf91e469bca6f9aaf904979aa9b808be29750e1f72e7b03bdf9
EXPORTER_SECRET de1b0ffe65e05553eedd5e1df1ac46efb22099a153f65fdfe9363289315b917f 7ec729d70d6d907e254a27782d6cabe6f4ddad5f68db32b419f53d0c54fb1f5e
CLIENT_HANDSHAKE_TRAFFIC_SECRET 8d2f93430081c8d4d866266a27399b46dbb283d4ff34f3642d3c9227f8c2a0ff c5a2edc2c8c441a6dd3d2e8cdc4ceb26a371495ea158b1176c8d1e9436d09aa5
SERVER_HANDSHAKE_TRAFFIC_SECRET 8d2f93430081c8d4d866266a27399b46dbb283d4ff34f3642d3c9227f8c2a0ff 4e0fc0c58cc78873fb7ba7e1ef74569a2e49fe29455a76a1e28525029b62ade6
CLIENT_TRAFFIC_SECRET_0 8d2f93430081c8d4d866266a27399b46dbb283d4ff34f3642d3c9227f8c2a0ff 75e96ddfe43d879e3bb88ca9e8bdca98d740e95b1e57db27c0d306da9fc0a3b7
SERVER_TRAFFIC_SECRET_0 8d2f93430081c8d4d866266a27399b46dbb283d4ff34f3642d3c9227f8c2a0ff d67c0f53b2986b674d6f27b52cf8a65e147bb6b599a04878cae3a57a4d5ecced
EXPORTER_SECRET 8d2f93430081c8d4d866266a27399b46dbb283d4ff34f3642d3c9227f8c2a0ff f208d7c8c246b8ba3ea7b5996b6dbe5e6d8a498db8e8a176f1f46271fb755806
CLIENT_HANDSHAKE_TRAFFIC_SECRET 1faa51d3e85b6b9392aa20228d6dffc1afaeb53cb86d002d5714ca7c2e264fe8 55ff02c460e81025ad50410ff63b8be4ca59c2a7ee373728d50bb762182c4887
SERVER_HANDSHAKE_TRAFFIC_SECRET 1faa51d3e85b6b9392aa20228d6dffc1afaeb53cb86d002d5714ca7c2e264fe8 4ff412a7b86fdfe640dabd4976685f7cc23c776fb7aff10474570b613d1940db
CLIENT_TRAFFIC_SECRET_0 1faa51d3e85b6b9392aa20228d6dffc1afaeb53cb86d002d5714ca7c2e264fe8 12213bfeb20235a065bda73f71934fb0ec0fd2c194fdca21d6aa4387afbd157f
SERVER_TRAFFIC_SECRET_0 1faa51d3e85b6b9392aa20228d6dffc1afaeb53cb86d002d5714ca7c2e264fe8 254c7cee816623e69fc9e9964ddd5bc8fe96e07c2e73bdbbfe081215a3754b75
EXPORTER_SECRET 1faa51d3e85b6b9392aa20228d6dffc1afaeb53cb86d002d5714ca7c2e264fe8 93e23e8de4b8694075ccf846b112c8f096964bf95f037d5cca7e78000cfe4242
CLIENT_HANDSHAKE_TRAFFIC_SECRET 95bbffaf70d1b74e284cd6552f7503c5a9eafe92991f6f2bfcd0ce2994fbaf79 15dafa2e6fb9fd1033f641b492c2999bea388dba932701a8109946dc355a1308
SERVER_HANDSHAKE_TRAFFIC_SECRET 95bbffaf70d1b74e284cd6552f7503c5a9eafe92991f6f2bfcd0ce2994fbaf79 ce9119b39f8077219ab52230b9b3562cc362b38399705f428d2cbc27d973d8bf
CLIENT_TRAFFIC_SECRET_0 95bbffaf70d1b74e284cd6552f7503c5a9eafe92991f6f2bfcd0ce2994fbaf79 208c7ccdfd69a0a489d4b966084615197488dc1e595dc7a4725b9d598d0fdc5b
SERVER_TRAFFIC_SECRET_0 95bbffaf70d1b74e284cd6552f7503c5a9eafe92991f6f2bfcd0ce2994fbaf79 5ea4a161c9fbe68d69640f381c5cfb2a48b3170d25172d41cc68721cd55be478
EXPORTER_SECRET 95bbffaf70d1b74e284cd6552f7503c5a9eafe92991f6f2bfcd0ce2994fbaf79 ad47d32d4475299cab0fffd52eaacb9ebafdf32cffd895a53320141bc0925520
CLIENT_HANDSHAKE_TRAFFIC_SECRET f6b2b9c40bf49bd7ec6d91eb9c7e5f556e9f41085c56d04ff19b9bf5ce0f2dc4 0ddf7dc59a7585c7f85f13d7c29bb4e397f725be4360864c27906939e44aaa30
SERVER_HANDSHAKE_TRAFFIC_SECRET f6b2b9c40bf49bd7ec6d91eb9c7e5f556e9f41085c56d04ff19b9bf5ce0f2dc4 e397677c5a1bb8ff3e2e223ca6e09a16f0de4f8f0cfbcd9a9c0d40bcaecf7b57
CLIENT_TRAFFIC_SECRET_0 f6b2b9c40bf49bd7ec6d91eb9c7e5f556e9f41085c56d04ff19b9bf5ce0f2dc4 5a981ee1e5e3cb4cc31b91713ce3c0592629248b972d36a35da6582b0dc99c5f
SERVER_TRAFFIC_SECRET_0 f6b2b9c40bf49bd7ec6d91eb9c7e5f556e9f41085c56d04ff19b9bf5ce0f2dc4 76ac10d4bb5ad0456180953f6c95ff163d75e4af0d100c1d2ba19ef7fd4ab5e4
EXPORTER_SECRET f6b2b9c40bf49bd7ec6d91eb9c7e5f556e9f41085c56d04ff19b9bf5ce0f2dc4 3c3f2cfb35699904b62c2da058e48599becacd628f087091abeab90d99c89ead
CLIENT_EARLY_TRAFFIC_SECRET d1b98f98a60239303574123129fc3863aa28b2f7efdf0b0020943f373dd2fff0 e729ffcf12d331c781049263c1210bcf0f4c6f553479190f861347200b5f375e
CLIENT_HANDSHAKE_TRAFFIC_SECRET d1b98f98a60239303574123129fc3863aa28b2f7efdf0b0020943f373dd2fff0 7c4225a1e0a7267b634ee14a8122e105b2553d599c0daf88b426fa8ad9a88902
SERVER_HANDSHAKE_TRAFFIC_SECRET d1b98f98a60239303574123129fc3863aa28b2f7efdf0b0020943f373dd2fff0 4f78f85781ad0fbec0959ea4ab6968b48d4f00ed05f7a25caed66101b8ec70e4
CLIENT_TRAFFIC_SECRET_0 d1b98f98a60239303574123129fc3863aa28b2f7efdf0b0020943f373dd2fff0 887f0986ab7e3721b3af16a164efebdef9810839b74e0ebccddbaf0180ef466e
SERVER_TRAFFIC_SECRET_0 d1b98f98a60239303574123129fc3863aa28b2f7efdf0b0020943f373dd2fff0 ab63a74477c7dc323a4e2eb2efcee9793ea35237f2215d0cf8a7d0fbf561b73b
EXPORTER_SECRET d1b98f98a60239303574123129fc3863aa28b2f7efdf0b0020943f373dd2fff0 f747f80b16e8b0c57a9f20812fdde3a451bffd1216ba0642ac6af16eb28fd642
CLIENT_EARLY_TRAFFIC_SECRET 1606c6f3fc2e239c92aeae7977251067735966eabb2f7dfada073613447d897b 6dfdf3afab64919668fd173f66d999b4754c563dbdb73d9b7b7e29c9dd55f7aa
CLIENT_HANDSHAKE_TRAFFIC_SECRET 1606c6f3fc2e239c92aeae7977251067735966eabb2f7dfada073613447d897b 470fa4c00b802d5c0b59bced5917af14ef7ebfa1cef12312becaaba79060185e
SERVER_HANDSHAKE_TRAFFIC_SECRET 1606c6f3fc2e239c92aeae7977251067735966eabb2f7dfada073613447d897b 4deb476cf39cb299889ca7cc488e4c4ceb76dd08296c10e5ead373e250605752
CLIENT_TRAFFIC_SECRET_0 1606c6f3fc2e239c92aeae7977251067735966eabb2f7dfada073613447d897b 7659c606274bdd3b950eb471fe9e4dc60e433566144b78d8d3b594626517680e
SERVER_TRAFFIC_SECRET_0 1606c6f3fc2e239c92aeae7977251067735966eabb2f7dfada073613447d897b 68271032bba496ac20ae88770160b025f64831d16ad1c7323f5a72441772688e
EXPORTER_SECRET 1606c6f3fc2e239c92aeae7977251067735966eabb2f7dfada073613447d897b 0175b4075f656f2c64f07ead1fef1e91de4a442e0279eecc5f2c0ff822765412
CLIENT_EARLY_TRAFFIC_SECRET 7c2ce39422bf77aebc19284fe1a5db9409c435994cdbb0bda48d9a75ed9a8eab 787e56f4366df86708a8f3e3b6309425c22dbba662fe884c5bf7afa1e444e879
CLIENT_HANDSHAKE_TRAFFIC_SECRET 7c2ce39422bf77aebc19284fe1a5db9409c435994cdbb0bda48d9a75ed9a8eab 1f02c6833d69c3a928da9ed441a67e9a3669ad2261eea057f53807d4ab0c2f24
SERVER_HANDSHAKE_TRAFFIC_SECRET 7c2ce39422bf77aebc19284fe1a5db9409c435994cdbb0bda48d9a75ed9a8eab 5b88f4dabba1aed304766dd01e9dd5201ddb93f092b3ca61932e98b1f295664b
CLIENT_TRAFFIC_SECRET_0 7c2ce39422bf77aebc19284fe1a5db9409c435994cdbb0bda48d9a75ed9a8eab 393943bdce3f4dbdee13f34822447a262cc8538998543d5614736b1c2de4515d
SERVER_TRAFFIC_SECRET_0 7c2ce39422bf77aebc19284fe1a5db9409c435994cdbb0bda48d9a75ed9a8eab 7897b015f23ff9e73e6a2f78fbac16b69cfbab9b278b6726486787b4d6ff13b4
EXPORTER_SECRET 7c2ce39422bf77aebc19284fe1a5db9409c435994cdbb0bda48d9a75ed9a8eab 95d078cac6fd39394edcc34e650694d4055ace62c56e9c409471d7b4dd0c6709
CLIENT_EARLY_TRAFFIC_SECRET 8dbf2faaf5e87e13277f41a0e56593660681dd9f33a38553c1b9cb1755ac23ec aeb348a3cca7b6b0263f8cb53597667485cb5ffe16049f7c140516dee1470b6e
CLIENT_HANDSHAKE_TRAFFIC_SECRET 8dbf2faaf5e87e13277f41a0e56593660681dd9f33a38553c1b9cb1755ac23ec cc1db03409dbf51b4a19d7a1ebbadb2fad8d9ab1cdf4991809c7a7b1737e703b
SERVER_HANDSHAKE_TRAFFIC_SECRET 8dbf2faaf5e87e13277f41a0e56593660681dd9f33a38553c1b9cb1755ac23ec 90e0bb25b14802a46340456e583076124c63ca8d7d2b210f60c2fe68bd394e5f
CLIENT_TRAFFIC_SECRET_0 8dbf2faaf5e87e13277f41a0e56593660681dd9f33a38553c1b9cb1755ac23ec c2803beb7c899226e8ef99a1775e62a3cfb8dce113b8359bdbcf1b21d4fe1a63
SERVER_TRAFFIC_SECRET_0 8dbf2faaf5e87e13277f41a0e56593660681dd9f33a38553c1b9cb1755ac23ec e4f7942322aa0c1c098106878ddf4913e53348f357449dcb5416673b34f9332c
EXPORTER_SECRET 8dbf2faaf5e87e13277f41a0e56593660681dd9f33a38553c1b9cb1755ac23ec 7941c601b0d24033c5e7725c46cbb9f8267403211663dec7b06aaf5ff512f390
CLIENT_EARLY_TRAFFIC_SECRET dc36c6c80c3ea085c378190a96fe56ac54aeb42045edd5c26edb91668fb47517 6c48c9a89db01f9e84082119f1fd6ea2094ffe0b615820723d3c6e11dacd9d3b
CLIENT_HANDSHAKE_TRAFFIC_SECRET dc36c6c80c3ea085c378190a96fe56ac54aeb42045edd5c26edb91668fb47517 55066957c53400b14ab3ba148d086977e70b1dd01685b8bb0e18e5e8c4484f44
SERVER_HANDSHAKE_TRAFFIC_SECRET dc36c6c80c3ea085c378190a96fe56ac54aeb42045edd5c26edb91668fb47517 5444207fb7d7c2ca4f1883aa6daf679ff86691b2bf6b5b77a4ce52da2ddad07d
CLIENT_TRAFFIC_SECRET_0 dc36c6c80c3ea085c378190a96fe56ac54aeb42045edd5c26edb91668fb47517 c7e457a205ce08f1f166cc5e7fa11553026ae18777229e9686a64959e97e3f64
SERVER_TRAFFIC_SECRET_0 dc36c6c80c3ea085c378190a96fe56ac54aeb42045edd5c26edb91668fb47517 a352b6216c01812b341ef051aa4e01d97775a94bb812ccc54e1f616a542bcdcc
EXPORTER_SECRET dc36c6c80c3ea085c378190a96fe56ac54aeb42045edd5c26edb91668fb47517 474018073b34890d95fa26adcdd47ee37f2aa75bf4aee7fc5bdab7548d8355ae
CLIENT_HANDSHAKE_TRAFFIC_SECRET cd3f9b20ae095a843ad03affacf3aa36ef430ca34c2901b6e770ade656772e3f 767dbf60f7407741548eac845556767f1797c58cef5be472b6311096521340bd
SERVER_HANDSHAKE_TRAFFIC_SECRET cd3f9b20ae095a843ad03affacf3aa36ef430ca34c2901b6e770ade656772e3f 3cc47483bdd21167264501c3ac83b7c8ecfafcf4ae8a485f8f500c8c11b7215c
CLIENT_TRAFFIC_SECRET_0 cd3f9b20ae095a843ad03affacf3aa36ef430ca34c2901b6e770ade656772e3f 858d8b34ba990bcf7addf2c16216c45dbbb5829c57fa57d76cba750db36548bc
SERVER_TRAFFIC_SECRET_0 cd3f9b20ae095a843ad03affacf3aa36ef430ca34c2901b6e770ade656772e3f 8d083d9ddb5b1acd065442906a3cefa5132f56db973b6ea8dcc627bfd33efc56
EXPORTER_SECRET cd3f9b20ae095a843ad03affacf3aa36ef430ca34c2901b6e770ade656772e3f 999ecd95cc607b399333ae61fc8d4b659b85fc18846678191972738cbcf0ed8e
CLIENT_HANDSHAKE_TRAFFIC_SECRET e45a0c47db8dfb1d32570308e5e737d4e4257a72a03c55cf3e60b3254c41eb7f c6796ea8088c660c13ce8e73eb7e0f29cc11717576f392425e18598586352c57
SERVER_HANDSHAKE_TRAFFIC_SECRET e45a0c47db8dfb1d32570308e5e737d4e4257a72a03c55cf3e60b3254c41eb7f dcabe3fc18fbd446fce24213fddc6b82f57291167d7dca7c6ce98d76a88391f9
CLIENT_TRAFFIC_SECRET_0 e45a0c47db8dfb1d32570308e5e737d4e4257a72a03c55cf3e60b3254c41eb7f 5187607242a71ad0379b32153dcbb1191802b500bdcb4546dd89c95d527ea1d2
SERVER_TRAFFIC_SECRET_0 e45a0c47db8dfb1d32570308e5e737d4e4257a72a03c55cf3e60b3254c41eb7f 7319c45a48ef3c3d2413354a39d441e31295ef250edf32b31ff1f29ecc15a82c
EXPORTER_SECRET e45a0c47db8dfb1d32570308e5e737d4e4257a72a03c55cf3e60b3254c41eb7f a3743b594a4e87993a2971672a4e29a006b7a9c7dd26db1d0a73ee0fa6c70d37
CLIENT_HANDSHAKE_TRAFFIC_SECRET dec34bcb9e8c3375032400c12f776ec923e41eef5b74fd5dd6ac7ff6b575bea3 d05800a576f2b72aeb66804966daa1ebd4f020231851cd36cb9c0bf020e4d021
SERVER_HANDSHAKE_TRAFFIC_SECRET dec34bcb9e8c3375032400c12f776ec923e41eef5b74fd5dd6ac7ff6b575bea3 2dfff385bf96a1aa5dc0f725c99ba53fa68504540575afa8649945204c0c0c7a
CLIENT_TRAFFIC_SECRET_0 dec34bcb9e8c3375032400c12f776ec923e41eef5b74fd5dd6ac7ff6b575bea3 849ae5ff0253492b86b3c87aaeb726bb055e91250acff4e4533694283c608ccb
SERVER_TRAFFIC_SECRET_0 dec34bcb9e8c3375032400c12f776ec923e41eef5b74fd5dd6ac7ff6b575bea3 2f06ab216c8dfe094e1828fac78578e3298f5c504586a833d36e5bd7f1139457
EXPORTER_SECRET dec34bcb9e8c3375032400c12f776ec923e41eef5b74fd5dd6ac7ff6b575bea3 4e3ef7484d5c53f6abf41e4f0b33014134fc998bf086ab97c998911d3d300d88
CLIENT_HANDSHAKE_TRAFFIC_SECRET f3238f03653e56529873d4f7e48d77e7ee44b4cd415584a4f193ded15f32c356 cf53a8e3b4c33500c0683178669c5657ca54d79273d34d068a335265c2133c67
SERVER_HANDSHAKE_TRAFFIC_SECRET f3238f03653e56529873d4f7e48d77e7ee44b4cd415584a4f193ded15f32c356 21219d27f47c3ac95faf8121dfa4ea7ec97c64d280c35bdf3b412d2bb46354c3
CLIENT_TRAFFIC_SECRET_0 f3238f03653e56529873d4f7e48d77e7ee44b4cd415584a4f193ded15f32c356 54e4d484ccce07af8507ebea9b88de10e1c1341d1f4b7d75e401ec3c8241c8f8
SERVER_TRAFFIC_SECRET_0 f3238f03653e56529873d4f7e48d77e7ee44b4cd415584a4f193ded15f32c356 04d00d4171460ce3620d0344884868060272e1ce0f8d1205bcc63d9679fc1a62
EXPORTER_SECRET f3238f03653e56529873d4f7e48d77e7ee44b4cd415584a4f193ded15f32c356 805f8686c5766a528d64e466d372aa89e54b38a2bc8b41600f6eb0467b74eb76
CLIENT_HANDSHAKE_TRAFFIC_SECRET 61c2a39a66f2fba0c0837da0395905051094ace230b5829d276ae8aa04add9b6 f0fa32ea6832f72cbe4e4714736b2eae39b0032ad5b42e8cf20627217b54d77a
SERVER_HANDSHAKE_TRAFFIC_SECRET 61c2a39a66f2fba0c0837da0395905051094ace230b5829d276ae8aa04add9b6 0f1943b7bfab89c7f772f032bdafeb73d91daaf27daa1e5723a555ab51549347
CLIENT_TRAFFIC_SECRET_0 61c2a39a66f2fba0c0837da0395905051094ace230b5829d276ae8aa04add9b6 72e9fc315f0ae20edc61e32bba476b95dcea96fa19254515bf8ad270ce41e567
SERVER_TRAFFIC_SECRET_0 61c2a39a66f2fba0c0837da0395905051094ace230b5829d276ae8aa04add9b6 91b079879883cd089f542a31b320ea68a04ffb42f1b577175b8e5e976e591be1
EXPORTER_SECRET 61c2a39a66f2fba0c0837da0395905051094ace230b5829d276ae8aa04add9b6 bd95d3f40eb71772d61a203e13ea5cc1ca78247487f0432a6d4460a538ddc5bc
CLIENT_HANDSHAKE_TRAFFIC_SECRET 0aca0a8347ce25dbbc954465161c175d475b3d25b0781a3d95f7e86e554c546b a0fd2c657b6817999581349607999bf065b0ffac9545c869078b177306ece72b
SERVER_HANDSHAKE_TRAFFIC_SECRET 0aca0a8347ce25dbbc954465161c175d475b3d25b0781a3d95f7e86e554c546b bdcd20f840c1c2e16dcca0d0bca7c329ba76300351c27cbb13f1a85e5b5d59b2
CLIENT_TRAFFIC_SECRET_0 0aca0a8347ce25dbbc954465161c175d475b3d25b0781a3d95f7e86e554c546b cdf69c4e78cc03613775e5fb11afe8baf2f5f836f7410fa84bf329adf61ca784
SERVER_TRAFFIC_SECRET_0 0aca0a8347ce25dbbc954465161c175d475b3d25b0781a3d95f7e86e554c546b 7722474e5ff9447e5a7da5b3d03bbe87ff842305988c584af87c517d7297b7d8
EXPORTER_SECRET 0aca0a8347ce25dbbc954465161c175d475b3d25b0781a3d95f7e86e554c546b 8d50ee23396c33af4c8d9ab182608753a20ea35db2815d734358597aa9a36efb
