# SSL/TLS secrets log file, generated by NSS
CLIENT_RANDOM 5ebf25f2c8930d7f8c0f2a2b5a7bca2afedbf8df20fb2c0b537b9671a7d7ff85 97dea92a334f6a8906524e6b6063eb2126abd94979205542e91e0fb8890091061b810dbe6080cf41a8da9f47008888d1
CLIENT_HANDSHAKE_TRAFFIC_SECRET 1283baa516f44085b23241fd41155efcb84d8caf93a1a80192dae29a1f3131bb ab930dc7c93c2a2cacd864f05abfb56884d78d8000a5dc7685ac5d2eefe40f9a
SERVER_HANDSHAKE_TRAFFIC_SECRET 1283baa516f44085b23241fd41155efcb84d8caf93a1a80192dae29a1f3131bb 88d18cd01a0a6e692fae173b0fd9bcda83d67892cb50059881b981d01d6d9ec1
CLIENT_TRAFFIC_SECRET_0 1283baa516f44085b23241fd41155efcb84d8caf93a1a80192dae29a1f3131bb 4f8e674b8d7e43f420d36e2a7f72d533ceec19a7403d6d9cbf931b5b4469b191
SERVER_TRAFFIC_SECRET_0 1283baa516f44085b23241fd41155efcb84d8caf93a1a80192dae29a1f3131bb d59de96f52857b34ac6233f2ebbb24614c1eb836452569dc4c1a8adf7a116407
EXPORTER_SECRET 1283baa516f44085b23241fd41155efcb84d8caf93a1a80192dae29a1f3131bb 7f46a98b723563d6159706d80f43bbfef7771c4692f6d5b5974d9ad349ff29c5
CLIENT_HANDSHAKE_TRAFFIC_SECRET 1d2e7916c87868a150f06ff8be1913206e2d1e4b94f2d80880b35a07ad246a38 1ca25848722379aaf4b791b4242c2e9830e3646e9228e3fc491a0e8330c75807
SERVER_HANDSHAKE_TRAFFIC_SECRET 1d2e7916c87868a150f06ff8be1913206e2d1e4b94f2d80880b35a07ad246a38 7228d4ff6fc71f7ce36b42af12fab60ff0a20c999ee948488b5ff5de40d364f9
CLIENT_TRAFFIC_SECRET_0 1d2e7916c87868a150f06ff8be1913206e2d1e4b94f2d80880b35a07ad246a38 b9ea8ba93c1171afaa3f224586d546b3e1dee7ffb9a18ba604ebf1e546d75ed7
SERVER_TRAFFIC_SECRET_0 1d2e7916c87868a150f06ff8be1913206e2d1e4b94f2d80880b35a07ad246a38 ef314f6829be501634392a2d805497360ce2bf312d9afc8fa9bc43fe4d12927b
EXPORTER_SECRET 1d2e7916c87868a150f06ff8be1913206e2d1e4b94f2d80880b35a07ad246a38 ab5f6ccc745533ee463ed49631dce25319a21900f8fcf5327be02825efe97b6d
CLIENT_HANDSHAKE_TRAFFIC_SECRET dfcea8d7de13238145b42d2b837706537e5caea2f2e2dc03b32c6ca504b6677e cc5a76e5ca001cf4dbce42c24dc63bb896ddd5876a6ef9870e68be724e5c5bf7
SERVER_HANDSHAKE_TRAFFIC_SECRET dfcea8d7de13238145b42d2b837706537e5caea2f2e2dc03b32c6ca504b6677e 57cf261e45ef9621308c18d4757bb1e4d3af779ceaaa486a8417231d0240af8d
CLIENT_TRAFFIC_SECRET_0 dfcea8d7de13238145b42d2b837706537e5caea2f2e2dc03b32c6ca504b6677e d3c894b49a029ccfc00a8fe0e259345effe011991a0f9c285b12568301f459b9
SERVER_TRAFFIC_SECRET_0 dfcea8d7de13238145b42d2b837706537e5caea2f2e2dc03b32c6ca504b6677e 55d39aad4146cc60f871edff47c6c50f5e9b151674919ef6a98d86cdd61771ee
EXPORTER_SECRET dfcea8d7de13238145b42d2b837706537e5caea2f2e2dc03b32c6ca504b6677e c81d8e69333aec1c64255f39cd9d901e8f72a79d7af637d37de05cb689404e2c
CLIENT_RANDOM bdba3d83d0635ec3afc54bc2ea3fc23f1b3c6b8074f897eaf35902f307b563b8 7d80fb9864e93b0a1bbbee359b682519bca8a5e0208539a056d9f0e574156bad1c47ed9e08cf3ff73535bb617c7b2c1e
CLIENT_RANDOM c93b3ac10b3eaeb5ee04185d537df16d858a6084658649a6bd2eaab32fcfd0d4 49c962a086490bd0c4619c5b1ff74acbe3ea3874bd1cb6268dc480138dbe20fb6244ac58c4a9d914279733e0ee69bfd3
# SSL/TLS secrets log file, generated by NSS
CLIENT_HANDSHAKE_TRAFFIC_SECRET 9390bd57b2abcd371612729886af30ce797a73d340c6bffb568ab00a54d6adb7 9a14f34628e9a38903dc03222c4770f48a8ae0446246fd415c264d74b805826daa9f213e2316ddf0dd423833f2c02d7c
SERVER_HANDSHAKE_TRAFFIC_SECRET 9390bd57b2abcd371612729886af30ce797a73d340c6bffb568ab00a54d6adb7 15b875ad188a0f0a4c13376e5294f0cc188ee2ec6cf1f975d6aafc818bb3cec82b599be181a4db9d61e481720050b685
CLIENT_TRAFFIC_SECRET_0 9390bd57b2abcd371612729886af30ce797a73d340c6bffb568ab00a54d6adb7 b9d83cfe07d8f87f706fde0c462f056f2733076412c19178e5718edf449de2359aa21241f2844cf825326f0cd89f7601
SERVER_TRAFFIC_SECRET_0 9390bd57b2abcd371612729886af30ce797a73d340c6bffb568ab00a54d6adb7 1a15ba6ac74ee86d27fedd3851a8d8f88492b3d2e63bcb9ecd4982b3ff69c15a797d19c143cd16a93c351bbe1ccda386
EXPORTER_SECRET 9390bd57b2abcd371612729886af30ce797a73d340c6bffb568ab00a54d6adb7 53c17953296455c9f4329631285f2b36ef0e3e4b3eb850107eb2f6521d4c96cc5f5c5cc51f98685d14898bc53c3a0ee7
CLIENT_RANDOM 9b49df193f23719c03f6b581c1130794a0817d7674cc697f23f251f4a30de8eb 5e3b7a6577f9a1456490fba20f2eb2fd5813b99c60f5d8f8e1a0bc4d274e224e80ba91f33c86558c56b84c1e5fe33fa1
CLIENT_HANDSHAKE_TRAFFIC_SECRET 11a0fae4f694ff1607fbb1269c8bfd02357e5a6eed833118c8bc499f47a571ac e087e549b1387ae4618ec9379089f1c56880a133cd9a8e9ef1f141fdc64882bf
SERVER_HANDSHAKE_TRAFFIC_SECRET 11a0fae4f694ff1607fbb1269c8bfd02357e5a6eed833118c8bc499f47a571ac 21aecde9f10ea1e3602e85dc4b2ad2bbb5d95e6ee11e7a720b66be3629b7f6a4
CLIENT_TRAFFIC_SECRET_0 11a0fae4f694ff1607fbb1269c8bfd02357e5a6eed833118c8bc499f47a571ac 772c2d72a80cf599c0cc6e6d82d6f6cc1a1489f0218061af20fab4040371f7b2
SERVER_TRAFFIC_SECRET_0 11a0fae4f694ff1607fbb1269c8bfd02357e5a6eed833118c8bc499f47a571ac 0e922ef94cfa8e76433f0d46d9269dd4216017e6c27444aa26ed19944b287066
EXPORTER_SECRET 11a0fae4f694ff1607fbb1269c8bfd02357e5a6eed833118c8bc499f47a571ac f6a5f22a25c409f982fba23c03f2c8680537ba62beadf11e1b7e9cdaacc90814
CLIENT_RANDOM 527d2e19c9253fb9c1a25dda430e68b5ce35c7c8d463fa08757cd03343b96d8e ee7d40b5df783a2e1890823b1f192b2a1028b99239bc8ad28e60dc5559e36424994e06d2ef712956c0438e0ca96ae572
CLIENT_HANDSHAKE_TRAFFIC_SECRET 7a03529cda749505f8cc5e4a4dfe018c6e602975abf35818e1eb7538d6252937 14518f71a6b2470b3472013ac8574e440d0bdde471394c2e4b490a20ada3ab6b
SERVER_HANDSHAKE_TRAFFIC_SECRET 7a03529cda749505f8cc5e4a4dfe018c6e602975abf35818e1eb7538d6252937 ed3ddaf13246e14862044392be03953ea64c68cff8e0d73d905e883a13872481
CLIENT_TRAFFIC_SECRET_0 7a03529cda749505f8cc5e4a4dfe018c6e602975abf35818e1eb7538d6252937 9f2b4a1b0568916011d8e9c96fb3fdc139c21c4fb79ffc380b70be20dd662d8d
SERVER_TRAFFIC_SECRET_0 7a03529cda749505f8cc5e4a4dfe018c6e602975abf35818e1eb7538d6252937 41e3eaa30f138a143576d1876b04d469d983bf19dee54cc5b3b9eb5a1a16edbb
EXPORTER_SECRET 7a03529cda749505f8cc5e4a4dfe018c6e602975abf35818e1eb7538d6252937 c7978664a6bcba2a75b9ed476b1e8c3d4cbc0958de5d2f5352e240c3c9f35e31
CLIENT_HANDSHAKE_TRAFFIC_SECRET b9019393fed6ba4302e22c549cb89e68010acba7b5d6ee6d0a6d0ab6a4c99bd1 0c719e879bc2fe09bb66e591ac35dd4a7e8051758427677d32c1d0187e3e5005
SERVER_HANDSHAKE_TRAFFIC_SECRET b9019393fed6ba4302e22c549cb89e68010acba7b5d6ee6d0a6d0ab6a4c99bd1 4394f3b1fb5914f93e864217c0701feeceaa36171aa58a6cc452165a6fbc7f9d
CLIENT_TRAFFIC_SECRET_0 b9019393fed6ba4302e22c549cb89e68010acba7b5d6ee6d0a6d0ab6a4c99bd1 dd3715035d6ab5b38c6cfd79c66991853071ba74528050e21b6f2fbc344f0c9a
SERVER_TRAFFIC_SECRET_0 b9019393fed6ba4302e22c549cb89e68010acba7b5d6ee6d0a6d0ab6a4c99bd1 cd7aae03e0f8d2f7ab3b933eaec59f7d7de17303f8654127e6a7ce25ec642b6d
EXPORTER_SECRET b9019393fed6ba4302e22c549cb89e68010acba7b5d6ee6d0a6d0ab6a4c99bd1 7ee0d1f4a254b81f0fb86f3629beee62a99520dfbbc5d94c2eaee8c2f87ae766
CLIENT_HANDSHAKE_TRAFFIC_SECRET 751109246b4971afd2de9f76aeb59575edcb8cde75cc3181064c980800da3745 5aeb3b01b16f574fb00886d97408f1ec6ad1ac5b1b904c4007c2831e11604d82
SERVER_HANDSHAKE_TRAFFIC_SECRET 751109246b4971afd2de9f76aeb59575edcb8cde75cc3181064c980800da3745 dc2cffc990687a30b8d86a18495ff8031e58554b658bc14f148a1ddb7f17b57b
CLIENT_TRAFFIC_SECRET_0 751109246b4971afd2de9f76aeb59575edcb8cde75cc3181064c980800da3745 768a8a58bf9a13ca7bbcefdc2688fd70528bb0273c6f7d97f283d30fc4e06e91
SERVER_TRAFFIC_SECRET_0 751109246b4971afd2de9f76aeb59575edcb8cde75cc3181064c980800da3745 ada30ac82583035e3f5f855d1282ce7bd3ba5141cad3cff89a3c852b2b33f76c
EXPORTER_SECRET 751109246b4971afd2de9f76aeb59575edcb8cde75cc3181064c980800da3745 8d542f7c8d90eb8cb1b186fe225f3cc1a30f3d89d5f647e17236ac0eb6cb0610
CLIENT_HANDSHAKE_TRAFFIC_SECRET 162076ce2945097bd1dc5c9c8a5d53861e0497ec1be2831a28dc02fe9b5ac772 8b7dbd0cabfa305f3861cafc2720929312ddaa393a291d239a0834eba2c94863
SERVER_HANDSHAKE_TRAFFIC_SECRET 162076ce2945097bd1dc5c9c8a5d53861e0497ec1be2831a28dc02fe9b5ac772 387951f6bf65c418aa165fa9c9370fd637590762618f990db1fd10b022ef34e4
CLIENT_TRAFFIC_SECRET_0 162076ce2945097bd1dc5c9c8a5d53861e0497ec1be2831a28dc02fe9b5ac772 ddefddb2d80809abeb177ea251adf503629f8fa763e2074f890de4d86dae1850
SERVER_TRAFFIC_SECRET_0 162076ce2945097bd1dc5c9c8a5d53861e0497ec1be2831a28dc02fe9b5ac772 b5988c1ed3b312196a9348f4d6f707725e3baf15da6c01b3661820e435b4d3d6
EXPORTER_SECRET 162076ce2945097bd1dc5c9c8a5d53861e0497ec1be2831a28dc02fe9b5ac772 f6ca751aa7c6292ebf444834dc17fecbe6ab175ceff2552532fef8c662991ec1
CLIENT_HANDSHAKE_TRAFFIC_SECRET 87f9ce01876d40e6704da298ccb0d4585345960daa15406b0fc01896f32427b6 fc5c107bc80d75ed4154d96f17c066575131367b3d29e4046e9cedeb4f991cf8
SERVER_HANDSHAKE_TRAFFIC_SECRET 87f9ce01876d40e6704da298ccb0d4585345960daa15406b0fc01896f32427b6 137382d8020bd633b5af1a41f986f355ea23578b8bddc05846ac6cc4ff4bb565
CLIENT_HANDSHAKE_TRAFFIC_SECRET 27a1e3c2e0ad5de7fed04afb874f3761302ce2ad5ba097fbf8e98977825e7cab 63a04d7191d27ffe14190e3f6126eb5f67bacc89d39f26d2451e2cb25a70d3a5
SERVER_HANDSHAKE_TRAFFIC_SECRET 27a1e3c2e0ad5de7fed04afb874f3761302ce2ad5ba097fbf8e98977825e7cab e17a6cb42165e0e1e2712515fa0389dd3b089395d9558bb75122a5482357eca2
CLIENT_TRAFFIC_SECRET_0 27a1e3c2e0ad5de7fed04afb874f3761302ce2ad5ba097fbf8e98977825e7cab c7575a1824e61ccaeefe44523095e7d6ff27526c1f20d0d08a074f4d1e48e5ae
SERVER_TRAFFIC_SECRET_0 27a1e3c2e0ad5de7fed04afb874f3761302ce2ad5ba097fbf8e98977825e7cab 0fbf44755b63f485bf4c52b2c0b0474a2f4bbd5d7f42746f6cdd10e745a3825c
EXPORTER_SECRET 27a1e3c2e0ad5de7fed04afb874f3761302ce2ad5ba097fbf8e98977825e7cab ec1f8b56bcbd3f2e58f16ef342c4a7de656378faaa4f5d1ee707c81e51d3753c
CLIENT_HANDSHAKE_TRAFFIC_SECRET f93f4d5c8faa3a762ed1253cb4c530e8157b60fc28fede515f7326b25b38a2b3 85597b33bab844bd48bcff3d3258a611f69504559abe202b90e7a695ca35db45
SERVER_HANDSHAKE_TRAFFIC_SECRET f93f4d5c8faa3a762ed1253cb4c530e8157b60fc28fede515f7326b25b38a2b3 5465ea93688b5f9bde67849a8dd4a51ebf67377b30491223fa9def78092b89ad
CLIENT_TRAFFIC_SECRET_0 87f9ce01876d40e6704da298ccb0d4585345960daa15406b0fc01896f32427b6 afff7fad73280b02c2503414ef6b87b6fb33c3a1a1565528048e19c25231e015
SERVER_TRAFFIC_SECRET_0 87f9ce01876d40e6704da298ccb0d4585345960daa15406b0fc01896f32427b6 c288e64fcad36fa1745e2f1337867ce11fa63c6acf908b6ba025f45f78b78300
EXPORTER_SECRET 87f9ce01876d40e6704da298ccb0d4585345960daa15406b0fc01896f32427b6 7c7c6442b711ed5c3a4d539f6f9a805ae892920e6d98d3a030a2af1bdf64795f
CLIENT_TRAFFIC_SECRET_0 f93f4d5c8faa3a762ed1253cb4c530e8157b60fc28fede515f7326b25b38a2b3 1bf1dfb031b45c8d4114126d0dd154720d07d1a489275496fff90f8a4aa52fe1
SERVER_TRAFFIC_SECRET_0 f93f4d5c8faa3a762ed1253cb4c530e8157b60fc28fede515f7326b25b38a2b3 9ee3a7e6c10e95685b7366178cf56a9e50e3d3526f54d13e967fe44d34245c09
EXPORTER_SECRET f93f4d5c8faa3a762ed1253cb4c530e8157b60fc28fede515f7326b25b38a2b3 616cc99f8fc7e268b995fa201a090e6d77eac442098a0ac445f5a96a7c57e6e5
CLIENT_HANDSHAKE_TRAFFIC_SECRET 89d86cfbe5be60209ed790c910d0b1e44d0c675ac38cd8e56f4ddab19bd26cbf 1237be0262e204a5b38e9e382ba9ada255460a92a1e64ec48310a87d34d0bbb7
SERVER_HANDSHAKE_TRAFFIC_SECRET 89d86cfbe5be60209ed790c910d0b1e44d0c675ac38cd8e56f4ddab19bd26cbf 795a86097d137f40a31f44c39212508430c66420fd2f5710c54f0a912b9886a3
CLIENT_TRAFFIC_SECRET_0 89d86cfbe5be60209ed790c910d0b1e44d0c675ac38cd8e56f4ddab19bd26cbf c0dfe6c8b9ebdf274e5520921c391c4a061b8d73df39d1a2d675414c14467eff
SERVER_TRAFFIC_SECRET_0 89d86cfbe5be60209ed790c910d0b1e44d0c675ac38cd8e56f4ddab19bd26cbf 8c2b9c04b8b70bbb1722f82f57026c278a357e60f15472c13402b3c7d7ac5c06
EXPORTER_SECRET 89d86cfbe5be60209ed790c910d0b1e44d0c675ac38cd8e56f4ddab19bd26cbf 77f6155ffa84fc004654816737f006a04d0a955de96d5f1b5d2bea240346bddd
CLIENT_HANDSHAKE_TRAFFIC_SECRET 8be47fd5428a32a4b72e6dee41f04ca74a51c71ecc75dfcf7b306189330a1134 2c655b330a16b88b8e820dd96a746422338600568f526911f390f65fdfe58fca
SERVER_HANDSHAKE_TRAFFIC_SECRET 8be47fd5428a32a4b72e6dee41f04ca74a51c71ecc75dfcf7b306189330a1134 12fd54be1db9b5a59e78bd60947c460f91ae1a2eab0ca8db1eec6f7e5716cdff
CLIENT_TRAFFIC_SECRET_0 8be47fd5428a32a4b72e6dee41f04ca74a51c71ecc75dfcf7b306189330a1134 058057ec07f19b72a7a3553788a74b9793f3e55cef61080c9212414dff39d92e
SERVER_TRAFFIC_SECRET_0 8be47fd5428a32a4b72e6dee41f04ca74a51c71ecc75dfcf7b306189330a1134 4b7e77ac226e2552e0b7df4e6ec890682526ac5cef8db8b9fb61521939a51dc1
EXPORTER_SECRET 8be47fd5428a32a4b72e6dee41f04ca74a51c71ecc75dfcf7b306189330a1134 eeca9f333e824ce163ba80d99ef20145799d664d6a81343911b733f21a9514b8
CLIENT_HANDSHAKE_TRAFFIC_SECRET b486c30a07dc9c2001f88d7e1e3a394f93cb61e32f7a1ed19c5051d59b0a4ca3 1e30aca2e695cab368db4e5c49759dedd88a9f07776c00b0117b2f4f09720904
SERVER_HANDSHAKE_TRAFFIC_SECRET b486c30a07dc9c2001f88d7e1e3a394f93cb61e32f7a1ed19c5051d59b0a4ca3 bd7fbeefd0fb25829643f6a8842080c33485066baa4ff1bf6d43f511cfc0777a
CLIENT_TRAFFIC_SECRET_0 b486c30a07dc9c2001f88d7e1e3a394f93cb61e32f7a1ed19c5051d59b0a4ca3 50c39c71e01c90dc2706ac6346eaeb463f2a2549ffd9d343c2693ee95d78420b
SERVER_TRAFFIC_SECRET_0 b486c30a07dc9c2001f88d7e1e3a394f93cb61e32f7a1ed19c5051d59b0a4ca3 60d4a202d057f75753fa5434df300c9ed27b520581fc9528e690e91e9ef22de8
EXPORTER_SECRET b486c30a07dc9c2001f88d7e1e3a394f93cb61e32f7a1ed19c5051d59b0a4ca3 98e3e89004122a4b93aa75efd69d8ece8fe075bb98f00b8d0c30663c45392c9b
CLIENT_HANDSHAKE_TRAFFIC_SECRET 5d43d6ecc76c90770fc45252b654a3457d7cbdb537127ae9c5b6aad1c349ed18 f75279e718a65f71657593c7ce5ab60b9bfe5e660791d3053b303203093e77a4
SERVER_HANDSHAKE_TRAFFIC_SECRET 5d43d6ecc76c90770fc45252b654a3457d7cbdb537127ae9c5b6aad1c349ed18 e8b76567883df4bd75b115f9327d5e00c1290ef5402efe41a6b3721d8c33db2b
CLIENT_TRAFFIC_SECRET_0 5d43d6ecc76c90770fc45252b654a3457d7cbdb537127ae9c5b6aad1c349ed18 720700fd1e037b4d41baddd50b4d7b68884cdec47800f4d1520d96de35654368
SERVER_TRAFFIC_SECRET_0 5d43d6ecc76c90770fc45252b654a3457d7cbdb537127ae9c5b6aad1c349ed18 ae269a2a37f1d03299dd741d8ae8b2a8f03c4685181ea3d15217744de32e8dab
EXPORTER_SECRET 5d43d6ecc76c90770fc45252b654a3457d7cbdb537127ae9c5b6aad1c349ed18 4959480f5de3b2f522c6ff2f68514c0a1e4ba14d48a67c3c27bd6966cc457435
CLIENT_HANDSHAKE_TRAFFIC_SECRET 94e7a328c0b4b71652d624a4409fe43a09c068c134ee43f22f8e2e1851993e8e 6d13abc0463410449601aac3201de5059720ea0ed1c911b41546b19ddd7243fa
SERVER_HANDSHAKE_TRAFFIC_SECRET 94e7a328c0b4b71652d624a4409fe43a09c068c134ee43f22f8e2e1851993e8e 072dbb8aa73a6b79b648c7c491f551a5d6c4a12e4f4e784acb64c2a3bbe6f9e2
CLIENT_HANDSHAKE_TRAFFIC_SECRET e84c868b38f41609be1add91171f50eb66bb795626d88b8a01785338ded29fd2 6f0b38d8236366ad4c2f2e422234a15c3e84c8a9aa63d1420cff43a889944571
SERVER_HANDSHAKE_TRAFFIC_SECRET e84c868b38f41609be1add91171f50eb66bb795626d88b8a01785338ded29fd2 7190182b33acb2555197129a3749a33edc4f0a2b80e2f9b8d9a6f58daa3caf1c
CLIENT_HANDSHAKE_TRAFFIC_SECRET 4d02e5012663dd9cfbf8ed1c1bbc1a0585dac18298af01c2abf3be5be3a9a6bb cc67bed69742817c89e62ba9ab8d793d96fe59481355416866e9ed5f5268012f
SERVER_HANDSHAKE_TRAFFIC_SECRET 4d02e5012663dd9cfbf8ed1c1bbc1a0585dac18298af01c2abf3be5be3a9a6bb eeece92626b3b0a9a57e55831e9b7ecfe2dbc8e96f1f46f8d4b79ad0eef1d7d1
CLIENT_HANDSHAKE_TRAFFIC_SECRET 3ccb9cde9535d59694f2a235eadda788544614b2b12393d398413de675f78d7d 4d04aece5793f299184450e2bfe5383fdf764bae94d850e0c5d7ff6caffd45cf
SERVER_HANDSHAKE_TRAFFIC_SECRET 3ccb9cde9535d59694f2a235eadda788544614b2b12393d398413de675f78d7d e8f9d644d38845a0ff793ceae68f1a0b4291f7789998486e665b125914ed9c64
CLIENT_TRAFFIC_SECRET_0 e84c868b38f41609be1add91171f50eb66bb795626d88b8a01785338ded29fd2 2c78892a2b2c975f0b655071371048cededa9c30f08cc1221b20b19d261a4dbc
SERVER_TRAFFIC_SECRET_0 e84c868b38f41609be1add91171f50eb66bb795626d88b8a01785338ded29fd2 8285e0956e7ffda47964663f649a01ae914fc34e25e2e49611c6c8b1f5f9995a
EXPORTER_SECRET e84c868b38f41609be1add91171f50eb66bb795626d88b8a01785338ded29fd2 1cfc9c94e3247fe4e7186914c0ab0133438bcedf9951ddb2e4f86d44e15e25f1
CLIENT_TRAFFIC_SECRET_0 4d02e5012663dd9cfbf8ed1c1bbc1a0585dac18298af01c2abf3be5be3a9a6bb a68d40b4ab1ab3d1eb744c045faf67c2a4a4521dd3ecbc79f8af520cc2aee45b
SERVER_TRAFFIC_SECRET_0 4d02e5012663dd9cfbf8ed1c1bbc1a0585dac18298af01c2abf3be5be3a9a6bb 8452804dc48deacedbc627aab2e3437ec76a4919cbf1b00ff18c1b1ed27fb54a
EXPORTER_SECRET 4d02e5012663dd9cfbf8ed1c1bbc1a0585dac18298af01c2abf3be5be3a9a6bb 30e1e2749a7eecfe5c66df9bd944dd2c03e049a558ab9a4f6d491a6a1fbe6e70
CLIENT_TRAFFIC_SECRET_0 94e7a328c0b4b71652d624a4409fe43a09c068c134ee43f22f8e2e1851993e8e 97528582a4abb788a19cde4552e3a3e6eef0c354234b1d080612706676d1287e
SERVER_TRAFFIC_SECRET_0 94e7a328c0b4b71652d624a4409fe43a09c068c134ee43f22f8e2e1851993e8e 4ad1f943ecea1a4cd924cb6a81b2b2021882a1bfb854a16fac9fff165e3f0a8e
EXPORTER_SECRET 94e7a328c0b4b71652d624a4409fe43a09c068c134ee43f22f8e2e1851993e8e 77016230c2c4466e67aa6c564b8a77bfd4a21901111020f082ca8684fb10d51b
CLIENT_TRAFFIC_SECRET_0 3ccb9cde9535d59694f2a235eadda788544614b2b12393d398413de675f78d7d bea702fe92c6bedbcbc880d3f93065683893d0fa7f08f7171e3dfdfd2f5340b5
SERVER_TRAFFIC_SECRET_0 3ccb9cde9535d59694f2a235eadda788544614b2b12393d398413de675f78d7d 519f27a8af8fe342ce19197aa9ebbc02990c24e7e4a9ef2d617d9e4d1449da2c
EXPORTER_SECRET 3ccb9cde9535d59694f2a235eadda788544614b2b12393d398413de675f78d7d 4170b42f9eb8f417f8774449907853b9470b219544cc781a7cab7a67f1a8b962
CLIENT_HANDSHAKE_TRAFFIC_SECRET 6cff782a5d8ab62b82acf6c600b2bfa3bf2dc6c90e0a731a5a40b9d0e714c974 0a037989d3fb26d8232184b7d65453944961d451e28d6d000d8b501b4e4d86f7
SERVER_HANDSHAKE_TRAFFIC_SECRET 6cff782a5d8ab62b82acf6c600b2bfa3bf2dc6c90e0a731a5a40b9d0e714c974 a4636f0871d729c75426c2c080285453d30ec13ae3a68d466a20853356204838
CLIENT_TRAFFIC_SECRET_0 6cff782a5d8ab62b82acf6c600b2bfa3bf2dc6c90e0a731a5a40b9d0e714c974 736078be40a72c5089d0730279c3018810b535754d7d9f3a1815af938d8c2180
SERVER_TRAFFIC_SECRET_0 6cff782a5d8ab62b82acf6c600b2bfa3bf2dc6c90e0a731a5a40b9d0e714c974 121fd02112293353ad6ff89b01be6bd5e72cb0cffaa0737f030ab686c0d51215
EXPORTER_SECRET 6cff782a5d8ab62b82acf6c600b2bfa3bf2dc6c90e0a731a5a40b9d0e714c974 e8f0c6581c0024abf34187d567e2198804b8ab92eda607cc08a590ac80c0ef62
CLIENT_HANDSHAKE_TRAFFIC_SECRET faf151a01d4808b5b322379e515b3770c0f13c84db0734384e528b494bfc2e74 f898196456e7bcffb227e8c8818e19f6d17183c6254e8b133d2b797f2770236a
SERVER_HANDSHAKE_TRAFFIC_SECRET faf151a01d4808b5b322379e515b3770c0f13c84db0734384e528b494bfc2e74 00f86242b95445730a45234279c2863a4dfdd64453435df51d82d6a51e3d5bc1
CLIENT_TRAFFIC_SECRET_0 faf151a01d4808b5b322379e515b3770c0f13c84db0734384e528b494bfc2e74 6743e1d26d09ae8c0669de719ba70b99f23a2e136338d03676cfd089e700008a
SERVER_TRAFFIC_SECRET_0 faf151a01d4808b5b322379e515b3770c0f13c84db0734384e528b494bfc2e74 be191993357184c1e2cc02068cc05f0d5e9b3f5b68d7482eac315785804ba9cd
EXPORTER_SECRET faf151a01d4808b5b322379e515b3770c0f13c84db0734384e528b494bfc2e74 5b6d8ec278aec12c3e5ccbc6ec0dfb399031931b13c11cfcf0527c9c81cda4cb
CLIENT_HANDSHAKE_TRAFFIC_SECRET de95414ef60db3736437dbb9e7b3957441068f5a850c77731697f94bc7524d89 017cc9fb11b26771321557cbd47cb5b222bf6b317fbb09d39f8dbc7838826425
SERVER_HANDSHAKE_TRAFFIC_SECRET de95414ef60db3736437dbb9e7b3957441068f5a850c77731697f94bc7524d89 d60e8bcfc6b1e8fc6721a3144dc671e390a58bdff717ee686bb628c422b388ef
CLIENT_TRAFFIC_SECRET_0 de95414ef60db3736437dbb9e7b3957441068f5a850c77731697f94bc7524d89 ff82c111a5be76f72473bf8f59323cd4c4aa3f49c524a7f0202ec391f056275c
SERVER_TRAFFIC_SECRET_0 de95414ef60db3736437dbb9e7b3957441068f5a850c77731697f94bc7524d89 38756d2af087461e293474a82009b581c1299b34216f9d75cb028b8ec008e8eb
EXPORTER_SECRET de95414ef60db3736437dbb9e7b3957441068f5a850c77731697f94bc7524d89 e86e38dc3bcd9d0446c557b8cddab2b454371773aebf43354ea113bf021db654
CLIENT_HANDSHAKE_TRAFFIC_SECRET cb3b1f611de30d26fc3912235e19bdfd9e89b1838756737bc01e7f4d614ccc45 ecdc9b92920cabe1d045c38dabba7e6855d63d3d66e9361ecac3b2766ff64781
SERVER_HANDSHAKE_TRAFFIC_SECRET cb3b1f611de30d26fc3912235e19bdfd9e89b1838756737bc01e7f4d614ccc45 ca6ac3a7c362ab82cdda79c0f3b3903d13e2d4d673809c71f3a46579aa339e3a
CLIENT_TRAFFIC_SECRET_0 cb3b1f611de30d26fc3912235e19bdfd9e89b1838756737bc01e7f4d614ccc45 ba3b710d34607128685a8b5ff889e50c76acc3fc226ac89507dcff0752f2eddf
SERVER_TRAFFIC_SECRET_0 cb3b1f611de30d26fc3912235e19bdfd9e89b1838756737bc01e7f4d614ccc45 e2cd39754b38b77f55cb6b486f8cb3907222d86c0a5d4345d25cedf453a9d0dc
EXPORTER_SECRET cb3b1f611de30d26fc3912235e19bdfd9e89b1838756737bc01e7f4d614ccc45 f2c8719f4d1472af2f71971f9c5ea0656486ea124537a61783d6bfdf81e60a95
CLIENT_HANDSHAKE_TRAFFIC_SECRET 4f76b222588becf5693565ea276cf75f7a273d48162bd4a3af5096f11ecca881 2e50cf8c229dda703925413711bab9d66a485684d80e9bd84dbe7ef4ccdfa09b
SERVER_HANDSHAKE_TRAFFIC_SECRET 4f76b222588becf5693565ea276cf75f7a273d48162bd4a3af5096f11ecca881 b8ea1cb3a45af5c32b5c2138a2fab19af2a4734db55cfa2ab9c8885fb17bab48
CLIENT_TRAFFIC_SECRET_0 4f76b222588becf5693565ea276cf75f7a273d48162bd4a3af5096f11ecca881 88f14c883a507a70b725a3ec19a027129c6f7e235191db28d2a62e99af895f49
SERVER_TRAFFIC_SECRET_0 4f76b222588becf5693565ea276cf75f7a273d48162bd4a3af5096f11ecca881 c90d31e04204d99cd5d093b8ae1cef1d834a77f718b487883cd6355c4dae6580
EXPORTER_SECRET 4f76b222588becf5693565ea276cf75f7a273d48162bd4a3af5096f11ecca881 4dc33f267d9ebbbe9e41746a3e92378858a3e03ad240d1d524fa743057d7866d
CLIENT_HANDSHAKE_TRAFFIC_SECRET fc45747df4d74c11d9c16c05abd98c488e756dda95abb32c3c8aba641a731c39 bc26d5486f07dc5b2aa8fd3a63a41c24997e54cb184fcf2defc44220282f6940
SERVER_HANDSHAKE_TRAFFIC_SECRET fc45747df4d74c11d9c16c05abd98c488e756dda95abb32c3c8aba641a731c39 9a4f217532f90c748f1c6c3841a6ad7d4810d151894353adcb0ebd1325c572dc
CLIENT_TRAFFIC_SECRET_0 fc45747df4d74c11d9c16c05abd98c488e756dda95abb32c3c8aba641a731c39 1469ef5f74422f1ee66a9cb5882ebd0e6e65cd82e54c0d4eb6ab2c246e387007
SERVER_TRAFFIC_SECRET_0 fc45747df4d74c11d9c16c05abd98c488e756dda95abb32c3c8aba641a731c39 93f372117870e5ddb30d02b6e195c97dfea855656455f0c821fd1699cd6bb19e
EXPORTER_SECRET fc45747df4d74c11d9c16c05abd98c488e756dda95abb32c3c8aba641a731c39 b45626b561238093a40fbad1ac878dcfa177ac8f8e500eb1fbb1862c1e8978fb
CLIENT_HANDSHAKE_TRAFFIC_SECRET 1ad06bfce8eb76bb002005e61898f9d834c22eb3546e5e8c00c60831a4f44b35 553a3c67a7f2337b8abec37d9d060731953cd796541cc2dadde782044014c839
SERVER_HANDSHAKE_TRAFFIC_SECRET 1ad06bfce8eb76bb002005e61898f9d834c22eb3546e5e8c00c60831a4f44b35 9a9a5ff2ca7e77aae3bbd4aae039cc12ecdf4e7cd9717b8addbaa5cbfcb5df3f
CLIENT_TRAFFIC_SECRET_0 1ad06bfce8eb76bb002005e61898f9d834c22eb3546e5e8c00c60831a4f44b35 153fac543bde54165e064491e407f0691409badb7ea73f6d3c43740d17fc1abb
SERVER_TRAFFIC_SECRET_0 1ad06bfce8eb76bb002005e61898f9d834c22eb3546e5e8c00c60831a4f44b35 0220a9de05f0c39c49ede3cb6e42a53e03c2163f9bfd32662d30213f6f370aa4
EXPORTER_SECRET 1ad06bfce8eb76bb002005e61898f9d834c22eb3546e5e8c00c60831a4f44b35 b5b7d588962e5584916bb1a4bf3b30e808922c10a2879e57e5aa9576a38c04cf
CLIENT_RANDOM 8594ba511bf1d53f9f86ea4443b7106f4b08ca26be86215d86159ae037c2492f ee7d40b5df783a2e1890823b1f192b2a1028b99239bc8ad28e60dc5559e36424994e06d2ef712956c0438e0ca96ae572
