# SSL/TLS secrets log file, generated by NSS
CLIENT_HANDSHAKE_TRAFFIC_SECRET 76fe330513afc79951d0833f7b599127099ecc231c6a5800044ea32de584b437 4b4f280a59270c7957f0b31d8bfefe99a3e79ae96387a561085be08e5eb71e12
SERVER_HANDSHAKE_TRAFFIC_SECRET 76fe330513afc79951d0833f7b599127099ecc231c6a5800044ea32de584b437 b11dae84967f8eff2e2fc8ef9d68aac3a1d976ec5952a2a05d083b335c36e3f2
CLIENT_HANDSHAKE_TRAFFIC_SECRET e04be0ab1521b0e753c1fc77a1f974848620d047fb088ad170c44dd5c567268d b3b9b5f6e6e611085efca3cff8ac6019304666318834ad712dc150c2b244b0c1
SERVER_HANDSHAKE_TRAFFIC_SECRET e04be0ab1521b0e753c1fc77a1f974848620d047fb088ad170c44dd5c567268d da204423ec502692357105c860e9bc265e36097eab7da79465b261ce7964fda8
CLIENT_TRAFFIC_SECRET_0 76fe330513afc79951d0833f7b599127099ecc231c6a5800044ea32de584b437 b6fb87626a748fa5f247d5d9d6eb3898593e78ee1bb36dded1665bcdb1b651d7
SERVER_TRAFFIC_SECRET_0 76fe330513afc79951d0833f7b599127099ecc231c6a5800044ea32de584b437 5feb3ed8aae0eff858e3b58c83c5822317812e2f539fc9c7fd9a0c296adbd31b
EXPORTER_SECRET 76fe330513afc79951d0833f7b599127099ecc231c6a5800044ea32de584b437 f4b88d872d3a263cf6e6e1951c0a1ff45983376dedc0c938b41577c7c4b005dc
CLIENT_TRAFFIC_SECRET_0 e04be0ab1521b0e753c1fc77a1f974848620d047fb088ad170c44dd5c567268d 44cdce0926030d763c772475b80fd0e260ac9e823daa4df8594eab68ed63c151
SERVER_TRAFFIC_SECRET_0 e04be0ab1521b0e753c1fc77a1f974848620d047fb088ad170c44dd5c567268d d63f423a66917dc808d47f0a83eb76805449005023db05d7720122dbe9387458
EXPORTER_SECRET e04be0ab1521b0e753c1fc77a1f974848620d047fb088ad170c44dd5c567268d d55a6f2a9f6b82e02f5b91c75a755647607c23449bcc46ab14b6da500b48c0b2
# SSL/TLS secrets log file, generated by NSS
CLIENT_RANDOM ab6a82e64713208685cdbec9835bd50484c4395bed10e7f601207bc25fe785c0 805ea608a5aa430cb2654c53e6027b92820f6ab8c34154405141617561c5cccc6b57847dd0453d33162dc5cefd012284
CLIENT_HANDSHAKE_TRAFFIC_SECRET dee80735d8186a2565b4ce96c048c02b23bd18089eb0e62a5adf6c845d68c41d fcf9a14a873bd2de4913b223d0d8008ed8a678ee30131cf7ebd515340fc0b8442abd594694efbecab295b5b4ab9f1f4e
SERVER_HANDSHAKE_TRAFFIC_SECRET dee80735d8186a2565b4ce96c048c02b23bd18089eb0e62a5adf6c845d68c41d 6783f58b1668c9943bc5374d7b7e045bc09862adf8786f5b6cb88f17e05de585dda0858536c22652492eabf76d55814a
CLIENT_TRAFFIC_SECRET_0 dee80735d8186a2565b4ce96c048c02b23bd18089eb0e62a5adf6c845d68c41d f3300fdecb012e771b1c384e04c9a5394745f7125bce096b23c379e2b5224d5b574987a1551cac76364b0b91f82c8bf4
SERVER_TRAFFIC_SECRET_0 dee80735d8186a2565b4ce96c048c02b23bd18089eb0e62a5adf6c845d68c41d 614fa855aa6d5cdc1c51178031c22a0b95948c669795b241fe4c5f297b0151f195f0f707c1abb5953e8bb68eb90852d8
EXPORTER_SECRET dee80735d8186a2565b4ce96c048c02b23bd18089eb0e62a5adf6c845d68c41d 427509d150bbfeac047fa18d32961b4b5753be3d23079251eb20dbd93de923a3234c54f809f1ff7e8d5f6bb6d0e3c7a4
CLIENT_HANDSHAKE_TRAFFIC_SECRET cabec8de7bb0b09e2921cd00b403825424f5e609965bee7952fb821f0a9d21ae 7ed8325a99a0dc230cd67732ddcf005a96b63909493837cc8c7733794007e9ca
SERVER_HANDSHAKE_TRAFFIC_SECRET cabec8de7bb0b09e2921cd00b403825424f5e609965bee7952fb821f0a9d21ae 5c8c3f8f4929b98421f0fff0f3596d2b72f95c4a03665c867a92d49199086ba8
CLIENT_TRAFFIC_SECRET_0 cabec8de7bb0b09e2921cd00b403825424f5e609965bee7952fb821f0a9d21ae 80c1286c8337af7a010bbc90497e6c9b27e7928a2530bb1330949e72b89d24fb
SERVER_TRAFFIC_SECRET_0 cabec8de7bb0b09e2921cd00b403825424f5e609965bee7952fb821f0a9d21ae 45a29efcc67d5386b86e959dbcfd1d068f32da182290b441f786b919445aa9a5
EXPORTER_SECRET cabec8de7bb0b09e2921cd00b403825424f5e609965bee7952fb821f0a9d21ae e00e48bba6e15bd552799994a59a96db3236859fb0c767da01391e1653f1b18c
CLIENT_HANDSHAKE_TRAFFIC_SECRET b674e9c1b79e0a97a52658c50acdac407e2d61a7608ca57f034ec92f2f9b5165 667cc9ff60cd813ee5d69713979420bceec9a66556c09f1877bf396e34c3bd08
SERVER_HANDSHAKE_TRAFFIC_SECRET b674e9c1b79e0a97a52658c50acdac407e2d61a7608ca57f034ec92f2f9b5165 596f0eea6ed5853a94fbfddc21a729b127a55eb81feab6047aed198967cefb83
CLIENT_TRAFFIC_SECRET_0 b674e9c1b79e0a97a52658c50acdac407e2d61a7608ca57f034ec92f2f9b5165 de6643d7218bd7641051e6ff95b767f02a0247fe679b71b666beff64466d7559
SERVER_TRAFFIC_SECRET_0 b674e9c1b79e0a97a52658c50acdac407e2d61a7608ca57f034ec92f2f9b5165 b56830481cb3bb9ba99f38ea4c9ab8bb56217067e2401a3e4ff2ddedf5ffd652
EXPORTER_SECRET b674e9c1b79e0a97a52658c50acdac407e2d61a7608ca57f034ec92f2f9b5165 3c47634b22f886a18d2d94a5fcaf2b052df2be941f8b882e66a4778d22f7116d
CLIENT_RANDOM 560f6225ada52b102712b7ad041bf613f9380b2891596957cae1b8fb1d91531e a3b3a782e2671654bba34c9a543da84accebbf613952068c3d4af5fa83c72603525244536147eef4a3c92b01a32e7ae4
CLIENT_HANDSHAKE_TRAFFIC_SECRET f268aea0c2c2e22ba1a75775dcf84d47bd11b5ded0d7eaabdd18ec846e556dd2 5d5244d56a2c0592bed1189b57c2c0ae7beec155fda6e4843ae00292d7b1457a
SERVER_HANDSHAKE_TRAFFIC_SECRET f268aea0c2c2e22ba1a75775dcf84d47bd11b5ded0d7eaabdd18ec846e556dd2 549339d1d00ff3e0bc3ad60455ab00c3e57b184028b05f02e4b4db2038ec6d36
CLIENT_TRAFFIC_SECRET_0 f268aea0c2c2e22ba1a75775dcf84d47bd11b5ded0d7eaabdd18ec846e556dd2 ce78e3a92aa529aaf6e9214e9413f6a6505fdd6884d2970f4aa2956dad8e363d
SERVER_TRAFFIC_SECRET_0 f268aea0c2c2e22ba1a75775dcf84d47bd11b5ded0d7eaabdd18ec846e556dd2 d018891464a5bc851ff3f52004808b933cb20a274547d936d9550c5a2f31b6d1
EXPORTER_SECRET f268aea0c2c2e22ba1a75775dcf84d47bd11b5ded0d7eaabdd18ec846e556dd2 003761da4faa61d716e21f9531c5a5249d30b1e94110274d1830b4bfee9fcfd3
CLIENT_HANDSHAKE_TRAFFIC_SECRET 14187bb7ee4d1aa1596938522763d504d2162287dc120abf4e4216838feb29ec 38e1db03c4858f4d738ebde9205ce2cf6e58c09d4a650af4074189c6405ce849
SERVER_HANDSHAKE_TRAFFIC_SECRET 14187bb7ee4d1aa1596938522763d504d2162287dc120abf4e4216838feb29ec edb06d345c6f9f442e9516ecd583e3a059225eee6896a0bbe65d57307004cb3c
CLIENT_TRAFFIC_SECRET_0 14187bb7ee4d1aa1596938522763d504d2162287dc120abf4e4216838feb29ec 67d7e5efa2547905008e47b3786f7115db40b102a562682f773171a0abfc2554
SERVER_TRAFFIC_SECRET_0 14187bb7ee4d1aa1596938522763d504d2162287dc120abf4e4216838feb29ec ad53267419daea04f198e2e18afccfc237c36d0c409ea62a6937ac0bfecfb12e
EXPORTER_SECRET 14187bb7ee4d1aa1596938522763d504d2162287dc120abf4e4216838feb29ec 101f4541e5df0d13a6c42c8420911409e5a6e02bc9806588c31286f0b7b3965b
CLIENT_EARLY_TRAFFIC_SECRET ef2285c31fe1fc5b1091ec7400193e2bc6e52a2eaa3a6bcdd1a979b49e97beea 2583a4f5148f6063eebbcbd446bc247c5342effc5c4faadc5074f298d8fb5ff7
EARLY_EXPORTER_SECRET ef2285c31fe1fc5b1091ec7400193e2bc6e52a2eaa3a6bcdd1a979b49e97beea 94731291a96acf2a52577d9d52b28ddb39032731d9b2f3cf9ae71f8246c902d6
CLIENT_EARLY_TRAFFIC_SECRET e751c63eab68a3a647ecf9b57d2374959bf34709ffb8a8e5aa0a0acf04228ac0 bd51a63b4023c43fdc3dc0c3a1b1c041728699c7fc48b4ae61a22ebcce585a43
EARLY_EXPORTER_SECRET e751c63eab68a3a647ecf9b57d2374959bf34709ffb8a8e5aa0a0acf04228ac0 35964a637f6b6339d21e7e1e9426964b8dcd070eb59736eb5c771ae4aeefb55a
CLIENT_HANDSHAKE_TRAFFIC_SECRET e751c63eab68a3a647ecf9b57d2374959bf34709ffb8a8e5aa0a0acf04228ac0 12f04350ed8f3142cd87dde2c66a4f2cd01001627d3ddfa62f7ba60340e7b9bb
SERVER_HANDSHAKE_TRAFFIC_SECRET e751c63eab68a3a647ecf9b57d2374959bf34709ffb8a8e5aa0a0acf04228ac0 6163c6e1b4dd9397992f9f020172667ed43452f6b273c55d082d67a56391544d
CLIENT_TRAFFIC_SECRET_0 e751c63eab68a3a647ecf9b57d2374959bf34709ffb8a8e5aa0a0acf04228ac0 019d94133473e86395219ae87237a6cd6557980d8fcc6d4575bc1a067eaac1e8
SERVER_TRAFFIC_SECRET_0 e751c63eab68a3a647ecf9b57d2374959bf34709ffb8a8e5aa0a0acf04228ac0 cf5634dd5e179e837fe417a8f8bc1531f7c5768101a03ae94bf3a5eb31552589
EXPORTER_SECRET e751c63eab68a3a647ecf9b57d2374959bf34709ffb8a8e5aa0a0acf04228ac0 ae0cd495f86c7c7ff3ce87c6e04ddb94a8fb0b864aa0ff8e27fcc2c84e379c25
CLIENT_HANDSHAKE_TRAFFIC_SECRET e28be2f03a5b52cecea649c7d03550383eb1076569ee6b80c25aa9ade2b4ee0a 083c906a9292d5b89b1711755499ca7c6d71eaeca78856d2936cef7e9dbdf524
SERVER_HANDSHAKE_TRAFFIC_SECRET e28be2f03a5b52cecea649c7d03550383eb1076569ee6b80c25aa9ade2b4ee0a d60831ef84e142ec3224432b588aa422b4550df1bd688f22598fef7792ffa7b3
CLIENT_HANDSHAKE_TRAFFIC_SECRET 1e81d9c50b98c5ba91a957488817d6e62d7f595e5363b9d0028b7831164d5b79 e3e935734870f67d946a4ab400a6bd0f1152dac982fe882f8f6c60ed0b45fb4c
SERVER_HANDSHAKE_TRAFFIC_SECRET 1e81d9c50b98c5ba91a957488817d6e62d7f595e5363b9d0028b7831164d5b79 ceeb01080b367bd40e3f199e67bc3e4ce4ac961ae1368dd89a8e286fac122216
CLIENT_EARLY_TRAFFIC_SECRET 96eaeaa81ebaa3b61d0140bd0c30a322aec184f36212a9549ebc34b77442e269 1b5329fde13d9d5751af88bd29a91c4e100c7677292fb719d314748b2e411c2d
EARLY_EXPORTER_SECRET 96eaeaa81ebaa3b61d0140bd0c30a322aec184f36212a9549ebc34b77442e269 11fbe155a87b8b006981efd113d11e0188229424733c4118a9ceb4db94e16f62
CLIENT_HANDSHAKE_TRAFFIC_SECRET ef2285c31fe1fc5b1091ec7400193e2bc6e52a2eaa3a6bcdd1a979b49e97beea 57fb38c885d9e97b767cb7aee619fab449345e3f5fc03262623eb3abec1228c6
SERVER_HANDSHAKE_TRAFFIC_SECRET ef2285c31fe1fc5b1091ec7400193e2bc6e52a2eaa3a6bcdd1a979b49e97beea 19c4a0affdfb7a360d1bb262c1788b577e13eee6a8be3af92d74811053939394
CLIENT_TRAFFIC_SECRET_0 ef2285c31fe1fc5b1091ec7400193e2bc6e52a2eaa3a6bcdd1a979b49e97beea af28c1e0fa584daf539fac2f563568ad7305901c5debc172258600252bec7eeb
SERVER_TRAFFIC_SECRET_0 ef2285c31fe1fc5b1091ec7400193e2bc6e52a2eaa3a6bcdd1a979b49e97beea 9726de3e115526ca304d77494a2009ba203633d3a5628eef2821711ceea7a04c
EXPORTER_SECRET ef2285c31fe1fc5b1091ec7400193e2bc6e52a2eaa3a6bcdd1a979b49e97beea 63fbe7466768bcd52828bad71dde9393d041194cccb2ef868c77e95ecfc54663
CLIENT_HANDSHAKE_TRAFFIC_SECRET 96eaeaa81ebaa3b61d0140bd0c30a322aec184f36212a9549ebc34b77442e269 9c11a824e56b27cfb1f55ab9991d1aabf3ca04792418541f2ec0425ecaf9bffb
SERVER_HANDSHAKE_TRAFFIC_SECRET 96eaeaa81ebaa3b61d0140bd0c30a322aec184f36212a9549ebc34b77442e269 c2ea6eb63cee1bd137886138dc3f6c09c9c50af80777a7f0fd51f27c744345b1
CLIENT_TRAFFIC_SECRET_0 96eaeaa81ebaa3b61d0140bd0c30a322aec184f36212a9549ebc34b77442e269 1d5f652704f3280c00e20ace5898b532e46433b609ca7ac072352df2e5f686d1
SERVER_TRAFFIC_SECRET_0 96eaeaa81ebaa3b61d0140bd0c30a322aec184f36212a9549ebc34b77442e269 1d4eddd9262b20f345e7e2c847c9d79c788f69baf6013e6bd572cf9b8ff08956
EXPORTER_SECRET 96eaeaa81ebaa3b61d0140bd0c30a322aec184f36212a9549ebc34b77442e269 6f0f4041b7b7a5ddcba8b777e257a172dbb245330632cde98d6d903332a3c59f
CLIENT_TRAFFIC_SECRET_0 e28be2f03a5b52cecea649c7d03550383eb1076569ee6b80c25aa9ade2b4ee0a 11f48c8d0a3232bf8f3866461da0a289d64355b679253ce04787cec5119c6a6a
SERVER_TRAFFIC_SECRET_0 e28be2f03a5b52cecea649c7d03550383eb1076569ee6b80c25aa9ade2b4ee0a 1128b48d513d5cb44a3ecf430476649fc10188b90fc4ab529877f8d7cd6eb9af
EXPORTER_SECRET e28be2f03a5b52cecea649c7d03550383eb1076569ee6b80c25aa9ade2b4ee0a ba190ab1a20869b6b7254238b03b22ba937f366d0c6ae442ab48373cefd3b882
CLIENT_TRAFFIC_SECRET_0 1e81d9c50b98c5ba91a957488817d6e62d7f595e5363b9d0028b7831164d5b79 d44a4b7692fb2ce3950700903c7feff92328a4fc81c8e386dde00c8e9e4c85de
SERVER_TRAFFIC_SECRET_0 1e81d9c50b98c5ba91a957488817d6e62d7f595e5363b9d0028b7831164d5b79 487c283a5c4297182d93ff2fb4c70dd588d5c8a39ad2740e0aa29bb5235ab60d
EXPORTER_SECRET 1e81d9c50b98c5ba91a957488817d6e62d7f595e5363b9d0028b7831164d5b79 394eb4bb5335be8b0ad28d8384ab73b2be9762eecde24a1597fdf3403f4070fb
CLIENT_HANDSHAKE_TRAFFIC_SECRET f56670d4e97161fd05b14c787303199c1b9c0d031da0fe52af5be1891c1710b5 74c635a68200457613edf38b154d75b80540ce49426be5cd52c3bfda8cff5a8e
SERVER_HANDSHAKE_TRAFFIC_SECRET f56670d4e97161fd05b14c787303199c1b9c0d031da0fe52af5be1891c1710b5 344df661054485ff0cbe1333d91a8a3a7cf6bdad80fb1aef695fed93300e5d3a
CLIENT_TRAFFIC_SECRET_0 f56670d4e97161fd05b14c787303199c1b9c0d031da0fe52af5be1891c1710b5 d75058ffee0b5319562a47018696ce2b62155c77c0ae05223b56deca74f14fb4
SERVER_TRAFFIC_SECRET_0 f56670d4e97161fd05b14c787303199c1b9c0d031da0fe52af5be1891c1710b5 a4867c8c75fee6acb0d0c1ed9ed1c585d123b563d68e580d0e265111bf83376a
EXPORTER_SECRET f56670d4e97161fd05b14c787303199c1b9c0d031da0fe52af5be1891c1710b5 78777c4798545844e3238a1d28e9c25c44fce2d1d98a1d0ba417c90c8681c64b
CLIENT_HANDSHAKE_TRAFFIC_SECRET dc7bb0714aa1a2390932f69e93647666ed2413cb6087f008049cd95b8c4ea666 b3b67fc8f9480e7d6f49d31f477594ef777d91429ca3c6e1b00268b0ed954019
SERVER_HANDSHAKE_TRAFFIC_SECRET dc7bb0714aa1a2390932f69e93647666ed2413cb6087f008049cd95b8c4ea666 be94ff2a36d78c8bbbd52119d22dff2cec1db77b20102afb2712ff4766e14f37
CLIENT_TRAFFIC_SECRET_0 dc7bb0714aa1a2390932f69e93647666ed2413cb6087f008049cd95b8c4ea666 c4db17f8765871cd3d002e7223b4df2ac9a01d2decd357d6bd1e5e9291d159d6
SERVER_TRAFFIC_SECRET_0 dc7bb0714aa1a2390932f69e93647666ed2413cb6087f008049cd95b8c4ea666 fe2019f60dd7ae75634ccd6f1a70c8f17483786ca6bbde6b2b91b31dc69c8d2f
EXPORTER_SECRET dc7bb0714aa1a2390932f69e93647666ed2413cb6087f008049cd95b8c4ea666 ed5b93491204e72cbc067a44d3b157bcb28331cb494e0678175c9df54be11824
CLIENT_HANDSHAKE_TRAFFIC_SECRET 54cfc7229339e181788d7835535664f84d390ce8a54f5b2b7a06281a6c2daecc 70ba31f1e10fdb40773cee58dd063257a25618ed303c738d2e652cede4aad467
SERVER_HANDSHAKE_TRAFFIC_SECRET 54cfc7229339e181788d7835535664f84d390ce8a54f5b2b7a06281a6c2daecc 555c5b4ec1cb5d5a26f39aaf307d3c0fab7e0eca39d224fb4a1d4c6924544f05
CLIENT_HANDSHAKE_TRAFFIC_SECRET f80e67d9648c8537c0a809feea485d17c1e6942bad1ba7e1dcfc81b5e7968d60 cf97d0781a43dee25f92ae7ac83977e3643baa62ebb5e293d1c89f4439ab436a
SERVER_HANDSHAKE_TRAFFIC_SECRET f80e67d9648c8537c0a809feea485d17c1e6942bad1ba7e1dcfc81b5e7968d60 371a7de185a4482bfecf99d6936db477f744f268d4f956a7fdd4c827b2e6f8c8
CLIENT_HANDSHAKE_TRAFFIC_SECRET b1de2b8bce01dfbb5e42ddc8adae24d014bdb801330a72673b71aeaae7cc63c8 da8b6074cf4775b2ba3db897c7a713d2b37756c776b4b02c56ff93562e693077
SERVER_HANDSHAKE_TRAFFIC_SECRET b1de2b8bce01dfbb5e42ddc8adae24d014bdb801330a72673b71aeaae7cc63c8 10c9e3b37a196783aa24494d2bd5a79d8fa0c3f6efa8aacdb14f0effe85fd656
CLIENT_HANDSHAKE_TRAFFIC_SECRET 8b0d8bca3a7510bf753ac67e203ced70c8179eb08245146d0e2ab688d290f5df 13b3e8dd4ce026340c2c97ce42cc7b1380567547403bea129773abd715218f51
SERVER_HANDSHAKE_TRAFFIC_SECRET 8b0d8bca3a7510bf753ac67e203ced70c8179eb08245146d0e2ab688d290f5df f4b96bf76af4d57006f1707161155deca9d1a2f7ebbf2b8caec20304eed1a837
CLIENT_HANDSHAKE_TRAFFIC_SECRET 2db13eb4562ae08ead1ca02a63506999d7b759f01ec6a3510a0f870875a46766 d2b2ba89056cff52bd3ddad6f64552a56ed32e3999035cbf166951ea70822036
SERVER_HANDSHAKE_TRAFFIC_SECRET 2db13eb4562ae08ead1ca02a63506999d7b759f01ec6a3510a0f870875a46766 0e9d3dbe2a4a4f0a8d39de498a0d05c4043dc7c7f1a37ebbc14cc17bb3d2076c
CLIENT_TRAFFIC_SECRET_0 54cfc7229339e181788d7835535664f84d390ce8a54f5b2b7a06281a6c2daecc 6bf2ea1ea23dcc3f5b9eab483caff95819feb96d84312e1523314845791bc201
SERVER_TRAFFIC_SECRET_0 54cfc7229339e181788d7835535664f84d390ce8a54f5b2b7a06281a6c2daecc ef3b68d67b81d6de633b2e9bee1990ddcbfcaf4a0d560ac94f5d0c82ebbde477
EXPORTER_SECRET 54cfc7229339e181788d7835535664f84d390ce8a54f5b2b7a06281a6c2daecc db70c4980913045cb3b6be4ae17a79b14b2335a6763365561e8287d4a151fea4
CLIENT_TRAFFIC_SECRET_0 8b0d8bca3a7510bf753ac67e203ced70c8179eb08245146d0e2ab688d290f5df 6b69e5d7e4a00a9dc3bcddd563cf6c0a1a7e4301ddbe697e250b945dd08a677e
SERVER_TRAFFIC_SECRET_0 8b0d8bca3a7510bf753ac67e203ced70c8179eb08245146d0e2ab688d290f5df ced7f201635a6ca2f07f2c94ca6bc51abd61c164b2f6437907827afc45811b08
EXPORTER_SECRET 8b0d8bca3a7510bf753ac67e203ced70c8179eb08245146d0e2ab688d290f5df bd8dfc6fbbbe4fd6034ddf801792f9112959db7329480043f6b0d90c6fe5c9d1
CLIENT_TRAFFIC_SECRET_0 f80e67d9648c8537c0a809feea485d17c1e6942bad1ba7e1dcfc81b5e7968d60 d2a88925acb20bb81018a39340e9c1c51b31186384dbb0e5530cb555d93b56b1
SERVER_TRAFFIC_SECRET_0 f80e67d9648c8537c0a809feea485d17c1e6942bad1ba7e1dcfc81b5e7968d60 8b1a0014f6ac868723c7620e861abb6c21c8810b37e4a4d27ceb137ce6878505
EXPORTER_SECRET f80e67d9648c8537c0a809feea485d17c1e6942bad1ba7e1dcfc81b5e7968d60 c4c2762bab87b93a6bd00429bc0040dc15ffccb0e492f2f0e26bf93a2e6a6652
CLIENT_TRAFFIC_SECRET_0 2db13eb4562ae08ead1ca02a63506999d7b759f01ec6a3510a0f870875a46766 0a36b5e833ed22fd7f44888c9edd82bdd7b539c66add715006d5316e310e79a9
SERVER_TRAFFIC_SECRET_0 2db13eb4562ae08ead1ca02a63506999d7b759f01ec6a3510a0f870875a46766 43e54d58af489c7aeb61d77af49e74052709016bb570634c886f93da07b9a419
EXPORTER_SECRET 2db13eb4562ae08ead1ca02a63506999d7b759f01ec6a3510a0f870875a46766 b5314c728143ed2de604025f9e837ec137e3d6fd6c61f3cb3a9e8e935b2eeea0
CLIENT_TRAFFIC_SECRET_0 b1de2b8bce01dfbb5e42ddc8adae24d014bdb801330a72673b71aeaae7cc63c8 480602077c351cc736e5169e9070a2ac6aca45b4029c187050740865e33b6ac7
SERVER_TRAFFIC_SECRET_0 b1de2b8bce01dfbb5e42ddc8adae24d014bdb801330a72673b71aeaae7cc63c8 22b6049d790a98eb2f102f9f79e0844dcb618feaa586bfcb79429b4ca0a1f7e6
EXPORTER_SECRET b1de2b8bce01dfbb5e42ddc8adae24d014bdb801330a72673b71aeaae7cc63c8 8635944915025b768509294df67f04c0de7c0df453284dbfa4d22d3efc8d534b
CLIENT_HANDSHAKE_TRAFFIC_SECRET 119263903170c0c080b263a1a5985cfe2e63ed77df1a92ee8a7db32d405cfe44 fa6d0eee085dbd1e1e43b3f144ee62dcd68111248e057ade977fb78f5d3fb498
SERVER_HANDSHAKE_TRAFFIC_SECRET 119263903170c0c080b263a1a5985cfe2e63ed77df1a92ee8a7db32d405cfe44 5348ce2e33701ff54ac0a105e75a0b92d5e0ff0307156f5140a958b74e1df365
CLIENT_TRAFFIC_SECRET_0 119263903170c0c080b263a1a5985cfe2e63ed77df1a92ee8a7db32d405cfe44 620f315bdf6463ce90f480eda0d61db1b921fb8680e8bdef8511bfb18de522c0
SERVER_TRAFFIC_SECRET_0 119263903170c0c080b263a1a5985cfe2e63ed77df1a92ee8a7db32d405cfe44 d12c82d6251ac10ad9c4ad57a49230ecf524a09f9ea1c760b1c7019213de08dc
EXPORTER_SECRET 119263903170c0c080b263a1a5985cfe2e63ed77df1a92ee8a7db32d405cfe44 7aa4987814a1fa9cd021cb07a50bd55233dd11443795572619c6f4217626cdc3
CLIENT_HANDSHAKE_TRAFFIC_SECRET 716b479d98bcf0158ddaf30cad6f6c617aff09be9e32103bb3f80aa1326be1f6 bab0ddf10628ed38d12e6708ab2c2ca5799ead11a80975b72e1afc657afe78ab
SERVER_HANDSHAKE_TRAFFIC_SECRET 716b479d98bcf0158ddaf30cad6f6c617aff09be9e32103bb3f80aa1326be1f6 0832b9c20c7999dcacf8dc9015a535d8a70b3f59658a6a1af71a88d66235f2d7
CLIENT_TRAFFIC_SECRET_0 716b479d98bcf0158ddaf30cad6f6c617aff09be9e32103bb3f80aa1326be1f6 6a6948b795155ea54e2c4d905d62fc070ddc49015d342347cfb4813a552cb240
SERVER_TRAFFIC_SECRET_0 716b479d98bcf0158ddaf30cad6f6c617aff09be9e32103bb3f80aa1326be1f6 47fb7c4c8f493dee4c7d8b39005f130a54509006fd26c5bccb3d00bc5b881b9d
EXPORTER_SECRET 716b479d98bcf0158ddaf30cad6f6c617aff09be9e32103bb3f80aa1326be1f6 937ac0c8813939b9715fff486beeb95ef609d41a2fc0f57d9d3c6452b5d33347
CLIENT_HANDSHAKE_TRAFFIC_SECRET 9fa6cdab91c543fc25664cb6197b939d7d88176e22f94f281f48c7dc62a6ffd8 a64f650db7870e50991008f3bdcbb382e706a010238158cfd7e29e3afb402203
SERVER_HANDSHAKE_TRAFFIC_SECRET 9fa6cdab91c543fc25664cb6197b939d7d88176e22f94f281f48c7dc62a6ffd8 8978672daee976b04050b0c5b5cc4604cd7a218b894447ed608e009e2e479a3b
CLIENT_TRAFFIC_SECRET_0 9fa6cdab91c543fc25664cb6197b939d7d88176e22f94f281f48c7dc62a6ffd8 cb50c5a23042478b7cd62990c1f26c3eb24cf4c2764698f127d8b583cba66e85
SERVER_TRAFFIC_SECRET_0 9fa6cdab91c543fc25664cb6197b939d7d88176e22f94f281f48c7dc62a6ffd8 200143d3c8bdd733412c3dc445c49e7f133f5d990200ef0027b5f05687511dba
EXPORTER_SECRET 9fa6cdab91c543fc25664cb6197b939d7d88176e22f94f281f48c7dc62a6ffd8 c365bda83842e6622047ab849b00170d7be04dcb809a58a3ea341da3a7eeb872
CLIENT_HANDSHAKE_TRAFFIC_SECRET dc0751ec75cc8a042e881c5767c03a96a6c299486bdd3c08da3a75c15d22d942 8347e199682daeb9d8042d79c1204b2cd4c135dfbfcfa66421e740147a386d93
SERVER_HANDSHAKE_TRAFFIC_SECRET dc0751ec75cc8a042e881c5767c03a96a6c299486bdd3c08da3a75c15d22d942 09503570de07ac4def906d62e7bbd9adfae46c9b0ed02f0a0b914af9cfd9dc60
CLIENT_TRAFFIC_SECRET_0 dc0751ec75cc8a042e881c5767c03a96a6c299486bdd3c08da3a75c15d22d942 304665cc63ed5df07bd54a676de71cbaf8fa61f4b84ec32866301ff400fa5236
SERVER_TRAFFIC_SECRET_0 dc0751ec75cc8a042e881c5767c03a96a6c299486bdd3c08da3a75c15d22d942 66e08209df297f1afb8fcc9e7f773592531e27606cf8b8ef7ad834308da3ddcd
EXPORTER_SECRET dc0751ec75cc8a042e881c5767c03a96a6c299486bdd3c08da3a75c15d22d942 b62c5976117cf84269d3fa705ed4a77fe92822a58b922802efc4683c83f2d660
CLIENT_HANDSHAKE_TRAFFIC_SECRET 4a5cca27ac98369571c26b9930baec66bbac8ed921e14eef79711a2d1fc3bde8 705cecadf283636e36c550e14fc5f5be4ee4712ea0732f239f35d412803e0582
SERVER_HANDSHAKE_TRAFFIC_SECRET 4a5cca27ac98369571c26b9930baec66bbac8ed921e14eef79711a2d1fc3bde8 a3325d307a31e094e53021fa4da29ed34f4bac24ff5416ba518d3783f31dbba3
CLIENT_TRAFFIC_SECRET_0 4a5cca27ac98369571c26b9930baec66bbac8ed921e14eef79711a2d1fc3bde8 ff6b776e67676aa9ef7745d943d53e9db8ce11e7382a661a9acec388a41b2090
SERVER_TRAFFIC_SECRET_0 4a5cca27ac98369571c26b9930baec66bbac8ed921e14eef79711a2d1fc3bde8 d5c151723f89bcb0e0c113299fd82739efe422da6a16b581343fc34935cc7e1a
EXPORTER_SECRET 4a5cca27ac98369571c26b9930baec66bbac8ed921e14eef79711a2d1fc3bde8 d6c6145e0388961c499783cf213865abc30dca8ece6173ee250540cbac8b4f63
CLIENT_EARLY_TRAFFIC_SECRET 071e7d5ad5991597341886150760b0d35ac0ad668a0962075f549fa5163956a5 1dfc537788610c3d67d8a81759a95f65c4a0a10e66fe124ee73543def0174a18
EARLY_EXPORTER_SECRET 071e7d5ad5991597341886150760b0d35ac0ad668a0962075f549fa5163956a5 01f1ee66de4c4415b8fa9593df354e1ab6be8cdc4ea3e4f2662e4439ecc54b1e
CLIENT_HANDSHAKE_TRAFFIC_SECRET 071e7d5ad5991597341886150760b0d35ac0ad668a0962075f549fa5163956a5 dffb393175554a5d06bf7f724570ba04cb145f103e2fcdac2e15469ba1846b57
SERVER_HANDSHAKE_TRAFFIC_SECRET 071e7d5ad5991597341886150760b0d35ac0ad668a0962075f549fa5163956a5 e50c944d3d6e8a98ea863ae9f6096d1161b6c7077e8da1c5fb15943529d48b1b
CLIENT_TRAFFIC_SECRET_0 071e7d5ad5991597341886150760b0d35ac0ad668a0962075f549fa5163956a5 02e72d862e780d6e9aad62ec48df380081dd2e8ccf092f5914231cabe5896ce6
SERVER_TRAFFIC_SECRET_0 071e7d5ad5991597341886150760b0d35ac0ad668a0962075f549fa5163956a5 393da024adb4fe68515500290630c07576dd5c5da6933754d718843326e9624d
EXPORTER_SECRET 071e7d5ad5991597341886150760b0d35ac0ad668a0962075f549fa5163956a5 5ce8777b2f194d615085e169de939c519ab1329926b0d7b5193b55fe60eb2ac1
CLIENT_EARLY_TRAFFIC_SECRET a9d7b52c49995d77b4c1260867be31e4b3798a7e2607153ac59c4091fc4dc473 4742be49faf6d25427773c18f11c420cca9d3be29e3ccdcfee769c24c27ad070
EARLY_EXPORTER_SECRET a9d7b52c49995d77b4c1260867be31e4b3798a7e2607153ac59c4091fc4dc473 967e40a372e74a55112a9f9ffe3c921a7f70c5424c823a62d0f0be944964c9c5
CLIENT_HANDSHAKE_TRAFFIC_SECRET a9d7b52c49995d77b4c1260867be31e4b3798a7e2607153ac59c4091fc4dc473 2807722b84c63efbe8b31592304b59c36d1357037603ec66ce6de492e31bc268
SERVER_HANDSHAKE_TRAFFIC_SECRET a9d7b52c49995d77b4c1260867be31e4b3798a7e2607153ac59c4091fc4dc473 8319bfb744ab8054eda03593f4b0072ef58474a95955bc5833dada602a722b74
CLIENT_TRAFFIC_SECRET_0 a9d7b52c49995d77b4c1260867be31e4b3798a7e2607153ac59c4091fc4dc473 e0ffa38bb2f3121fe37ec4128498e206c47e9eb5f7723cdbd60800728ff14053
SERVER_TRAFFIC_SECRET_0 a9d7b52c49995d77b4c1260867be31e4b3798a7e2607153ac59c4091fc4dc473 6bebec43fcf41aa4dc7a0507003e4da364324a0835c997852511698dcf5bf9fc
EXPORTER_SECRET a9d7b52c49995d77b4c1260867be31e4b3798a7e2607153ac59c4091fc4dc473 d26c5bf8cac04737bd16baddd38063e455b3ea963a9fef27bd7f00de14946074
CLIENT_HANDSHAKE_TRAFFIC_SECRET 863da0b81437d9d446120e2490be636cee00e234210b87cb8418b8b9c2be9e8f 8ac99712b95a44b08cee609d435273020eac3efa0f40ff5a0318ba5986f57921
SERVER_HANDSHAKE_TRAFFIC_SECRET 863da0b81437d9d446120e2490be636cee00e234210b87cb8418b8b9c2be9e8f c6d040c2798b6fc3652280ee37679f17026ce66427d17d07fe5b3f30e2a60d52
CLIENT_TRAFFIC_SECRET_0 863da0b81437d9d446120e2490be636cee00e234210b87cb8418b8b9c2be9e8f 3fab606afc49d7435eba3626ba35b571c64b44083456445a85b11343ec0091de
SERVER_TRAFFIC_SECRET_0 863da0b81437d9d446120e2490be636cee00e234210b87cb8418b8b9c2be9e8f 167955a23c7e84021b6cfedb7571d3d96cfe7933384f336cf1a2fb97d418ed36
EXPORTER_SECRET 863da0b81437d9d446120e2490be636cee00e234210b87cb8418b8b9c2be9e8f a9614210bf09e88afbfab3e68bdda0b8096c8ff5f44bfdea346f9c1013757af6
CLIENT_EARLY_TRAFFIC_SECRET b3e8ecf96fb580f5ecf9c07051610e196b1252783d81d767f5ff91138a37de8a 34cced2b7413ea2c8a9faaa640ba1d7f07c41e40b1542326ea5703a5ceea2bcd
EARLY_EXPORTER_SECRET b3e8ecf96fb580f5ecf9c07051610e196b1252783d81d767f5ff91138a37de8a 48a1c630092748f9654c4f13b87354ceae5d9a89429f46dfb634ca3d9c6a0365
CLIENT_EARLY_TRAFFIC_SECRET 2743ffe069b4e6b2fcbd0366292f0ac5c6936dccfb41d7d4427ea3408387afeb ea11604b3174ea9088697ebfbf472391f833f436d547b657c5a87e1c0b774b23
EARLY_EXPORTER_SECRET 2743ffe069b4e6b2fcbd0366292f0ac5c6936dccfb41d7d4427ea3408387afeb a5a53c520f6956bf8a9590f179b4ad16e7ebaa7913ff519fb9b893da5933e8fb
CLIENT_EARLY_TRAFFIC_SECRET c7da72865420e3376f1d71865bad2a8feb473a4f554d13cb54019ed83c70c4e7 abcf4b749b38468fc0575609d78715645532eda548a14184b8a2a775ec31e2a0
EARLY_EXPORTER_SECRET c7da72865420e3376f1d71865bad2a8feb473a4f554d13cb54019ed83c70c4e7 c969bf83fd5c41d2e24e25972e4a5c79f4c97cc3f481affd1efe8656279f16b2
CLIENT_HANDSHAKE_TRAFFIC_SECRET 2743ffe069b4e6b2fcbd0366292f0ac5c6936dccfb41d7d4427ea3408387afeb 2f04e60b20ca2e38c4af089fda2de75d3dc353f530775b192a5e6e5a8b1ac891
SERVER_HANDSHAKE_TRAFFIC_SECRET 2743ffe069b4e6b2fcbd0366292f0ac5c6936dccfb41d7d4427ea3408387afeb 312eff6ac6266a5e98b853bdcfb9d996ce7e3c5395f9db85cf145bb68939bcfd
CLIENT_TRAFFIC_SECRET_0 2743ffe069b4e6b2fcbd0366292f0ac5c6936dccfb41d7d4427ea3408387afeb fe64d2b9f3e86609dd578f13da6cb4ca8571a5af9542558843376fdea90cc506
SERVER_TRAFFIC_SECRET_0 2743ffe069b4e6b2fcbd0366292f0ac5c6936dccfb41d7d4427ea3408387afeb f0d272fb99cf0ded8f5cef1af6c2fd23985076857595aa5689860156beb92a24
EXPORTER_SECRET 2743ffe069b4e6b2fcbd0366292f0ac5c6936dccfb41d7d4427ea3408387afeb 898064bbbef17b502c34531b6f43d1039ac8633ba458a783f883ce56df6eee09
CLIENT_HANDSHAKE_TRAFFIC_SECRET c7da72865420e3376f1d71865bad2a8feb473a4f554d13cb54019ed83c70c4e7 8d0f8d044c8a9b766c02389741ab6823f293390f214a4f1d48dd62feebe206a5
SERVER_HANDSHAKE_TRAFFIC_SECRET c7da72865420e3376f1d71865bad2a8feb473a4f554d13cb54019ed83c70c4e7 6bd3523f551d9f0cfa0c0697114912a103aa0b21e05db1227e65f633883f3193
CLIENT_TRAFFIC_SECRET_0 c7da72865420e3376f1d71865bad2a8feb473a4f554d13cb54019ed83c70c4e7 352d3724ce286accf8f4308ddd2a4f25d67446866a9cd9cba5d333f0b653fc37
SERVER_TRAFFIC_SECRET_0 c7da72865420e3376f1d71865bad2a8feb473a4f554d13cb54019ed83c70c4e7 189839d97a3b498e6b928df14cc11c18332364ae6b77c11a11280240448756fd
EXPORTER_SECRET c7da72865420e3376f1d71865bad2a8feb473a4f554d13cb54019ed83c70c4e7 2339e8bcf73b34c0f93d68c54b26fc7be2a4488bd92275459b37093860b492aa
CLIENT_EARLY_TRAFFIC_SECRET 5239946d4eb6db27d228431220a77bc624da24ea172c415eb8da94f5c0a26fb4 f2257c514e378570c84ea579811508c1a5f5b273f0a7e07c2ae152c4834aab4c
EARLY_EXPORTER_SECRET 5239946d4eb6db27d228431220a77bc624da24ea172c415eb8da94f5c0a26fb4 29cedc5c7c235f7cdaa9155d81f91f3800723c7d8a92c67a55de6004acf92133
CLIENT_EARLY_TRAFFIC_SECRET 2009df26a8c59e03a4cee28efe1faaf8b0a292fd70904848d6ec05eda87dcd53 df07091fad55d20c85ad5a79df99027f68edb9bf5a67e1f185682bdf2ce4747c
EARLY_EXPORTER_SECRET 2009df26a8c59e03a4cee28efe1faaf8b0a292fd70904848d6ec05eda87dcd53 3b1505171b001d3bb662ff8f6d163dc76e2480c8cfc9fd35fc64c2adac103ee2
CLIENT_EARLY_TRAFFIC_SECRET fe44cb76c26828f58337d94dfdd690a0c2d69cfa41d7f8ada63130745a4e8f7a 1de822c98de7ca196190cb1163c0af545cc87b7a2255757c117b5fa2dd4d2b2c
EARLY_EXPORTER_SECRET fe44cb76c26828f58337d94dfdd690a0c2d69cfa41d7f8ada63130745a4e8f7a b0479373ece6f741fbd33b6390a085a0a70b3e0bb7e7f229cf7c99a5c29ba0b1
CLIENT_HANDSHAKE_TRAFFIC_SECRET 5239946d4eb6db27d228431220a77bc624da24ea172c415eb8da94f5c0a26fb4 df8ac915ba2e09d87f32a8cb53a66bcca0cc55ecfb1727087521cf2f45ced5e1
SERVER_HANDSHAKE_TRAFFIC_SECRET 5239946d4eb6db27d228431220a77bc624da24ea172c415eb8da94f5c0a26fb4 78a6b31848ff47f23c75f6ad712f769d05a9e46b189c6b500f1652e1211aab84
CLIENT_TRAFFIC_SECRET_0 5239946d4eb6db27d228431220a77bc624da24ea172c415eb8da94f5c0a26fb4 aa858dbe2af2e9c1a0797ed048ed304d929bda36ba2ab5730b0390eca8280960
SERVER_TRAFFIC_SECRET_0 5239946d4eb6db27d228431220a77bc624da24ea172c415eb8da94f5c0a26fb4 7435c8bb2fe5149e3d0a8a9095f6a751ad7d6554fb277223a57dcfc3cb9c77c6
EXPORTER_SECRET 5239946d4eb6db27d228431220a77bc624da24ea172c415eb8da94f5c0a26fb4 d36215c8478f9d0bf703cb4af0f2815069b7903788fa25226ce29928a1febc72
CLIENT_HANDSHAKE_TRAFFIC_SECRET 2009df26a8c59e03a4cee28efe1faaf8b0a292fd70904848d6ec05eda87dcd53 6e997043a248160010ae0f4207dc814e163f4564468a01c798149a02b96dc5cd
SERVER_HANDSHAKE_TRAFFIC_SECRET 2009df26a8c59e03a4cee28efe1faaf8b0a292fd70904848d6ec05eda87dcd53 8470e97bafc98593d630a923121d75d67c000722d20d09ace843ac6abe3f4aa0
CLIENT_TRAFFIC_SECRET_0 2009df26a8c59e03a4cee28efe1faaf8b0a292fd70904848d6ec05eda87dcd53 f74adbbd1ae8e91c713fe2abdf067c5911e3af59cb91e046b0bcf0ee0c6ded6d
SERVER_TRAFFIC_SECRET_0 2009df26a8c59e03a4cee28efe1faaf8b0a292fd70904848d6ec05eda87dcd53 c3161e1e570d22053eaeb5d6d15ace4cdac03cf1797f62f8800531e6e1f717d2
EXPORTER_SECRET 2009df26a8c59e03a4cee28efe1faaf8b0a292fd70904848d6ec05eda87dcd53 9b3fe69c1efe2190be104a308bb4f33dab33d9153ffe92dbc048f0a54a0d3d20
CLIENT_HANDSHAKE_TRAFFIC_SECRET fe44cb76c26828f58337d94dfdd690a0c2d69cfa41d7f8ada63130745a4e8f7a 41b6fec3e69dbca11ec122efe5897d1bf613d702cbf8e93acd113e389047d5bc
SERVER_HANDSHAKE_TRAFFIC_SECRET fe44cb76c26828f58337d94dfdd690a0c2d69cfa41d7f8ada63130745a4e8f7a 0337741605672b97cbabceaeea364601f17b726d2395992c55f53db159b50985
CLIENT_TRAFFIC_SECRET_0 fe44cb76c26828f58337d94dfdd690a0c2d69cfa41d7f8ada63130745a4e8f7a 09bf9e365adb5cf070865e07a83a65e174cbc91937e77e337acc928d164a6c44
SERVER_TRAFFIC_SECRET_0 fe44cb76c26828f58337d94dfdd690a0c2d69cfa41d7f8ada63130745a4e8f7a 3345dec3fb6d5222ea63327068d14cad54e099bb919537567ccc5282d7687c63
EXPORTER_SECRET fe44cb76c26828f58337d94dfdd690a0c2d69cfa41d7f8ada63130745a4e8f7a 6024e8efec752c5bef4f210045bfccd063af2ab915c654257edfb201a0222011
CLIENT_EARLY_TRAFFIC_SECRET 6f365d45672c5a3640bc7971ec97613830ac67bfb7bf0d4d6b9bd77d9a9dad91 1df00033cd581282a5e6b8efa4c140b8df9cc80de62a62e08c434e2012875d2a
EARLY_EXPORTER_SECRET 6f365d45672c5a3640bc7971ec97613830ac67bfb7bf0d4d6b9bd77d9a9dad91 fa9cebae4034d560b112fbf1441097a8dabfeddbf2a5ccf3f499f34d05f35b7c
CLIENT_EARLY_TRAFFIC_SECRET 9918fd96c90ec641c66d28c8744c03bdaf80e8f37b07fe32d179945b7be4840f cf0204724be03dbd7d623fb0131370f12d2383fd985e3d2cec2fed584f596937
EARLY_EXPORTER_SECRET 9918fd96c90ec641c66d28c8744c03bdaf80e8f37b07fe32d179945b7be4840f e8b2a062a5f717e8396f7debc333040ae825a782cdd15bc1f81be8fbb497e2fb
CLIENT_HANDSHAKE_TRAFFIC_SECRET 6f365d45672c5a3640bc7971ec97613830ac67bfb7bf0d4d6b9bd77d9a9dad91 a27ba565833c56f4be0080fc10b9bf490a816ac14cda9015773967d49c0f90f9
SERVER_HANDSHAKE_TRAFFIC_SECRET 6f365d45672c5a3640bc7971ec97613830ac67bfb7bf0d4d6b9bd77d9a9dad91 0cef6ccec4a8ecc4e100df287c304a6a587fb572944f7a0696e1b1f0bcbac550
CLIENT_TRAFFIC_SECRET_0 6f365d45672c5a3640bc7971ec97613830ac67bfb7bf0d4d6b9bd77d9a9dad91 bb936972c926fc5be50264b0180f00815c3e4547ca93475b1fd921388ad0bc22
SERVER_TRAFFIC_SECRET_0 6f365d45672c5a3640bc7971ec97613830ac67bfb7bf0d4d6b9bd77d9a9dad91 68b61386be67fb938925a157fdb53212535803342aca843ba93db1942be435c8
EXPORTER_SECRET 6f365d45672c5a3640bc7971ec97613830ac67bfb7bf0d4d6b9bd77d9a9dad91 d8a002106e08e04eef3796f3b215ce632227e10f68a668a6ceb1ff75037c0890
CLIENT_HANDSHAKE_TRAFFIC_SECRET 9918fd96c90ec641c66d28c8744c03bdaf80e8f37b07fe32d179945b7be4840f f19c4f4197954294c444e8cda5c9dbff0b5765e8fb1e2a78a9cdb6749b144990
SERVER_HANDSHAKE_TRAFFIC_SECRET 9918fd96c90ec641c66d28c8744c03bdaf80e8f37b07fe32d179945b7be4840f ab5d07c43aefc4b458ac74dcd4fae2691a7d3b0eb9ccf39d57b1ffbd8e7ab8c2
CLIENT_TRAFFIC_SECRET_0 9918fd96c90ec641c66d28c8744c03bdaf80e8f37b07fe32d179945b7be4840f 8e9f35f97988567b9480ccbaed27bbbb54d270fe56226c38406e18efa2ab60dc
SERVER_TRAFFIC_SECRET_0 9918fd96c90ec641c66d28c8744c03bdaf80e8f37b07fe32d179945b7be4840f c0fb9eb099e1ecfc370a37c78d5dfb769123e299e57d1130a8a5ebe03133f0be
EXPORTER_SECRET 9918fd96c90ec641c66d28c8744c03bdaf80e8f37b07fe32d179945b7be4840f 01af1af660d093da2b615ea8aa5593bba82a18ae2327b89a8e6e95b34bf25bc2
CLIENT_HANDSHAKE_TRAFFIC_SECRET 24b710755aba9a1c214834832e05bca93de03b6b0a889edb418954f9f681f2da dfbf0a3deef02c1726e5b5a01f00473a9f79ecc699c22a22194563b7a37d3252
SERVER_HANDSHAKE_TRAFFIC_SECRET 24b710755aba9a1c214834832e05bca93de03b6b0a889edb418954f9f681f2da bf98baac53f3cf5b0df32f45afc615598f617d17e0eaf1788f5f2818c8d2ef3c
CLIENT_TRAFFIC_SECRET_0 24b710755aba9a1c214834832e05bca93de03b6b0a889edb418954f9f681f2da 7f7661e94ea14d62cb5e139707f925cf05ff08f307970848e355747b41502618
SERVER_TRAFFIC_SECRET_0 24b710755aba9a1c214834832e05bca93de03b6b0a889edb418954f9f681f2da 8ac517b5cad5992987ff7bc747eaec05366597610a77087f0952359613646bb6
EXPORTER_SECRET 24b710755aba9a1c214834832e05bca93de03b6b0a889edb418954f9f681f2da 2dbfd2e076253ff52625503ee21c1c08b81eb0d3f0e8eae2da148b43882ce711
CLIENT_EARLY_TRAFFIC_SECRET 11444227c76935bb6b8e90077205b7acd9b2b24cc1924360d36caad8b5759add ed75a592b5e35f76f4453e8505f45e668e30999dde01c3900822939581862998
EARLY_EXPORTER_SECRET 11444227c76935bb6b8e90077205b7acd9b2b24cc1924360d36caad8b5759add 8f2ec5c13efa5f08d9f3f81c39c462933d69ddca145c8a77d16495c9f534f29e
CLIENT_HANDSHAKE_TRAFFIC_SECRET 11444227c76935bb6b8e90077205b7acd9b2b24cc1924360d36caad8b5759add 3ccd2fe23d25f25aabf4c1e4406abfef3228a4d75330783b63864e40cbc8aaa8
SERVER_HANDSHAKE_TRAFFIC_SECRET 11444227c76935bb6b8e90077205b7acd9b2b24cc1924360d36caad8b5759add c80ec025853904a09811f0a73df006b48fafc96acda0b1787ffe09f49d6702d3
CLIENT_TRAFFIC_SECRET_0 11444227c76935bb6b8e90077205b7acd9b2b24cc1924360d36caad8b5759add a047a1ca59038131f27b26328f52c4d7365ec09b3fa474d1b4a551e3132ac2a1
SERVER_TRAFFIC_SECRET_0 11444227c76935bb6b8e90077205b7acd9b2b24cc1924360d36caad8b5759add c33391f4621f4691a043a950e390cf3a0a1ac6e650ec3bf98af6c269fb4fcb3f
EXPORTER_SECRET 11444227c76935bb6b8e90077205b7acd9b2b24cc1924360d36caad8b5759add 23ba73fb1f31ab911971373c9a726a076b3946ed3aa0bdff86cfc71edd5cc2f4
CLIENT_EARLY_TRAFFIC_SECRET 095b7b2b185e4b1a06f8dab6d838f2241dea3ec83e32295edddd5b52ce004998 f4f17bf4403abb2d2cd01efcdc45337f046eb89e7fda7265a5e1c8bd374b07ad
EARLY_EXPORTER_SECRET 095b7b2b185e4b1a06f8dab6d838f2241dea3ec83e32295edddd5b52ce004998 76edeef6201abb34b6d05e867874eba50a7c8804d4910bc12def1597442924e6
CLIENT_HANDSHAKE_TRAFFIC_SECRET 095b7b2b185e4b1a06f8dab6d838f2241dea3ec83e32295edddd5b52ce004998 addafd2dace218c51294317c1e9185966f87df966e22901e0d827abc426e3f52
SERVER_HANDSHAKE_TRAFFIC_SECRET 095b7b2b185e4b1a06f8dab6d838f2241dea3ec83e32295edddd5b52ce004998 94c6ad94ae878833068ba3cd7a79aa1641f4fb32975d914bdacfa05625099d09
CLIENT_TRAFFIC_SECRET_0 095b7b2b185e4b1a06f8dab6d838f2241dea3ec83e32295edddd5b52ce004998 3eed4cdfdcdd10c356b6b220f9e9e6eb2e9badead95859532c4f0691d3b07710
SERVER_TRAFFIC_SECRET_0 095b7b2b185e4b1a06f8dab6d838f2241dea3ec83e32295edddd5b52ce004998 975516a8cf97cb7ec956e8bb853c2f3331ded79f5fd7f91a667f7a6a26cc0710
EXPORTER_SECRET 095b7b2b185e4b1a06f8dab6d838f2241dea3ec83e32295edddd5b52ce004998 6d5a2772976b2a56832565227f0118addfc41fe6a69d951efea81e303d99ffb8
CLIENT_EARLY_TRAFFIC_SECRET ab9ba1d4b388056e4d2bf3e990cad17a57bb704dc428855a28633293cc9687bd fbd0263b0e996f55ae74f6ccd0dd3447ff510b2f0ceb8086a547793d19567281
EARLY_EXPORTER_SECRET ab9ba1d4b388056e4d2bf3e990cad17a57bb704dc428855a28633293cc9687bd 1ff53849bebbc318638ac724f1dd2350a31541997a682603fa9708ae3c69e07a
CLIENT_HANDSHAKE_TRAFFIC_SECRET ab9ba1d4b388056e4d2bf3e990cad17a57bb704dc428855a28633293cc9687bd 8537f9f936895d1dd667da51bc9e2d064a89949ca058640d7748734aad7bf0d6
SERVER_HANDSHAKE_TRAFFIC_SECRET ab9ba1d4b388056e4d2bf3e990cad17a57bb704dc428855a28633293cc9687bd 0f7346daa53576460801b983a22e804bcb6b125507bc600b7d09db6ed3e147ce
CLIENT_TRAFFIC_SECRET_0 ab9ba1d4b388056e4d2bf3e990cad17a57bb704dc428855a28633293cc9687bd 0b43f6178181b5b7d0c43267b1557a2522c3e02a20eeb76af209b9e25687ecb6
SERVER_TRAFFIC_SECRET_0 ab9ba1d4b388056e4d2bf3e990cad17a57bb704dc428855a28633293cc9687bd d31ead6723e85942b4b1c034752948a9d22dc40acaddb6395b8fe242f1111dc9
EXPORTER_SECRET ab9ba1d4b388056e4d2bf3e990cad17a57bb704dc428855a28633293cc9687bd f3e870e8b37bb0d822d9a610f6c0e24fa5487f37ff71d580be426a242ca55dcd
CLIENT_EARLY_TRAFFIC_SECRET 5f87b64a9f350d1ac3973cceab883d0ee6f59a141a0738946807b0b62cb8de1e 34ee238ea4a3756be8c5c6a9da0de802455eb5eefb48e4a92884d7ba9e845761
EARLY_EXPORTER_SECRET 5f87b64a9f350d1ac3973cceab883d0ee6f59a141a0738946807b0b62cb8de1e b2be3ecfa00a0ab7fb012c954ee3d0cde2d9cace171a7f244d7c42468500a221
CLIENT_HANDSHAKE_TRAFFIC_SECRET 5f87b64a9f350d1ac3973cceab883d0ee6f59a141a0738946807b0b62cb8de1e 432680d88207c9a0320c47bcb0eadcaf62abfbcc27ab254a3807092e43b874b5
SERVER_HANDSHAKE_TRAFFIC_SECRET 5f87b64a9f350d1ac3973cceab883d0ee6f59a141a0738946807b0b62cb8de1e bc626776b75f79afd12708ed29e76a96e014bd4827362312dc5237f58f9c920c
CLIENT_TRAFFIC_SECRET_0 5f87b64a9f350d1ac3973cceab883d0ee6f59a141a0738946807b0b62cb8de1e 4e8e32af5db41d56150c00e55dcea568768054b86aa820aa5d86a40fb33195e3
SERVER_TRAFFIC_SECRET_0 5f87b64a9f350d1ac3973cceab883d0ee6f59a141a0738946807b0b62cb8de1e 435dcb217e5611af175c8cd1c8bdf0bce4fb9927d55e1c093c76f028cfd743f4
EXPORTER_SECRET 5f87b64a9f350d1ac3973cceab883d0ee6f59a141a0738946807b0b62cb8de1e f56ae6c6c014bd78fef86f9d46e550b15daf5da7ac0dc6805278a5b3e4e1ff53
CLIENT_HANDSHAKE_TRAFFIC_SECRET 2aa4a6d32846ffb34e3eab551f198fe6902a951196872712e31f52c7d4df19c4 696e96d22a260dde064d589986b0e21b1f340a95d966084775764c6fb6132991
SERVER_HANDSHAKE_TRAFFIC_SECRET 2aa4a6d32846ffb34e3eab551f198fe6902a951196872712e31f52c7d4df19c4 abd8bcb9305b32f01c86fa9859e056e4162f8128e0078f69ef5425ec11198928
CLIENT_TRAFFIC_SECRET_0 2aa4a6d32846ffb34e3eab551f198fe6902a951196872712e31f52c7d4df19c4 3aabbc5465b1da2552cce47a3cfa01c00c277cb6014b44032d56c50f7ad977f0
SERVER_TRAFFIC_SECRET_0 2aa4a6d32846ffb34e3eab551f198fe6902a951196872712e31f52c7d4df19c4 17506f9cabb7d086e9669d694d3299d7d7516bde6fda172a9e88e7b5a0fc9a58
EXPORTER_SECRET 2aa4a6d32846ffb34e3eab551f198fe6902a951196872712e31f52c7d4df19c4 a842430cbfe0eee8ca10c6793b3e68c6bbcb79f1a2c159811913b88251e5898c
CLIENT_HANDSHAKE_TRAFFIC_SECRET b3979ff04aa9a78be333f7b008f1b457d474b4bd9219d2ca68da0cb0f7ee0a3d 4f18cdaee1ef1605199168928a09dfbea14269adc4be4291f26875a26bcffd6b
SERVER_HANDSHAKE_TRAFFIC_SECRET b3979ff04aa9a78be333f7b008f1b457d474b4bd9219d2ca68da0cb0f7ee0a3d 46064ed4588c50f9f7217956a09d5b132df9a6d6cccba62e3e333de474d1c201
CLIENT_TRAFFIC_SECRET_0 b3979ff04aa9a78be333f7b008f1b457d474b4bd9219d2ca68da0cb0f7ee0a3d 2ec9558c46f20fd7282e55c3687eb2c04f413bb972ad0172870ea61335fc0a8a
SERVER_TRAFFIC_SECRET_0 b3979ff04aa9a78be333f7b008f1b457d474b4bd9219d2ca68da0cb0f7ee0a3d fd4682b99fe3aa77aeee663d2d0f0e82568e125dbf7c09477d60ebbb884ddb07
EXPORTER_SECRET b3979ff04aa9a78be333f7b008f1b457d474b4bd9219d2ca68da0cb0f7ee0a3d 56b8014a2f838de330540db3f5a35d677604ac7f71115e39725f641cf69a1311
CLIENT_HANDSHAKE_TRAFFIC_SECRET 8df3c5e77dec8967c17cb68288e9dd417463e24d02c3f58c43ea310b618cc502 824c5108235adfcfcdd8d08a8c29e14daba92125b339154e96a28b33ffa487d2
SERVER_HANDSHAKE_TRAFFIC_SECRET 8df3c5e77dec8967c17cb68288e9dd417463e24d02c3f58c43ea310b618cc502 7d80eb7d02ea415181933202c73a02c0399aa91e6a4102acdb2273c7d3c7dda8
CLIENT_HANDSHAKE_TRAFFIC_SECRET 53179e8381a3e88308ab8b913dfa49fb92523ffaa92f7b852fed0cc48d2686e4 62db8f72b9ded7777c0d9ba865e67f11a62bddd196481e43c9f5ce9d28d271ba
SERVER_HANDSHAKE_TRAFFIC_SECRET 53179e8381a3e88308ab8b913dfa49fb92523ffaa92f7b852fed0cc48d2686e4 530b17608786f8f6e897fd1415966ec5c9cefe5d63919467a2250adf555d55e0
CLIENT_HANDSHAKE_TRAFFIC_SECRET 886ee93b9691b62afe7d2fc1c13f4e452d4fd63509fc3f4f19d48bcb183e1579 1cbb25135fc61b89eebdf65b4f3d04d66740b56f7e198190c505bca2d5cd9f05
SERVER_HANDSHAKE_TRAFFIC_SECRET 886ee93b9691b62afe7d2fc1c13f4e452d4fd63509fc3f4f19d48bcb183e1579 ff89b7b092d6c6148093dc528dd910628b96c6bd907888f7da4df12f7362eaa5
CLIENT_HANDSHAKE_TRAFFIC_SECRET 06157955674778993052889965d7c259d33894ad2335ee99bdc612a0d3aaef45 6af8edfec9357d5eb636abdff6f7307fe02415a1db60fcd60315604f0b1efc29
SERVER_HANDSHAKE_TRAFFIC_SECRET 06157955674778993052889965d7c259d33894ad2335ee99bdc612a0d3aaef45 9584835050f9902cdd7e48b81651b2aa96813a0ecd571d576e070668b5cd9d00
CLIENT_HANDSHAKE_TRAFFIC_SECRET 806bf776392c060753f0205a990396921bb81c4312803f0d236b63833e1fffec 4ddd7e06b07eeec76c53fd4ed768f5cacaa3596747522bdff2e58c8b11938053
SERVER_HANDSHAKE_TRAFFIC_SECRET 806bf776392c060753f0205a990396921bb81c4312803f0d236b63833e1fffec a00b2c135b114737d5fe6fd016ab76634e800eddbeddd7163174a98fe1b0a243
CLIENT_TRAFFIC_SECRET_0 8df3c5e77dec8967c17cb68288e9dd417463e24d02c3f58c43ea310b618cc502 b97e73c5242e4b7174916029dd1503f11d2de8e4bc51211a7ef0ac64b4419568
SERVER_TRAFFIC_SECRET_0 8df3c5e77dec8967c17cb68288e9dd417463e24d02c3f58c43ea310b618cc502 bd0e04c80096977c91f108675f457ef39b6253ca4eedf594c4ab965db21401ec
EXPORTER_SECRET 8df3c5e77dec8967c17cb68288e9dd417463e24d02c3f58c43ea310b618cc502 e9a303767a3fd008bcdd2fb15010a99dc2ff090743b89c3b6b2dfe92448c0478
CLIENT_HANDSHAKE_TRAFFIC_SECRET 50e9dcddefbde43780719cd133da7101ee0373aaad6a3c881ea6684b3283569f 8f554a011d212b1ced97d661f887902b11ce9d2dd866ca448afd1c5f793ee701
SERVER_HANDSHAKE_TRAFFIC_SECRET 50e9dcddefbde43780719cd133da7101ee0373aaad6a3c881ea6684b3283569f 98dc001b7bf3ef62ea864b9f8e1c64c5671dcdcbef4b5dab9024c4bbb34a63b5
CLIENT_TRAFFIC_SECRET_0 53179e8381a3e88308ab8b913dfa49fb92523ffaa92f7b852fed0cc48d2686e4 94a6c144e6ed6bdfa1a2717e27fdbe068030e13bdaac2f07d796a9ac6c6eca0e
SERVER_TRAFFIC_SECRET_0 53179e8381a3e88308ab8b913dfa49fb92523ffaa92f7b852fed0cc48d2686e4 389480149ce7fa635024acc2911a49d954fff26d1b411c23b52c311f909ab95a
EXPORTER_SECRET 53179e8381a3e88308ab8b913dfa49fb92523ffaa92f7b852fed0cc48d2686e4 e28d64609bd28935ca587aca5f5a09bae4aa2f3a38d9c68d74c74a04cb0a3d4f
CLIENT_TRAFFIC_SECRET_0 886ee93b9691b62afe7d2fc1c13f4e452d4fd63509fc3f4f19d48bcb183e1579 611cce715b081dbabbe3e450587dcd415c7e2b7190f092ea6a97dc8c287a45d5
SERVER_TRAFFIC_SECRET_0 886ee93b9691b62afe7d2fc1c13f4e452d4fd63509fc3f4f19d48bcb183e1579 413c79508e69f687aa8885018c59b694ff935a3b0844b8bfafc13cd326f3a394
EXPORTER_SECRET 886ee93b9691b62afe7d2fc1c13f4e452d4fd63509fc3f4f19d48bcb183e1579 e8730d17af73b8e018f3a068c7fc016bc32d536da80f8184880b0807fa32dea8
CLIENT_TRAFFIC_SECRET_0 806bf776392c060753f0205a990396921bb81c4312803f0d236b63833e1fffec 7bc8073f7300d1e4e5d1e2cf5e16f41109b208b60e835c66d40dbdccef83c50e
SERVER_TRAFFIC_SECRET_0 806bf776392c060753f0205a990396921bb81c4312803f0d236b63833e1fffec 6d79f83c59af8a46276662d8980f72f60d7d0f3c77ed94fc894ba897f1aa0be3
EXPORTER_SECRET 806bf776392c060753f0205a990396921bb81c4312803f0d236b63833e1fffec 6bdadd039c57eadf27324b518207831ed456212cbacf87cca484f30d428f7fef
CLIENT_TRAFFIC_SECRET_0 06157955674778993052889965d7c259d33894ad2335ee99bdc612a0d3aaef45 2ea5a26f353015d3d49b983357dd4d1cc62b0861753f65635ea2151ed3d3508b
SERVER_TRAFFIC_SECRET_0 06157955674778993052889965d7c259d33894ad2335ee99bdc612a0d3aaef45 eccd9246a16bf63005bcd86d894c77bb6192156d470a4486151d520c00cfb3bf
EXPORTER_SECRET 06157955674778993052889965d7c259d33894ad2335ee99bdc612a0d3aaef45 7e5b060356ec1b9abfd47438ff7255ece323bbf004573786cf65280dfcfa1775
CLIENT_TRAFFIC_SECRET_0 50e9dcddefbde43780719cd133da7101ee0373aaad6a3c881ea6684b3283569f 3ab9f320858a91d9c5517d50c64cad2a0027a74bd30efeabd392887f495c2999
SERVER_TRAFFIC_SECRET_0 50e9dcddefbde43780719cd133da7101ee0373aaad6a3c881ea6684b3283569f 687138cfec825aea35aa06f7ad7d32469d45e050b9370e655edb4a2820da3c3f
EXPORTER_SECRET 50e9dcddefbde43780719cd133da7101ee0373aaad6a3c881ea6684b3283569f 12b1995e8e7e6a1c449d66c34c962b52d2ba0ab4a5990ad2740b5a620fc6046e
CLIENT_HANDSHAKE_TRAFFIC_SECRET 14c827f0f1066e7ed86b00235981da35f83777461441d5b2739770d7ebac59cc a69989f90ce92edcd6d857232686f236a43bd119488544fc490c61091feda03d
SERVER_HANDSHAKE_TRAFFIC_SECRET 14c827f0f1066e7ed86b00235981da35f83777461441d5b2739770d7ebac59cc b497e6737d5f80d74e8d2d34bf445419231a686bce47350df6f725d72d8aa2ea
CLIENT_TRAFFIC_SECRET_0 14c827f0f1066e7ed86b00235981da35f83777461441d5b2739770d7ebac59cc 35fef5f09b247f6fe02c8498c5ff9f47d6deedf1fb1070ec5167a41de3c2b84a
SERVER_TRAFFIC_SECRET_0 14c827f0f1066e7ed86b00235981da35f83777461441d5b2739770d7ebac59cc a1f9f84745c0ad6cc0450419f59cbb08c7d2ad6d2094d8267a480965473aa27b
EXPORTER_SECRET 14c827f0f1066e7ed86b00235981da35f83777461441d5b2739770d7ebac59cc 87a29ba07d1402a39089b99b34791257195f7fa16d6e9c5e409ddb62586187ad
CLIENT_HANDSHAKE_TRAFFIC_SECRET b6c6f5bb74e4f4905ee06b19ba6e13c4d0eae015d1084b7651aecce74a42faac d16e78447704b9ec2acffbf401b851cb07b7b7f44eedb3cfb2faa06964e7fdcf
SERVER_HANDSHAKE_TRAFFIC_SECRET b6c6f5bb74e4f4905ee06b19ba6e13c4d0eae015d1084b7651aecce74a42faac c4af8e05e95a32031dccd79d8a17c392b15b7bf8a7b3c605398fab082d2dbf92
CLIENT_TRAFFIC_SECRET_0 b6c6f5bb74e4f4905ee06b19ba6e13c4d0eae015d1084b7651aecce74a42faac 60eb70ba49775d7548271a87c396a7131c00d2f14bf811092e19f34516d969d0
SERVER_TRAFFIC_SECRET_0 b6c6f5bb74e4f4905ee06b19ba6e13c4d0eae015d1084b7651aecce74a42faac 1e3b6c59d74243dbf41ebc97b8d93f98c579011e0e217fefdec2045c61bdf321
EXPORTER_SECRET b6c6f5bb74e4f4905ee06b19ba6e13c4d0eae015d1084b7651aecce74a42faac 1f425668d03a51b439f3e97771682e7f4a5cbb5c4cf3f7dfc2834153961a6c87
CLIENT_HANDSHAKE_TRAFFIC_SECRET 0337ad877e8e5994e4f3948f4646befdf78d5a278bb311f9339e28c1451611b4 f591b0ed4e8bac7853edbcd23623f99ef89d4067c998cec58fd59743ea0886e2
SERVER_HANDSHAKE_TRAFFIC_SECRET 0337ad877e8e5994e4f3948f4646befdf78d5a278bb311f9339e28c1451611b4 6dff4e548582418395f8e332ba62fff5ff55a090bdef3777d95c979e4bfb8d04
CLIENT_HANDSHAKE_TRAFFIC_SECRET 0075aa61051cef2443ccde9c268d56c624e9042fed2da31d0c26d26669e78e7a b2321bc8e3bfed34f96976490da8da1a7767e6f92e26fc4e844a9e8aef6fcd68
SERVER_HANDSHAKE_TRAFFIC_SECRET 0075aa61051cef2443ccde9c268d56c624e9042fed2da31d0c26d26669e78e7a e5509f97a886dedf8024ba04c94b52e8ac1c42e728520521e450b5f48a53b342
CLIENT_TRAFFIC_SECRET_0 0075aa61051cef2443ccde9c268d56c624e9042fed2da31d0c26d26669e78e7a c65d157147aca83dafa062b89c21c5aec2ea716d5c99a7ad89ec57caf0b1d065
SERVER_TRAFFIC_SECRET_0 0075aa61051cef2443ccde9c268d56c624e9042fed2da31d0c26d26669e78e7a c820bfef2fe891f8074c38e885fdfde2404067f46f786822b0b3e325d1e6ef43
EXPORTER_SECRET 0075aa61051cef2443ccde9c268d56c624e9042fed2da31d0c26d26669e78e7a 5b5e8c094c6aca73fb13108bcdc03e93cb3595a4b6514e55adc15d2d3dcda8a6
CLIENT_TRAFFIC_SECRET_0 0337ad877e8e5994e4f3948f4646befdf78d5a278bb311f9339e28c1451611b4 72c5cd15d2739ead8d7ad06d41c8711aead860ef3644f05e83e3004498999ebe
SERVER_TRAFFIC_SECRET_0 0337ad877e8e5994e4f3948f4646befdf78d5a278bb311f9339e28c1451611b4 61abf6645d20bb2ff8e1f26b203a7c63c602309fc4d724bffe6d1a908f06d9e6
EXPORTER_SECRET 0337ad877e8e5994e4f3948f4646befdf78d5a278bb311f9339e28c1451611b4 851c20bf8886c65aa4a4232d43f101ee6272b8fab26afa70fcc7efade1d38424
CLIENT_HANDSHAKE_TRAFFIC_SECRET 14a38f141ddcb9fff61d1146b52ae6f9bc196726ff28c6b678fe8a0388924a41 fc0f81846e1530a8bb06027c5e12d56984cd937d059b2a8daeef9f7beaf91e83
SERVER_HANDSHAKE_TRAFFIC_SECRET 14a38f141ddcb9fff61d1146b52ae6f9bc196726ff28c6b678fe8a0388924a41 5f1d91b5d6f77674898e97d1a376512be1f55f18230406565a031aa57ca23d73
CLIENT_TRAFFIC_SECRET_0 14a38f141ddcb9fff61d1146b52ae6f9bc196726ff28c6b678fe8a0388924a41 e9112207574b00bb21d2b5795ef70dd76b2da8ce18e45e12ac23a3d6aa4c4cb7
SERVER_TRAFFIC_SECRET_0 14a38f141ddcb9fff61d1146b52ae6f9bc196726ff28c6b678fe8a0388924a41 6bd793cc7686a7b2009f69624ba4e7bed87a0e58bdd158cbb3b03b9f1dcc7461
EXPORTER_SECRET 14a38f141ddcb9fff61d1146b52ae6f9bc196726ff28c6b678fe8a0388924a41 08ce3518805ef0af8bfd2d770fee5c192e99a023d0b32e73a0af3c6e37f9fe68
CLIENT_EARLY_TRAFFIC_SECRET c3e8a8e2c3ceb7b0e001023be8173dee066d79f703f35c21006bc5d71f0eadf0 035a4aee5a3c87f53a6f8be5091339203a620725c0f6e8ee8033ce7569fd9ef5
EARLY_EXPORTER_SECRET c3e8a8e2c3ceb7b0e001023be8173dee066d79f703f35c21006bc5d71f0eadf0 807738ea8bfe3c3b022a1975aa5bba8d9670e37fa6b38f13e0aa6fa13bdd8775
CLIENT_HANDSHAKE_TRAFFIC_SECRET c3e8a8e2c3ceb7b0e001023be8173dee066d79f703f35c21006bc5d71f0eadf0 95436a30ce26638f49fe78c587ae45d0ff04737caf0a78d506e7217c6c1f1fc1
SERVER_HANDSHAKE_TRAFFIC_SECRET c3e8a8e2c3ceb7b0e001023be8173dee066d79f703f35c21006bc5d71f0eadf0 1aa379c03b909fbbfc156e5a726bf9317f907db21a5bab8ef707d7736e852f77
CLIENT_TRAFFIC_SECRET_0 c3e8a8e2c3ceb7b0e001023be8173dee066d79f703f35c21006bc5d71f0eadf0 8656ee3d33921145a439a60e6547536f66b00eda52813c7e8e03d201f1bd5c29
SERVER_TRAFFIC_SECRET_0 c3e8a8e2c3ceb7b0e001023be8173dee066d79f703f35c21006bc5d71f0eadf0 5406862576511884bfc464867869fb059007955ef4bbc5e6be09f7e688af13b7
EXPORTER_SECRET c3e8a8e2c3ceb7b0e001023be8173dee066d79f703f35c21006bc5d71f0eadf0 c2a0f0a22f272735177d87f94a7415b403297c78d86cebed9c0b32d19921c6d3
CLIENT_HANDSHAKE_TRAFFIC_SECRET 1bcc327d0447b590e6faff411691adc0cc27e329a5464ad28154c7c5be689e89 0fbc5e283c7c7107d7ae8d51f6f5157bf83744ba862fde41aadee7e19565f024
SERVER_HANDSHAKE_TRAFFIC_SECRET 1bcc327d0447b590e6faff411691adc0cc27e329a5464ad28154c7c5be689e89 83d598182a252f4346542a8a1a162fce70b22feb8ad146760f243705e7873fa7
CLIENT_TRAFFIC_SECRET_0 1bcc327d0447b590e6faff411691adc0cc27e329a5464ad28154c7c5be689e89 71be20f1da3fa0ed913cb265b86452a39750a6fac89baea149dcacfc789dd017
SERVER_TRAFFIC_SECRET_0 1bcc327d0447b590e6faff411691adc0cc27e329a5464ad28154c7c5be689e89 ddf819e23bc9c794bb78404e5fe55d1d0cbf48328cb677cc78e2507c5b6fdcd6
EXPORTER_SECRET 1bcc327d0447b590e6faff411691adc0cc27e329a5464ad28154c7c5be689e89 4f70c4f37951194d8e1037365b75fea7c6d1b66a93ed76fd556b747ef6044665
